[INF|CNTNR|___|_] Feature flags 00000006, entrypoint f6d6a6df
[INF|RUNTM|___|_] BlockCache initialized @0xf5c05088
[INF|RUNTM|___|_] BlockCache hashtable @0xf4bc5000
[INF|BRHND|___|_] [BranchHandler] next instr 0xf6d6a6df
[INF|BRHND|___|_] [Parent] BH direction advance
[DBG|_____|___|_] ## this: f5c050ac
[INF|CNTNR|___|_] Added detour from 0xf6b276c0 to 0xf6a6d3b0
[DBG|_____|___|_] ## this: f5c050ac
[INF|CNTNR|___|_] Added detour from 0xf6b25510 to 0xf6a6d3b0
[DBG|_____|___|_] ## this: f5c050ac
[INF|CNTNR|___|_] Added detour from 0xf6b1ac40 to 0xf6a6d3b0
[DBG|_____|___|_] ## this: f5c050ac
[INF|CNTNR|___|_] Added detour from 0xf6b1a740 to 0xf6a6d440
[DBG|_____|___|_] ## this: f5c050ac
[INF|CNTNR|___|_] Added detour from 0xf6b19540 to 0xf6a6d440
[DBG|_____|___|_] ## this: f5c050ac
[INF|CNTNR|___|_] Added detour from 0xf6a85970 to 0xf6a6cc80
[DBG|_____|___|_] ## this: f5c050ac
[INF|CNTNR|___|_] Added detour from 0xf6b34e20 to 0xf6a6cc80
[DBG|_____|___|_] ## this: f5c050ac
[INF|CNTNR|___|_] Added detour from 0xf6b30c80 to 0xf6a6ce60
[DBG|_____|___|_] ## this: f5c050ac
[INF|CNTNR|___|_] Added detour from 0xf6b32a40 to 0xf6a6ce60
[DBG|_____|___|_] ## this: f5c050ac
[INF|CNTNR|___|_] Added detour from 0xf6b243e0 to 0xf6a6d1a0
[DBG|_____|___|_] ## this: f5c050ac
[INF|CNTNR|___|_] Added detour from 0xf6b201b0 to 0xf6a6d1a0
[DBG|_____|___|_] ## this: f5c050ac
[INF|CNTNR|___|_] Added detour from 0xf6b1ba20 to 0xf6a6d1a0
[DBG|_____|___|_] ## this: f5c050ac
[INF|CNTNR|___|_] Added detour from 0xf6b243f0 to 0xf6a6d1b0
[DBG|_____|___|_] ## this: f5c050ac
[INF|CNTNR|___|_] Added detour from 0xf6b201c0 to 0xf6a6d1b0
[DBG|_____|___|_] ## this: f5c050ac
[INF|CNTNR|___|_] Added detour from 0xf6b1ba30 to 0xf6a6d1b0
[DBG|_____|___|_] ## this: f5c050ac
[INF|CNTNR|___|_] Added detour from 0xf6a85cc0 to 0xf6a86060
[DBG|_____|___|_] ## this: f5c050ac
[INF|CNTNR|___|_] Added detour from 0xf6b35390 to 0xf6a86060
[DBG|_____|___|_] ## this: f5c050ac
[INF|CNTNR|___|_] Added detour from 0xf6b1a1b0 to 0xf6a6d250
[DBG|_____|___|_] ## this: f5c050ac
[INF|CNTNR|___|_] Added detour from 0xf6b19b30 to 0xf6a6d250
[DBG|_____|___|_] ## this: f5c050ac
[INF|CNTNR|___|_] Added detour from 0xf6b1a1c0 to 0xf6a6d260
[DBG|_____|___|_] ## this: f5c050ac
[INF|CNTNR|___|_] Added detour from 0xf6b19b40 to 0xf6a6d260
[DBG|_____|___|_] ## this: f5c050ac
[INF|CNTNR|___|_] Added detour from 0xf6a86130 to 0xf6a6f3f0
[DBG|_____|___|_] ## this: f5c050ac
[INF|CNTNR|___|_] Added detour from 0xf6b35b30 to 0xf6a6f3f0
[DBG|_____|___|_] ## this: f5c050ac
[INF|CNTNR|___|_] Added detour from 0xf6a7a3f0 to 0xf6a6d610
[DBG|_____|___|_] ## this: f5c050ac
[INF|CNTNR|___|_] Added detour from 0xf6a7ec90 to 0xf6a6d610
[DBG|_____|___|_] ## this: f5c050ac
[INF|CNTNR|___|_] Added detour from 0xf6a78b80 to 0xf6a6d530
[DBG|_____|___|_] ## this: f5c050ac
[INF|CNTNR|___|_] Added detour from 0xf6a7e680 to 0xf6a6d530
[DBG|_____|___|_] ## this: f5c050ac
[INF|CNTNR|___|_] Added detour from 0xf6b31810 to 0xf6a86440
[DBG|_____|___|_] ## this: f5c050ac
[INF|CNTNR|___|_] Added detour from 0xf6b2b620 to 0xf6a86440
[DBG|_____|___|_] ## this: f5c050ac
[INF|CNTNR|___|_] Added detour from 0xf6b31840 to 0xf6a863f0
[DBG|_____|___|_] ## this: f5c050ac
[INF|CNTNR|___|_] Added detour from 0xf6b2b650 to 0xf6a863f0
[DBG|_____|___|_] ## this: f5c050ac
[INF|CNTNR|___|_] Added detour from 0xf6a7fd80 to 0xf6a6ada0
[DBG|_____|___|_] ## this: f5c050ac
[INF|CNTNR|___|_] Added detour from 0xf6a817f0 to 0xf6a6ada0
[DBG|_____|___|_] ## this: f5c050ac
[INF|CNTNR|___|_] Added detour from 0xf6a85670 to 0xf6a6af90
[DBG|_____|___|_] ## this: f5c050ac
[INF|CNTNR|___|_] Added detour from 0xf6b34410 to 0xf6a6af90
[DBG|_____|___|_] ## this: f5c050ac
[INF|CNTNR|___|_] Added detour from 0xf6b306b0 to 0xf6a6b1a0
[DBG|_____|___|_] ## this: f5c050ac
[INF|CNTNR|___|_] Added detour from 0xf6b287c0 to 0xf6a6b1a0
[DBG|_____|___|_] ## this: f5c050ac
[INF|CNTNR|___|_] Added detour from 0xf6a747c0 to 0xf6a6b250
[DBG|_____|___|_] ## this: f5c050ac
[INF|CNTNR|___|_] Added detour from 0xf6a7d060 to 0xf6a6b250
[DBG|_____|___|_] ## this: f5c050ac
[INF|CNTNR|___|_] Added detour from 0xf6b322c0 to 0xf6a6b310
[DBG|_____|___|_] ## this: f5c050ac
[INF|CNTNR|___|_] Added detour from 0xf6b31d10 to 0xf6a86500
[DBG|_____|___|_] ## this: f5c050ac
[INF|CNTNR|___|_] Added detour from 0xf6b2db30 to 0xf6a86500
[DBG|_____|___|_] ## this: f5c050ac
[INF|CNTNR|___|_] Added detour from 0xf6b31d40 to 0xf6a864a0
[DBG|_____|___|_] ## this: f5c050ac
[INF|CNTNR|___|_] Added detour from 0xf6b2db60 to 0xf6a864a0
[DBG|_____|___|_] ## this: f5c050ac
[INF|CNTNR|___|_] Added detour from 0xf6a82080 to 0xf6a85620
[DBG|_____|___|_] ## this: f5c050ac
[INF|CNTNR|___|_] Added detour from 0xf6a849f0 to 0xf6a85620
[DBG|_____|___|_] ## this: f5c050ac
[INF|CNTNR|___|_] Added detour from 0xf6a76010 to 0xf6a74760
[DBG|_____|___|_] ## this: f5c050ac
[INF|CNTNR|___|_] Added detour from 0xf6a7d650 to 0xf6a74760
[DBG|_____|___|_] ## this: f5c050ac
[INF|CNTNR|___|_] Added detour from 0xf6b35e50 to 0xf6a86350
[DBG|_____|___|_] ## this: f5c050ac
[INF|CNTNR|___|_] Added detour from 0xf6b32430 to 0xf6a6bc30
[DBG|_____|___|_] ## this: f5c050ac
[INF|CNTNR|___|_] Added detour from 0xf6a85780 to 0xf6a6ba40
[DBG|_____|___|_] ## this: f5c050ac
[INF|CNTNR|___|_] Added detour from 0xf6b347f0 to 0xf6a6ba40
[DBG|_____|___|_] ## this: f5c050ac
[INF|CNTNR|___|_] Added detour from 0xf6b32570 to 0xf6a6bfd0
[DBG|_____|___|_] ## this: f5c050ac
[INF|CNTNR|___|_] Added detour from 0xf6b36b40 to 0xf6a96710
[DBG|_____|___|_] ## this: f5c050ac
[INF|CNTNR|___|_] Added detour from 0xf6a956b0 to 0xf6a963a0
[DBG|_____|___|_] ## this: f5c050ac
[INF|CNTNR|___|_] Added detour from 0xf6b36fe0 to 0xf6a96760
[DBG|_____|___|_] ## this: f5c050ac
[INF|CNTNR|___|_] Added detour from 0xf6a963e0 to 0xf6a965e0
[DBG|_____|___|_] ## this: f5c050ac
[INF|CNTNR|___|_] Added detour from 0xf6b36d20 to 0xf6a96740
[DBG|_____|___|_] ## this: f5c050ac
[INF|CNTNR|___|_] Added detour from 0xf6b326a0 to 0xf6a96650
[DBG|_____|___|_] ## this: f5c050ac
[INF|CNTNR|___|_] Added detour from 0xf6b36540 to 0xf6a96650
[DBG|_____|___|_] ## this: f5c050ac
[INF|CNTNR|___|_] Added detour from 0xf6b22410 to 0xf6a6d8c0
[DBG|_____|___|_] ## this: f5c050ac
[INF|CNTNR|___|_] Added detour from 0xf6b1c1d0 to 0xf6a6d8c0
[DBG|_____|___|_] ## this: f5c050ac
[INF|CNTNR|___|_] Added detour from 0xf6b1b3e0 to 0xf6a6d8c0
[DBG|_____|___|_] ## this: f5c050ac
[INF|CNTNR|___|_] Added detour from 0xf6b22420 to 0xf6a6d8d0
[DBG|_____|___|_] ## this: f5c050ac
[INF|CNTNR|___|_] Added detour from 0xf6b1c1e0 to 0xf6a6d8d0
[DBG|_____|___|_] ## this: f5c050ac
[INF|CNTNR|___|_] Added detour from 0xf6b1b3f0 to 0xf6a6d8d0
[DBG|_____|___|_] ## this: f5c050ac
[INF|CNTNR|___|_] Added detour from 0xf6b233f0 to 0xf6a6d310
[DBG|_____|___|_] ## this: f5c050ac
[INF|CNTNR|___|_] Added detour from 0xf6b1e1d0 to 0xf6a6d310
[DBG|_____|___|_] ## this: f5c050ac
[INF|CNTNR|___|_] Added detour from 0xf6b1b700 to 0xf6a6d310
[DBG|_____|___|_] ## this: f5c050ac
[INF|CNTNR|___|_] Added detour from 0xf6b23400 to 0xf6a6d320
[DBG|_____|___|_] ## this: f5c050ac
[INF|CNTNR|___|_] Added detour from 0xf6b1e1e0 to 0xf6a6d320
[DBG|_____|___|_] ## this: f5c050ac
[INF|CNTNR|___|_] Added detour from 0xf6b1b710 to 0xf6a6d320
[DBG|_____|___|_] ## this: f5c050ac
[INF|CNTNR|___|_] Added detour from 0xf6a74690 to 0xf6a6b820
[DBG|_____|___|_] ## this: f5c050ac
[INF|CNTNR|___|_] Added detour from 0xf6b340f0 to 0xf6a6b820
[DBG|_____|___|_] ## this: f5c050ac
[INF|CNTNR|___|_] Added detour from 0xf6b30940 to 0xf6a745d0
[DBG|_____|___|_] ## this: f5c050ac
[INF|CNTNR|___|_] Added detour from 0xf6b29c30 to 0xf6a745d0
[DBG|_____|___|_] ## this: f5c050ac
[INF|CNTNR|___|_] Added detour from 0xf6b276c0 to 0xf6a6d3b0
[DBG|_____|___|_] ## this: f5c050ac
[INF|CNTNR|___|_] Added detour from 0xf6b25510 to 0xf6a6d3b0
[DBG|_____|___|_] ## this: f5c050ac
[INF|CNTNR|___|_] Added detour from 0xf6b1ac40 to 0xf6a6d3b0
[DBG|_____|___|_] ## this: f5c050ac
[INF|CNTNR|___|_] Added detour from 0xf6b1a740 to 0xf6a6d440
[DBG|_____|___|_] ## this: f5c050ac
[INF|CNTNR|___|_] Added detour from 0xf6b19540 to 0xf6a6d440
[DBG|_____|___|_] ## this: f5c050ac
[INF|CNTNR|___|_] Added detour from 0xf6a85970 to 0xf6a6cc80
[DBG|_____|___|_] ## this: f5c050ac
[INF|CNTNR|___|_] Added detour from 0xf6b34e20 to 0xf6a6cc80
[DBG|_____|___|_] ## this: f5c050ac
[INF|CNTNR|___|_] Added detour from 0xf6b30c80 to 0xf6a6ce60
[DBG|_____|___|_] ## this: f5c050ac
[INF|CNTNR|___|_] Added detour from 0xf6b32a40 to 0xf6a6ce60
[DBG|_____|___|_] ## this: f5c050ac
[INF|CNTNR|___|_] Added detour from 0xf6b243e0 to 0xf6a6d1a0
[DBG|_____|___|_] ## this: f5c050ac
[INF|CNTNR|___|_] Added detour from 0xf6b201b0 to 0xf6a6d1a0
[DBG|_____|___|_] ## this: f5c050ac
[INF|CNTNR|___|_] Added detour from 0xf6b1ba20 to 0xf6a6d1a0
[DBG|_____|___|_] ## this: f5c050ac
[INF|CNTNR|___|_] Added detour from 0xf6b243f0 to 0xf6a6d1b0
[DBG|_____|___|_] ## this: f5c050ac
[INF|CNTNR|___|_] Added detour from 0xf6b201c0 to 0xf6a6d1b0
[DBG|_____|___|_] ## this: f5c050ac
[INF|CNTNR|___|_] Added detour from 0xf6b1ba30 to 0xf6a6d1b0
[DBG|_____|___|_] ## this: f5c050ac
[INF|CNTNR|___|_] Added detour from 0xf6a85cc0 to 0xf6a86060
[DBG|_____|___|_] ## this: f5c050ac
[INF|CNTNR|___|_] Added detour from 0xf6b35390 to 0xf6a86060
[DBG|_____|___|_] ## this: f5c050ac
[INF|CNTNR|___|_] Added detour from 0xf6b1a1b0 to 0xf6a6d250
[DBG|_____|___|_] ## this: f5c050ac
[INF|CNTNR|___|_] Added detour from 0xf6b19b30 to 0xf6a6d250
[DBG|_____|___|_] ## this: f5c050ac
[INF|CNTNR|___|_] Added detour from 0xf6b1a1c0 to 0xf6a6d260
[DBG|_____|___|_] ## this: f5c050ac
[INF|CNTNR|___|_] Added detour from 0xf6b19b40 to 0xf6a6d260
[DBG|_____|___|_] ## this: f5c050ac
[INF|CNTNR|___|_] Added detour from 0xf6a86130 to 0xf6a6f3f0
[DBG|_____|___|_] ## this: f5c050ac
[INF|CNTNR|___|_] Added detour from 0xf6b35b30 to 0xf6a6f3f0
[DBG|_____|___|_] ## this: f5c050ac
[INF|CNTNR|___|_] Added detour from 0xf6a7a3f0 to 0xf6a6d610
[DBG|_____|___|_] ## this: f5c050ac
[INF|CNTNR|___|_] Added detour from 0xf6a7ec90 to 0xf6a6d610
[DBG|_____|___|_] ## this: f5c050ac
[INF|CNTNR|___|_] Added detour from 0xf6a78b80 to 0xf6a6d530
[DBG|_____|___|_] ## this: f5c050ac
[INF|CNTNR|___|_] Added detour from 0xf6a7e680 to 0xf6a6d530
[DBG|_____|___|_] ## this: f5c050ac
[INF|CNTNR|___|_] Added detour from 0xf6b31810 to 0xf6a86440
[DBG|_____|___|_] ## this: f5c050ac
[INF|CNTNR|___|_] Added detour from 0xf6b2b620 to 0xf6a86440
[DBG|_____|___|_] ## this: f5c050ac
[INF|CNTNR|___|_] Added detour from 0xf6b31840 to 0xf6a863f0
[DBG|_____|___|_] ## this: f5c050ac
[INF|CNTNR|___|_] Added detour from 0xf6b2b650 to 0xf6a863f0
[DBG|_____|___|_] ## this: f5c050ac
[INF|CNTNR|___|_] Added detour from 0xf6a7fd80 to 0xf6a6ada0
[DBG|_____|___|_] ## this: f5c050ac
[INF|CNTNR|___|_] Added detour from 0xf6a817f0 to 0xf6a6ada0
[DBG|_____|___|_] ## this: f5c050ac
[INF|CNTNR|___|_] Added detour from 0xf6a85670 to 0xf6a6af90
[DBG|_____|___|_] ## this: f5c050ac
[INF|CNTNR|___|_] Added detour from 0xf6b34410 to 0xf6a6af90
[DBG|_____|___|_] ## this: f5c050ac
[INF|CNTNR|___|_] Added detour from 0xf6b306b0 to 0xf6a6b1a0
[DBG|_____|___|_] ## this: f5c050ac
[INF|CNTNR|___|_] Added detour from 0xf6b287c0 to 0xf6a6b1a0
[DBG|_____|___|_] ## this: f5c050ac
[INF|CNTNR|___|_] Added detour from 0xf6a747c0 to 0xf6a6b250
[DBG|_____|___|_] ## this: f5c050ac
[INF|CNTNR|___|_] Added detour from 0xf6a7d060 to 0xf6a6b250
[DBG|_____|___|_] ## this: f5c050ac
[INF|CNTNR|___|_] Added detour from 0xf6b322c0 to 0xf6a6b310
[DBG|_____|___|_] ## this: f5c050ac
[INF|CNTNR|___|_] Added detour from 0xf6b31d10 to 0xf6a86500
[DBG|_____|___|_] ## this: f5c050ac
[INF|CNTNR|___|_] Added detour from 0xf6b2db30 to 0xf6a86500
[DBG|_____|___|_] ## this: f5c050ac
[INF|CNTNR|___|_] Added detour from 0xf6b31d40 to 0xf6a864a0
[DBG|_____|___|_] ## this: f5c050ac
[INF|CNTNR|___|_] Added detour from 0xf6b2db60 to 0xf6a864a0
[DBG|_____|___|_] ## this: f5c050ac
[INF|CNTNR|___|_] Added detour from 0xf6a82080 to 0xf6a85620
[DBG|_____|___|_] ## this: f5c050ac
[INF|CNTNR|___|_] Added detour from 0xf6a849f0 to 0xf6a85620
[DBG|_____|___|_] ## this: f5c050ac
[INF|CNTNR|___|_] Added detour from 0xf6a76010 to 0xf6a74760
[DBG|_____|___|_] ## this: f5c050ac
[INF|CNTNR|___|_] Added detour from 0xf6a7d650 to 0xf6a74760
[DBG|_____|___|_] ## this: f5c050ac
[INF|CNTNR|___|_] Added detour from 0xf6b35e50 to 0xf6a86350
[DBG|_____|___|_] ## this: f5c050ac
[INF|CNTNR|___|_] Added detour from 0xf6b32430 to 0xf6a6bc30
[DBG|_____|___|_] ## this: f5c050ac
[INF|CNTNR|___|_] Added detour from 0xf6a85780 to 0xf6a6ba40
[DBG|_____|___|_] ## this: f5c050ac
[INF|CNTNR|___|_] Added detour from 0xf6b347f0 to 0xf6a6ba40
[DBG|_____|___|_] ## this: f5c050ac
[INF|CNTNR|___|_] Added detour from 0xf6b32570 to 0xf6a6bfd0
[DBG|_____|___|_] ## this: f5c050ac
[INF|CNTNR|___|_] Added detour from 0xf6b36b40 to 0xf6a96710
[DBG|_____|___|_] ## this: f5c050ac
[INF|CNTNR|___|_] Added detour from 0xf6a956b0 to 0xf6a963a0
[DBG|_____|___|_] ## this: f5c050ac
[INF|CNTNR|___|_] Added detour from 0xf6b36fe0 to 0xf6a96760
[DBG|_____|___|_] ## this: f5c050ac
[INF|CNTNR|___|_] Added detour from 0xf6a963e0 to 0xf6a965e0
[DBG|_____|___|_] ## this: f5c050ac
[INF|CNTNR|___|_] Added detour from 0xf6b36d20 to 0xf6a96740
[DBG|_____|___|_] ## this: f5c050ac
[INF|CNTNR|___|_] Added detour from 0xf6b326a0 to 0xf6a96650
[DBG|_____|___|_] ## this: f5c050ac
[INF|CNTNR|___|_] Added detour from 0xf6b36540 to 0xf6a96650
[DBG|_____|___|_] ## this: f5c050ac
[INF|CNTNR|___|_] Added detour from 0xf6b22410 to 0xf6a6d8c0
[DBG|_____|___|_] ## this: f5c050ac
[INF|CNTNR|___|_] Added detour from 0xf6b1c1d0 to 0xf6a6d8c0
[DBG|_____|___|_] ## this: f5c050ac
[INF|CNTNR|___|_] Added detour from 0xf6b1b3e0 to 0xf6a6d8c0
[DBG|_____|___|_] ## this: f5c050ac
[INF|CNTNR|___|_] Added detour from 0xf6b22420 to 0xf6a6d8d0
[DBG|_____|___|_] ## this: f5c050ac
[INF|CNTNR|___|_] Added detour from 0xf6b1c1e0 to 0xf6a6d8d0
[DBG|_____|___|_] ## this: f5c050ac
[INF|CNTNR|___|_] Added detour from 0xf6b1b3f0 to 0xf6a6d8d0
[DBG|_____|___|_] ## this: f5c050ac
[INF|CNTNR|___|_] Added detour from 0xf6b233f0 to 0xf6a6d310
[DBG|_____|___|_] ## this: f5c050ac
[INF|CNTNR|___|_] Added detour from 0xf6b1e1d0 to 0xf6a6d310
[DBG|_____|___|_] ## this: f5c050ac
[INF|CNTNR|___|_] Added detour from 0xf6b1b700 to 0xf6a6d310
[DBG|_____|___|_] ## this: f5c050ac
[INF|CNTNR|___|_] Added detour from 0xf6b23400 to 0xf6a6d320
[DBG|_____|___|_] ## this: f5c050ac
[INF|CNTNR|___|_] Added detour from 0xf6b1e1e0 to 0xf6a6d320
[DBG|_____|___|_] ## this: f5c050ac
[INF|CNTNR|___|_] Added detour from 0xf6b1b710 to 0xf6a6d320
[DBG|_____|___|_] ## this: f5c050ac
[INF|CNTNR|___|_] Added detour from 0xf6a74690 to 0xf6a6b820
[DBG|_____|___|_] ## this: f5c050ac
[INF|CNTNR|___|_] Added detour from 0xf6b340f0 to 0xf6a6b820
[DBG|_____|___|_] ## this: f5c050ac
[INF|CNTNR|___|_] Added detour from 0xf6b30940 to 0xf6a745d0
[DBG|_____|___|_] ## this: f5c050ac
[INF|CNTNR|___|_] Added detour from 0xf6b29c30 to 0xf6a745d0
[DBG|_____|___|_] ## this: f5c050ac
[INF|CNTNR|___|_] STOPPER: 0xf688aeee.
[INF|BRHND|___|_] [BranchHandler] next instr 0xf6d6a620
[INF|BRHND|___|_] [Parent] BH direction advance
[DBG|_____|___|_] ## this: f5c050ac
[INF|BRHND|___|_] [BranchHandler] next instr 0xf6d6a62c
[INF|BRHND|___|_] [Parent] BH direction advance
[DBG|_____|___|_] ## this: f5c050ac
[INF|BRHND|___|_] [BranchHandler] next instr 0xf6d6a650
[INF|BRHND|___|_] [Parent] BH direction advance
[DBG|_____|___|_] ## this: f5c050ac
[INF|BRHND|___|_] [BranchHandler] next instr 0xf6d6a638
[INF|BRHND|___|_] [Parent] BH direction advance
[DBG|_____|___|_] ## this: f5c050ac
[INF|BRHND|___|_] [BranchHandler] next instr 0xf6aea410
[INF|BRHND|___|_] [Parent] BH direction advance
[DBG|_____|___|_] ## this: f5c050ac
[INF|BRHND|___|_] [BranchHandler] next instr 0xf6b14285
[INF|BRHND|___|_] [Parent] BH direction advance
[DBG|_____|___|_] ## this: f5c050ac
[INF|BRHND|___|_] [BranchHandler] next instr 0xf6aea41b
[INF|BRHND|___|_] [Parent] BH direction advance
[DBG|_____|___|_] ## this: f5c050ac
[INF|BRHND|___|_] [BranchHandler] next instr 0xf6aea435
[INF|BRHND|___|_] [Parent] BH direction advance
[DBG|_____|___|_] ## this: f5c050ac
[INF|BRHND|___|_] [BranchHandler] next instr 0xf6aea447
[INF|BRHND|___|_] [Parent] BH direction advance
[DBG|_____|___|_] ## this: f5c050ac
[INF|BRHND|___|_] [BranchHandler] next instr 0xf6aea456
[INF|BRHND|___|_] [Parent] BH direction advance
[DBG|_____|___|_] ## this: f5c050ac
[INF|BRHND|___|_] [BranchHandler] next instr 0xf6aea463
[INF|BRHND|___|_] [Parent] BH direction advance
[DBG|_____|___|_] ## this: f5c050ac
[INF|BRHND|___|_] [BranchHandler] next instr 0xf6aea477
[INF|BRHND|___|_] [Parent] BH direction advance
[DBG|_____|___|_] ## this: f5c050ac
[INF|BRHND|___|_] [BranchHandler] next instr 0xf6a38bc0
[INF|BRHND|___|_] [Parent] BH direction advance
[DBG|_____|___|_] ## this: f5c050ac
[INF|BRHND|___|_] [BranchHandler] next instr 0xf6b14285
[INF|BRHND|___|_] [Parent] BH direction advance
[INF|BRHND|___|_] [BranchHandler] next instr 0xf6a38bcb
[INF|BRHND|___|_] [Parent] BH direction advance
[DBG|_____|___|_] ## this: f5c050ac
[INF|BRHND|___|_] [BranchHandler] next instr 0xf6a38bfd
[INF|BRHND|___|_] [Parent] BH direction advance
[DBG|_____|___|_] ## this: f5c050ac
[INF|BRHND|___|_] [BranchHandler] next instr 0xf6a38c0b
[INF|BRHND|___|_] [Parent] BH direction advance
[DBG|_____|___|_] ## this: f5c050ac
[INF|BRHND|___|_] [BranchHandler] next instr 0xf6a38de8
[INF|BRHND|___|_] [Parent] BH direction advance
[DBG|_____|___|_] ## this: f5c050ac
[INF|BRHND|___|_] [BranchHandler] next instr 0xf6a38c23
[INF|BRHND|___|_] [Parent] BH direction advance
[DBG|_____|___|_] ## this: f5c050ac
[INF|BRHND|___|_] [BranchHandler] next instr 0xf6a38c37
[INF|BRHND|___|_] [Parent] BH direction advance
[DBG|_____|___|_] ## this: f5c050ac
[INF|BRHND|___|_] [BranchHandler] next instr 0xf6a38c42
[INF|BRHND|___|_] [Parent] BH direction advance
[DBG|_____|___|_] ## this: f5c050ac
[INF|BRHND|___|_] [BranchHandler] next instr 0xf6a38c4e
[INF|BRHND|___|_] [Parent] BH direction advance
[DBG|_____|___|_] ## this: f5c050ac
[INF|BRHND|___|_] [BranchHandler] next instr 0xf6a38c5c
[INF|BRHND|___|_] [Parent] BH direction advance
[DBG|_____|___|_] ## this: f5c050ac
[INF|BRHND|___|_] [BranchHandler] next instr 0xf6a38e18
[INF|BRHND|___|_] [Parent] BH direction advance
[DBG|_____|___|_] ## this: f5c050ac
[INF|BRHND|___|_] [BranchHandler] next instr 0xf6a38e1d
[INF|BRHND|___|_] [Parent] BH direction advance
[DBG|_____|___|_] ## this: f5c050ac
[INF|BRHND|___|_] [BranchHandler] next instr 0xf6a38c6e
[INF|BRHND|___|_] [Parent] BH direction advance
[DBG|_____|___|_] ## this: f5c050ac
[INF|BRHND|___|_] [BranchHandler] next instr 0xf6a38c7a
[INF|BRHND|___|_] [Parent] BH direction advance
[DBG|_____|___|_] ## this: f5c050ac
[INF|BRHND|___|_] [BranchHandler] next instr 0xf6a6f4c0
[INF|BRHND|___|_] [Parent] BH direction advance
[DBG|_____|___|_] ## this: f5c050ac
[INF|BRHND|___|_] [BranchHandler] next instr 0xf6a6f523
[INF|BRHND|___|_] [Parent] BH direction advance
[DBG|_____|___|_] ## this: f5c050ac
[INF|BRHND|___|_] [BranchHandler] next instr 0xf6a6f534
[INF|BRHND|___|_] [Parent] BH direction advance
[DBG|_____|___|_] ## this: f5c050ac
[INF|BRHND|___|_] [BranchHandler] next instr 0xf6a6f5ff
[INF|BRHND|___|_] [Parent] BH direction advance
[DBG|_____|___|_] ## this: f5c050ac
[INF|BRHND|___|_] [BranchHandler] next instr 0xf6a6f61d
[INF|BRHND|___|_] [Parent] BH direction advance
[DBG|_____|___|_] ## this: f5c050ac
[INF|BRHND|___|_] [BranchHandler] next instr 0xf6a38c90
[INF|BRHND|___|_] [Parent] BH direction advance
[DBG|_____|___|_] ## this: f5c050ac
[INF|BRHND|___|_] [BranchHandler] next instr 0xf6a38cb1
[INF|BRHND|___|_] [Parent] BH direction advance
[DBG|_____|___|_] ## this: f5c050ac
[INF|BRHND|___|_] [BranchHandler] next instr 0xf6a38f00
[INF|BRHND|___|_] [Parent] BH direction advance
[DBG|_____|___|_] ## this: f5c050ac
[INF|BRHND|___|_] [BranchHandler] next instr 0xf6d536f0
[INF|BRHND|___|_] [Parent] BH direction advance
[DBG|_____|___|_] ## this: f5c050ac
[INF|BRHND|___|_] [BranchHandler] next instr 0xf6d53719
[INF|BRHND|___|_] [Parent] BH direction advance
[DBG|_____|___|_] ## this: f5c050ac
[INF|BRHND|___|_] [BranchHandler] next instr 0xf6a38f29
[INF|BRHND|___|_] [Parent] BH direction advance
[DBG|_____|___|_] ## this: f5c050ac
[INF|BRHND|___|_] [BranchHandler] next instr 0xf6a38cdd
[INF|BRHND|___|_] [Parent] BH direction advance
[DBG|_____|___|_] ## this: f5c050ac
[INF|BRHND|___|_] [BranchHandler] next instr 0xf6a38d16
[INF|BRHND|___|_] [Parent] BH direction advance
[DBG|_____|___|_] ## this: f5c050ac
[INF|BRHND|___|_] [BranchHandler] next instr 0xf6a5f9f0
[INF|BRHND|___|_] [Parent] BH direction advance
[DBG|_____|___|_] ## this: f5c050ac
[INF|BRHND|___|_] [BranchHandler] next instr 0xf6a5fa60
[INF|BRHND|___|_] [Parent] BH direction advance
[DBG|_____|___|_] ## this: f5c050ac
[INF|BRHND|___|_] [BranchHandler] next instr 0xf6a38d47
[INF|BRHND|___|_] [Parent] BH direction advance
[DBG|_____|___|_] ## this: f5c050ac
[INF|BRHND|___|_] [BranchHandler] next instr 0xf6a38e60
[INF|BRHND|___|_] [Parent] BH direction advance
[DBG|_____|___|_] ## this: f5c050ac
[INF|BRHND|___|_] [BranchHandler] next instr 0xf6a38e6f
[INF|BRHND|___|_] [Parent] BH direction advance
[DBG|_____|___|_] ## this: f5c050ac
[INF|BRHND|___|_] [BranchHandler] next instr 0xf6a38f68
[INF|BRHND|___|_] [Parent] BH direction advance
[DBG|_____|___|_] ## this: f5c050ac
[INF|BRHND|___|_] [BranchHandler] next instr 0xf6a38f76
[INF|BRHND|___|_] [Parent] BH direction advance
[DBG|_____|___|_] ## this: f5c050ac
[INF|BRHND|___|_] [BranchHandler] next instr 0xf6a38fac
[INF|BRHND|___|_] [Parent] BH direction advance
[DBG|_____|___|_] ## this: f5c050ac
[INF|BRHND|___|_] [BranchHandler] next instr 0xf6a38fe9
[INF|BRHND|___|_] [Parent] BH direction advance
[DBG|_____|___|_] ## this: f5c050ac
[INF|BRHND|___|_] [BranchHandler] next instr 0xf6a39d8c
[INF|BRHND|___|_] [Parent] BH direction advance
[DBG|_____|___|_] ## this: f5c050ac
[INF|BRHND|___|_] [BranchHandler] next instr 0xf6a3ad32
[INF|BRHND|___|_] [Parent] BH direction advance
[DBG|_____|___|_] ## this: f5c050ac
[INF|BRHND|___|_] [BranchHandler] next instr 0xf6a3ada5
[INF|BRHND|___|_] [Parent] BH direction advance
[DBG|_____|___|_] ## this: f5c050ac
[INF|BRHND|___|_] [BranchHandler] next instr 0xf6a3adae
[INF|BRHND|___|_] [Parent] BH direction advance
[DBG|_____|___|_] ## this: f5c050ac
[INF|BRHND|___|_] [BranchHandler] next instr 0xf6a3ad47
[INF|BRHND|___|_] [Parent] BH direction advance
[DBG|_____|___|_] ## this: f5c050ac
[INF|BRHND|___|_] [BranchHandler] next instr 0xf6a399ce
[INF|BRHND|___|_] [Parent] BH direction advance
[DBG|_____|___|_] ## this: f5c050ac
[INF|BRHND|___|_] [BranchHandler] next instr 0xf6a39d44
[INF|BRHND|___|_] [Parent] BH direction advance
[DBG|_____|___|_] ## this: f5c050ac
[INF|BRHND|___|_] [BranchHandler] next instr 0xf6a39cd3
[INF|BRHND|___|_] [Parent] BH direction advance
[DBG|_____|___|_] ## this: f5c050ac
[INF|BRHND|___|_] [BranchHandler] next instr 0xf6a35d00
[INF|BRHND|___|_] [Parent] BH direction advance
[DBG|_____|___|_] ## this: f5c050ac
[INF|BRHND|___|_] [BranchHandler] next instr 0xf6b14289
[INF|BRHND|___|_] [Parent] BH direction advance
[DBG|_____|___|_] ## this: f5c050ac
[INF|BRHND|___|_] [BranchHandler] next instr 0xf6a35d05
[INF|BRHND|___|_] [Parent] BH direction advance
[DBG|_____|___|_] ## this: f5c050ac
[INF|BRHND|___|_] [BranchHandler] next instr 0xf6a35da0
[INF|BRHND|___|_] [Parent] BH direction advance
[DBG|_____|___|_] ## this: f5c050ac
[INF|BRHND|___|_] [BranchHandler] next instr 0xf6a35dc5
[INF|BRHND|___|_] [Parent] BH direction advance
[DBG|_____|___|_] ## this: f5c050ac
[INF|BRHND|___|_] [BranchHandler] next instr 0xf6a39cf8
[INF|BRHND|___|_] [Parent] BH direction advance
[DBG|_____|___|_] ## this: f5c050ac
[INF|BRHND|___|_] [BranchHandler] next instr 0xf6a39d14
[INF|BRHND|___|_] [Parent] BH direction advance
[DBG|_____|___|_] ## this: f5c050ac
[INF|BRHND|___|_] [BranchHandler] next instr 0xf6a39d21
[INF|BRHND|___|_] [Parent] BH direction advance
[DBG|_____|___|_] ## this: f5c050ac
[INF|BRHND|___|_] [BranchHandler] next instr 0xf6a3925e
[INF|BRHND|___|_] [Parent] BH direction advance
[DBG|_____|___|_] ## this: f5c050ac
[INF|BRHND|___|_] [BranchHandler] next instr 0xf6a39278
[INF|BRHND|___|_] [Parent] BH direction advance
[DBG|_____|___|_] ## this: f5c050ac
[INF|BRHND|___|_] [BranchHandler] next instr 0xf6a39286
[INF|BRHND|___|_] [Parent] BH direction advance
[DBG|_____|___|_] ## this: f5c050ac
[INF|BRHND|___|_] [BranchHandler] next instr 0xf6a3929f
[INF|BRHND|___|_] [Parent] BH direction advance
[DBG|_____|___|_] ## this: f5c050ac
[INF|BRHND|___|_] [BranchHandler] next instr 0xf6a39828
[INF|BRHND|___|_] [Parent] BH direction advance
[DBG|_____|___|_] ## this: f5c050ac
[INF|BRHND|___|_] [BranchHandler] next instr 0xf6a395b4
[INF|BRHND|___|_] [Parent] BH direction advance
[DBG|_____|___|_] ## this: f5c050ac
[INF|BRHND|___|_] [BranchHandler] next instr 0xf6a39797
[INF|BRHND|___|_] [Parent] BH direction advance
[DBG|_____|___|_] ## this: f5c050ac
[INF|BRHND|___|_] [BranchHandler] next instr 0xf6a3aefa
[INF|BRHND|___|_] [Parent] BH direction advance
[DBG|_____|___|_] ## this: f5c050ac
[INF|BRHND|___|_] [BranchHandler] next instr 0xf6a395d9
[INF|BRHND|___|_] [Parent] BH direction advance
[DBG|_____|___|_] ## this: f5c050ac
[INF|BRHND|___|_] [BranchHandler] next instr 0xf6a39764
[INF|BRHND|___|_] [Parent] BH direction advance
[DBG|_____|___|_] ## this: f5c050ac
[INF|BRHND|___|_] [BranchHandler] next instr 0xf6a39873
[INF|BRHND|___|_] [Parent] BH direction advance
[DBG|_____|___|_] ## this: f5c050ac
[INF|BRHND|___|_] [BranchHandler] next instr 0xf6a39621
[INF|BRHND|___|_] [Parent] BH direction advance
[DBG|_____|___|_] ## this: f5c050ac
[INF|BRHND|___|_] [BranchHandler] next instr 0xf6a3962f
[INF|BRHND|___|_] [Parent] BH direction advance
[DBG|_____|___|_] ## this: f5c050ac
[INF|BRHND|___|_] [BranchHandler] next instr 0xf6a396b3
[INF|BRHND|___|_] [Parent] BH direction advance
[DBG|_____|___|_] ## this: f5c050ac
[INF|BRHND|___|_] [BranchHandler] next instr 0xf6a3970a
[INF|BRHND|___|_] [Parent] BH direction advance
[DBG|_____|___|_] ## this: f5c050ac
[INF|BRHND|___|_] [BranchHandler] next instr 0xf6a39717
[INF|BRHND|___|_] [Parent] BH direction advance
[DBG|_____|___|_] ## this: f5c050ac
[INF|BRHND|___|_] [BranchHandler] next instr 0xf6a5f9f0
[INF|BRHND|___|_] [Parent] BH direction advance
[INF|BRHND|___|_] [BranchHandler] next instr 0xf6a5fa05
[INF|BRHND|___|_] [Parent] BH direction advance
[DBG|_____|___|_] ## this: f5c050ac
[INF|BRHND|___|_] [BranchHandler] next instr 0xf6a5fad0
[INF|BRHND|___|_] [Parent] BH direction advance
[DBG|_____|___|_] ## this: f5c050ac
[INF|BRHND|___|_] [BranchHandler] next instr 0xf6a5fae0
[INF|BRHND|___|_] [Parent] BH direction advance
[DBG|_____|___|_] ## this: f5c050ac
[INF|BRHND|___|_] [BranchHandler] next instr 0xf6a5faf0
[INF|BRHND|___|_] [Parent] BH direction advance
[DBG|_____|___|_] ## this: f5c050ac
[INF|BRHND|___|_] [BranchHandler] next instr 0xf6a5faf9
[INF|BRHND|___|_] [Parent] BH direction advance
[DBG|_____|___|_] ## this: f5c050ac
[INF|BRHND|___|_] [BranchHandler] next instr 0xf6a5fb08
[INF|BRHND|___|_] [Parent] BH direction advance
[DBG|_____|___|_] ## this: f5c050ac
[INF|BRHND|___|_] [BranchHandler] next instr 0xf6a5fb0c
[INF|BRHND|___|_] [Parent] BH direction advance
[DBG|_____|___|_] ## this: f5c050ac
[INF|BRHND|___|_] [BranchHandler] next instr 0xf6a5fa2d
[INF|BRHND|___|_] [Parent] BH direction advance
[DBG|_____|___|_] ## this: f5c050ac
[INF|BRHND|___|_] [BranchHandler] next instr 0xf6a6d320
[INF|BRHND|___|_] [Parent] BH direction advance
[DBG|_____|___|_] ## this: f5c050ac
[INF|BRHND|___|_] [BranchHandler] next instr 0xf6a6d335
[INF|BRHND|___|_] [Parent] BH direction advance
[DBG|_____|___|_] ## this: f5c050ac
[INF|BRHND|___|_] [BranchHandler] next instr 0xf6a6d33c
[INF|BRHND|___|_] [Parent] BH direction advance
[DBG|_____|___|_] ## this: f5c050ac
[INF|BRHND|___|_] [BranchHandler] next instr 0xf6a5fa44
[INF|BRHND|___|_] [Parent] BH direction advance
[DBG|_____|___|_] ## this: f5c050ac
[INF|BRHND|___|_] [BranchHandler] next instr 0xf6a5fa5c
[INF|BRHND|___|_] [Parent] BH direction advance
[DBG|_____|___|_] ## this: f5c050ac
[INF|BRHND|___|_] [BranchHandler] next instr 0xf6a39735
[INF|BRHND|___|_] [Parent] BH direction advance
[DBG|_____|___|_] ## this: f5c050ac
[INF|BRHND|___|_] [BranchHandler] next instr 0xf6a39740
[INF|BRHND|___|_] [Parent] BH direction advance
[DBG|_____|___|_] ## this: f5c050ac
[INF|BRHND|___|_] [BranchHandler] next instr 0xf6a39753
[INF|BRHND|___|_] [Parent] BH direction advance
[DBG|_____|___|_] ## this: f5c050ac
[INF|BRHND|___|_] [BranchHandler] next instr 0xf6a394c9
[INF|BRHND|___|_] [Parent] BH direction advance
[DBG|_____|___|_] ## this: f5c050ac
[INF|BRHND|___|_] [BranchHandler] next instr 0xf6a394e6
[INF|BRHND|___|_] [Parent] BH direction advance
[DBG|_____|___|_] ## this: f5c050ac
[INF|BRHND|___|_] [BranchHandler] next instr 0xf6a6f4c0
[INF|BRHND|___|_] [Parent] BH direction advance
[INF|BRHND|___|_] [BranchHandler] next instr 0xf6a6f4d7
[INF|BRHND|___|_] [Parent] BH direction advance
[DBG|_____|___|_] ## this: f5c050ac
[INF|BRHND|___|_] [BranchHandler] next instr 0xf6a6f4e1
[INF|BRHND|___|_] [Parent] BH direction advance
[DBG|_____|___|_] ## this: f5c050ac
[INF|BRHND|___|_] [BranchHandler] next instr 0xf6a6f61d
[INF|BRHND|___|_] [Parent] BH direction advance
[INF|BRHND|___|_] [BranchHandler] next instr 0xf6a39500
[INF|BRHND|___|_] [Parent] BH direction advance
[DBG|_____|___|_] ## this: f5c050ac
[INF|BRHND|___|_] [BranchHandler] next instr 0xf6a39517
[INF|BRHND|___|_] [Parent] BH direction advance
[DBG|_____|___|_] ## this: f5c050ac
[INF|BRHND|___|_] [BranchHandler] next instr 0xf6a5f9f0
[INF|BRHND|___|_] [Parent] BH direction advance
[INF|BRHND|___|_] [BranchHandler] next instr 0xf6a5fa60
[INF|BRHND|___|_] [Parent] BH direction advance
[INF|BRHND|___|_] [BranchHandler] next instr 0xf6a39533
[INF|BRHND|___|_] [Parent] BH direction advance
[DBG|_____|___|_] ## this: f5c050ac
[INF|BRHND|___|_] [BranchHandler] next instr 0xf6a39548
[INF|BRHND|___|_] [Parent] BH direction advance
[DBG|_____|___|_] ## this: f5c050ac
[INF|BRHND|___|_] [BranchHandler] next instr 0xf6a3955b
[INF|BRHND|___|_] [Parent] BH direction advance
[DBG|_____|___|_] ## this: f5c050ac
[INF|BRHND|___|_] [BranchHandler] next instr 0xf6a3956a
[INF|BRHND|___|_] [Parent] BH direction advance
[DBG|_____|___|_] ## this: f5c050ac
[INF|BRHND|___|_] [BranchHandler] next instr 0xf6a38d5c
[INF|BRHND|___|_] [Parent] BH direction advance
[DBG|_____|___|_] ## this: f5c050ac
[INF|BRHND|___|_] [BranchHandler] next instr 0xf6a38d6a
[INF|BRHND|___|_] [Parent] BH direction advance
[DBG|_____|___|_] ## this: f5c050ac
[INF|BRHND|___|_] [BranchHandler] next instr 0xf6a38d91
[INF|BRHND|___|_] [Parent] BH direction advance
[DBG|_____|___|_] ## this: f5c050ac
[INF|BRHND|___|_] [BranchHandler] next instr 0xf6a38e30
[INF|BRHND|___|_] [Parent] BH direction advance
[DBG|_____|___|_] ## this: f5c050ac
[INF|BRHND|___|_] [BranchHandler] next instr 0xf6d53760
[INF|BRHND|___|_] [Parent] BH direction advance
[DBG|_____|___|_] ## this: f5c050ac
[INF|BRHND|___|_] [BranchHandler] next instr 0xf6d53778
[INF|BRHND|___|_] [Parent] BH direction advance
[DBG|_____|___|_] ## this: f5c050ac
[INF|BRHND|___|_] [BranchHandler] next instr 0xf6d5378b
[INF|BRHND|___|_] [Parent] BH direction advance
[DBG|_____|___|_] ## this: f5c050ac
[INF|BRHND|___|_] [BranchHandler] next instr 0xf6a38e4e
[INF|BRHND|___|_] [Parent] BH direction advance
[DBG|_____|___|_] ## this: f5c050ac
[INF|BRHND|___|_] [BranchHandler] next instr 0xf6a38d9f
[INF|BRHND|___|_] [Parent] BH direction advance
[DBG|_____|___|_] ## this: f5c050ac
[INF|BRHND|___|_] [BranchHandler] next instr 0xf6aea48e
[INF|BRHND|___|_] [Parent] BH direction advance
[DBG|_____|___|_] ## this: f5c050ac
[INF|BRHND|___|_] [BranchHandler] next instr 0xf6aea49a
[INF|BRHND|___|_] [Parent] BH direction advance
[DBG|_____|___|_] ## this: f5c050ac
[INF|BRHND|___|_] [BranchHandler] next instr 0xf6aea4c0
[INF|BRHND|___|_] [Parent] BH direction advance
[DBG|_____|___|_] ## this: f5c050ac
[INF|BRHND|___|_] [BranchHandler] next instr 0xf6aea4c9
[INF|BRHND|___|_] [Parent] BH direction advance
[DBG|_____|___|_] ## this: f5c050ac
[INF|BRHND|___|_] [BranchHandler] next instr 0xf6aea4da
[INF|BRHND|___|_] [Parent] BH direction advance
[DBG|_____|___|_] ## this: f5c050ac
[INF|BRHND|___|_] [BranchHandler] next instr 0xf6aea4e7
[INF|BRHND|___|_] [Parent] BH direction advance
[DBG|_____|___|_] ## this: f5c050ac
[INF|BRHND|___|_] [BranchHandler] next instr 0xf6d6a648
[INF|BRHND|___|_] [Parent] BH direction advance
[DBG|_____|___|_] ## this: f5c050ac
[INF|BRHND|___|_] [BranchHandler] next instr 0xf6d6a6f2
[INF|BRHND|___|_] [Parent] BH direction advance
[DBG|_____|___|_] ## this: f5c050ac
[INF|BRHND|___|_] [BranchHandler] next instr 0xf688aeee
[INF|BRHND|___|_] [Parent] BH direction other
[INF|CNTNR|___|_] Done. ret = 0

