## 
moduleName                     + offset   cost   jmp    instr  esp        ninstr taken                          - offset   nottaken                       - offset  
libfmi.so                      + 00000C9D (   6) (   0) (   3) (F698121C) (   6) libfmi.so                      + 00000B3E ???                            + 00000000
libfmi.so                      + 00000B3E (  33) (   0) (   2) (F69811F0) (  33) libfmi.so                      + 00000BBE libfmi.so                      + 00000BAE
libfmi.so                      + 00000BAE (   3) (   0) (   3) (F69811DC) (   3) libc-2.23.so                   + 0005F140 ???                            + 00000000
libc-2.23.so                   + 0005F140 (   6) (   0) (   3) (F69811C8) (   6) libc-2.23.so                   + 0011D285 ???                            + 00000000
libc-2.23.so                   + 0011D285 (   2) (   0) (   0) (F69811CC) (   2) ???                            + 00000000 ???                            + 00000000
libc-2.23.so                   + 0005F14B (   4) (   0) (   3) (F698119C) (   4) libc-2.23.so                   + 00074820 ???                            + 00000000
libc-2.23.so                   + 00074820 (   4) (   0) (   2) (F698119C) (   4) libc-2.23.so                   + 00074851 libc-2.23.so                   + 0007482D
libc-2.23.so                   + 00074851 (   6) (   0) (   2) (F698119C) (   6) libc-2.23.so                   + 000748B9 libc-2.23.so                   + 00074861
libc-2.23.so                   + 00074861 (   3) (   0) (   2) (F698119C) (   3) libc-2.23.so                   + 000748B9 libc-2.23.so                   + 0007486B
libc-2.23.so                   + 0007486B (   6) (   0) (   2) (F698119C) (   6) libc-2.23.so                   + 000748B9 libc-2.23.so                   + 0007487B
libc-2.23.so                   + 0007487B (   3) (   0) (   2) (F698119C) (   3) libc-2.23.so                   + 000748B9 libc-2.23.so                   + 00074885
libc-2.23.so                   + 00074885 (   6) (   0) (   2) (F698119C) (   6) libc-2.23.so                   + 000748B9 libc-2.23.so                   + 00074895
libc-2.23.so                   + 000748B9 (   4) (   0) (   2) (F698119C) (   4) libc-2.23.so                   + 000748D6 libc-2.23.so                   + 000748C7
libc-2.23.so                   + 000748C7 (   3) (   0) (   2) (F698119C) (   3) libc-2.23.so                   + 000748D6 libc-2.23.so                   + 000748CC
libc-2.23.so                   + 000748CC (   4) (   0) (   2) (F698119C) (   4) libc-2.23.so                   + 000748D6 libc-2.23.so                   + 000748D5
libc-2.23.so                   + 000748D5 (   3) (   0) (   0) (F69811A0) (   3) ???                            + 00000000 ???                            + 00000000
libc-2.23.so                   + 0005F15C (   8) (   0) (   2) (F69811B0) (   8) libc-2.23.so                   + 0005F1BE libc-2.23.so                   + 0005F176
libc-2.23.so                   + 0005F176 (   7) (   0) (   2) (F69811B0) (   7) libc-2.23.so                   + 0005F1BA libc-2.23.so                   + 0005F18C
libc-2.23.so                   + 0005F18C (   4) (   0) (   2) (F69811B0) (   4) libc-2.23.so                   + 0005F19F libc-2.23.so                   + 0005F19E
libc-2.23.so                   + 0005F19E (   2) (   0) (   2) (F69811B0) (   2) libc-2.23.so                   + 0005F1AB libc-2.23.so                   + 0005F1A4
libc-2.23.so                   + 0005F1AB (   8) (   0) (   2) (F69811B0) (   8) libc-2.23.so                   + 0005F1EE libc-2.23.so                   + 0005F1C6
libc-2.23.so                   + 0005F1C6 (   3) (   0) (   2) (F69811B0) (   3) libc-2.23.so                   + 0005F2C0 libc-2.23.so                   + 0005F1D4
libc-2.23.so                   + 0005F1D4 (   3) (   0) (   2) (F69811B0) (   3) libc-2.23.so                   + 0005F248 libc-2.23.so                   + 0005F1DB
libc-2.23.so                   + 0005F1DB (   2) (   0) (   2) (F69811B0) (   2) libc-2.23.so                   + 0005F2B0 libc-2.23.so                   + 0005F1E4
libc-2.23.so                   + 0005F1E4 (   8) (   1) (   3) (F698119C) (   8) ???                            + 00000000 ???                            + 00000000
libc-2.23.so                   + 000689F0 (  10) (   0) (   2) (F6981180) (  10) libc-2.23.so                   + 00068A60 libc-2.23.so                   + 00068A05
libc-2.23.so                   + 00068A05 (   4) (   0) (   2) (F6981180) (   4) libc-2.23.so                   + 00068AD0 libc-2.23.so                   + 00068A17
libc-2.23.so                   + 00068AD0 (   5) (   0) (   2) (F6981180) (   5) libc-2.23.so                   + 00068A25 libc-2.23.so                   + 00068AE0
libc-2.23.so                   + 00068AE0 (   4) (   0) (   2) (F6981180) (   4) libc-2.23.so                   + 00068A2D libc-2.23.so                   + 00068AF0
libc-2.23.so                   + 00068AF0 (   3) (   0) (   2) (F6981180) (   3) libc-2.23.so                   + 00068B48 libc-2.23.so                   + 00068AF9
libc-2.23.so                   + 00068B48 (   6) (   0) (   2) (F6981180) (   6) libc-2.23.so                   + 00068A2F libc-2.23.so                   + 00068B5E
libc-2.23.so                   + 00068A2F (   8) (   0) (   3) (F698116C) (   8) libc-2.23.so                   + 00076320 ???                            + 00000000
libc-2.23.so                   + 00076320 (   8) (   0) (   2) (F698116C) (   8) libc-2.23.so                   + 00076336 libc-2.23.so                   + 00076335
libc-2.23.so                   + 00076335 (   3) (   0) (   2) (F698116C) (   3) libc-2.23.so                   + 0007633C libc-2.23.so                   + 0007633A
libc-2.23.so                   + 0007633A (   5) (   0) (   0) (F6981170) (   5) ???                            + 00000000 ???                            + 00000000
libc-2.23.so                   + 00068A44 (   8) (   0) (   2) (F6981180) (   8) libc-2.23.so                   + 00068B8B libc-2.23.so                   + 00068A5C
libc-2.23.so                   + 00068B8B (   7) (   1) (   3) (F698116C) (   7) ???                            + 00000000 ???                            + 00000000
libc-2.23.so                   + 00069760 (   5) (   0) (   3) (F698115C) (   5) libc-2.23.so                   + 0011D28D ???                            + 00000000
libc-2.23.so                   + 0011D28D (   2) (   0) (   0) (F6981160) (   2) ???                            + 00000000 ???                            + 00000000
libc-2.23.so                   + 0006976C (   5) (   0) (   2) (F6981160) (   5) libc-2.23.so                   + 000698F0 libc-2.23.so                   + 00069780
libc-2.23.so                   + 00069780 (   2) (   0) (   2) (F6981160) (   2) libc-2.23.so                   + 000697D0 libc-2.23.so                   + 00069785
libc-2.23.so                   + 00069785 (   3) (   0) (   2) (F6981160) (   3) libc-2.23.so                   + 00069910 libc-2.23.so                   + 00069790
libc-2.23.so                   + 00069790 (   3) (   0) (   2) (F6981160) (   3) libc-2.23.so                   + 000698C8 libc-2.23.so                   + 0006979C
libc-2.23.so                   + 000698C8 (   7) (   0) (   3) (F698114C) (   7) libc-2.23.so                   + 000694D0 ???                            + 00000000
libc-2.23.so                   + 000694D0 (   6) (   0) (   2) (F6981140) (   6) libc-2.23.so                   + 000694F7 libc-2.23.so                   + 000694DE
libc-2.23.so                   + 000694DE (   4) (   0) (   3) (F698113C) (   4) libc-2.23.so                   + 000677C0 ???                            + 00000000
libc-2.23.so                   + 000677C0 (   8) (   0) (   2) (F6981120) (   8) libc-2.23.so                   + 00067830 libc-2.23.so                   + 000677D2
libc-2.23.so                   + 00067830 (   4) (   0) (   2) (F6981120) (   4) libc-2.23.so                   + 000677E0 libc-2.23.so                   + 0006783A
libc-2.23.so                   + 000677E0 (   7) (   1) (   3) (F698110C) (   7) ???                            + 00000000 ???                            + 00000000
libc-2.23.so                   + 00068460 (  10) (   0) (   2) (F69810F0) (  10) libc-2.23.so                   + 00068508 libc-2.23.so                   + 0006847B
libc-2.23.so                   + 0006847B (   2) (   0) (   1) (F69810F0) (   2) libc-2.23.so                   + 000684AE ???                            + 00000000
libc-2.23.so                   + 000684AE (   2) (   0) (   2) (F69810F0) (   2) libc-2.23.so                   + 00068488 libc-2.23.so                   + 000684B4
libc-2.23.so                   + 000684B4 (   5) (   0) (   3) (F69810DC) (   5) libc-2.23.so                   + 000D43C0 ???                            + 00000000
libc-2.23.so                   + 000D43C0 (   2) (   0) (   2) (F69810DC) (   2) libc-2.23.so                   + 000D43F0 libc-2.23.so                   + 000D43CA
libc-2.23.so                   + 000D43F0 (   1) (   0) (   3) (F69810D8) (   1) libc-2.23.so                   + 000F1CF0 ???                            + 00000000
libc-2.23.so                   + 000F1CF0 (   3) (   0) (   3) (F69810CC) (   3) libc-2.23.so                   + 0011D285 ???                            + 00000000
libc-2.23.so                   + 0011D285 (   2) (   0) (   0) (F69810D0) (   2) ???                            + 00000000 ???                            + 00000000
libc-2.23.so                   + 000F1CF7 (   7) (   0) (   2) (F69810CC) (   7) libc-2.23.so                   + 000F1D38 libc-2.23.so                   + 000F1D10
libc-2.23.so                   + 000F1D10 (   5) (   0) (   2) (F69810CC) (   5) libc-2.23.so                   + 000F1D30 libc-2.23.so                   + 000F1D21
libc-2.23.so                   + 000F1D21 (   3) (   0) (   2) (F69810CC) (   3) libc-2.23.so                   + 000F1D3C libc-2.23.so                   + 000F1D29
libc-2.23.so                   + 000F1D29 (   4) (   0) (   0) (F69810DC) (   4) ???                            + 00000000 ???                            + 00000000
libc-2.23.so                   + 000D43F5 (   7) (   1) (   3) (F69810D0) (   7) ???                            + 00000000 ???                            + 00000000
[vdso]                         + 00000FE0 (   5) (   0) (   4) (F69810D4) (   5) ???                            + 00000000 ???                            + 00000000
libc-2.23.so                   + 000D440F (   3) (   0) (   3) (F69810D4) (   3) libc-2.23.so                   + 000F1D60 ???                            + 00000000
libc-2.23.so                   + 000F1D60 (   5) (   0) (   3) (F69810C0) (   5) libc-2.23.so                   + 0011D295 ???                            + 00000000
libc-2.23.so                   + 0011D295 (   2) (   0) (   0) (F69810C4) (   2) ???                            + 00000000 ???                            + 00000000
libc-2.23.so                   + 000F1D69 (   4) (   0) (   2) (F69810B8) (   4) libc-2.23.so                   + 000F1DA0 libc-2.23.so                   + 000F1D76
libc-2.23.so                   + 000F1D76 (   8) (   0) (   2) (F69810B8) (   8) libc-2.23.so                   + 000F1DB0 libc-2.23.so                   + 000F1D98
libc-2.23.so                   + 000F1D98 (   3) (   0) (   2) (F69810B8) (   3) libc-2.23.so                   + 000F1DB8 libc-2.23.so                   + 000F1DA0
libc-2.23.so                   + 000F1DA0 (   6) (   0) (   0) (F69810D8) (   6) ???                            + 00000000 ???                            + 00000000
libc-2.23.so                   + 000D4418 (   3) (   0) (   2) (F69810DC) (   3) libc-2.23.so                   + 00018730 libc-2.23.so                   + 000D4424
libc-2.23.so                   + 000D4424 (   1) (   0) (   0) (F69810E0) (   1) ???                            + 00000000 ???                            + 00000000
libc-2.23.so                   + 000684C1 (   3) (   0) (   2) (F69810F0) (   3) libc-2.23.so                   + 000684A6 libc-2.23.so                   + 000684C8
libc-2.23.so                   + 000684A6 (   4) (   0) (   2) (F69810F0) (   4) libc-2.23.so                   + 00068500 libc-2.23.so                   + 000684AE
libc-2.23.so                   + 00068500 (   3) (   0) (   1) (F69810F0) (   3) libc-2.23.so                   + 000684D1 ???                            + 00000000
libc-2.23.so                   + 000684D1 (   4) (   0) (   2) (F69810F0) (   4) libc-2.23.so                   + 000684EA libc-2.23.so                   + 000684DB
libc-2.23.so                   + 000684EA (   6) (   0) (   0) (F6981110) (   6) ???                            + 00000000 ???                            + 00000000
libc-2.23.so                   + 000677F4 (   5) (   0) (   2) (F6981120) (   5) libc-2.23.so                   + 00067806 libc-2.23.so                   + 00067801
libc-2.23.so                   + 00067801 (   2) (   0) (   2) (F6981120) (   2) libc-2.23.so                   + 00067880 libc-2.23.so                   + 00067806
libc-2.23.so                   + 00067806 (   9) (   0) (   2) (F6981120) (   9) libc-2.23.so                   + 00067870 libc-2.23.so                   + 0006781F
libc-2.23.so                   + 00067870 (   2) (   0) (   2) (F6981120) (   2) libc-2.23.so                   + 00067822 libc-2.23.so                   + 00067878
libc-2.23.so                   + 00067822 (   7) (   0) (   0) (F6981140) (   7) ???                            + 00000000 ???                            + 00000000
libc-2.23.so                   + 000694ED (   7) (   0) (   0) (F6981150) (   7) ???                            + 00000000 ???                            + 00000000
libc-2.23.so                   + 000698D8 (   2) (   0) (   1) (F6981160) (   2) libc-2.23.so                   + 000697C4 ???                            + 00000000
libc-2.23.so                   + 000697C4 (   4) (   0) (   0) (F6981170) (   4) ???                            + 00000000 ???                            + 00000000
libc-2.23.so                   + 00068B9E (   3) (   0) (   2) (F6981180) (   3) libc-2.23.so                   + 00068BC0 libc-2.23.so                   + 00068BA6
libc-2.23.so                   + 00068BA6 (   5) (   0) (   2) (F6981180) (   5) libc-2.23.so                   + 00068AA9 libc-2.23.so                   + 00068BB7
libc-2.23.so                   + 00068BB7 (   1) (   0) (   1) (F6981180) (   1) libc-2.23.so                   + 00068AA3 ???                            + 00000000
libc-2.23.so                   + 00068AA3 (   6) (   0) (   2) (F6981180) (   6) libc-2.23.so                   + 00068B68 libc-2.23.so                   + 00068AB3
libc-2.23.so                   + 00068AB3 (   2) (   0) (   2) (F6981180) (   2) libc-2.23.so                   + 00068A5C libc-2.23.so                   + 00068AB7
libc-2.23.so                   + 00068A5C (   8) (   0) (   0) (F69811A0) (   8) ???                            + 00000000 ???                            + 00000000
libc-2.23.so                   + 0005F200 (   3) (   0) (   2) (F69811B0) (   3) libc-2.23.so                   + 0005F2B0 libc-2.23.so                   + 0005F20B
libc-2.23.so                   + 0005F20B (   4) (   0) (   2) (F69811B0) (   4) libc-2.23.so                   + 0005F290 libc-2.23.so                   + 0005F219
libc-2.23.so                   + 0005F290 (   4) (   0) (   3) (F698119C) (   4) libc-2.23.so                   + 0006A180 ???                            + 00000000
libc-2.23.so                   + 0006A180 (   3) (   0) (   3) (F6981190) (   3) libc-2.23.so                   + 0011D285 ???                            + 00000000
libc-2.23.so                   + 0011D285 (   2) (   0) (   0) (F6981194) (   2) ???                            + 00000000 ???                            + 00000000
libc-2.23.so                   + 0006A187 (   6) (   0) (   2) (F6981190) (   6) libc-2.23.so                   + 0006A1AC libc-2.23.so                   + 0006A19B
libc-2.23.so                   + 0006A1AC (   6) (   1) (   3) (F698117C) (   6) ???                            + 00000000 ???                            + 00000000
libc-2.23.so                   + 00069760 (   5) (   0) (   3) (F698116C) (   5) libc-2.23.so                   + 0011D28D ???                            + 00000000
libc-2.23.so                   + 0011D28D (   2) (   0) (   0) (F6981170) (   2) ???                            + 00000000 ???                            + 00000000
libc-2.23.so                   + 0006976C (   5) (   0) (   2) (F6981170) (   5) libc-2.23.so                   + 000698F0 libc-2.23.so                   + 00069780
libc-2.23.so                   + 00069780 (   2) (   0) (   2) (F6981170) (   2) libc-2.23.so                   + 000697D0 libc-2.23.so                   + 00069785
libc-2.23.so                   + 00069785 (   3) (   0) (   2) (F6981170) (   3) libc-2.23.so                   + 00069910 libc-2.23.so                   + 00069790
libc-2.23.so                   + 00069790 (   3) (   0) (   2) (F6981170) (   3) libc-2.23.so                   + 000698C8 libc-2.23.so                   + 0006979C
libc-2.23.so                   + 0006979C (   2) (   0) (   2) (F6981170) (   2) libc-2.23.so                   + 00069888 libc-2.23.so                   + 000697A5
libc-2.23.so                   + 000697A5 (   7) (   0) (   2) (F6981170) (   7) libc-2.23.so                   + 00069828 libc-2.23.so                   + 000697B5
libc-2.23.so                   + 000697B5 (   2) (   0) (   2) (F6981170) (   2) libc-2.23.so                   + 000697BF libc-2.23.so                   + 000697BA
libc-2.23.so                   + 000697BA (   2) (   0) (   2) (F6981170) (   2) libc-2.23.so                   + 00069828 libc-2.23.so                   + 000697BF
libc-2.23.so                   + 00069828 (   8) (   0) (   3) (F698115C) (   8) libc-2.23.so                   + 000694D0 ???                            + 00000000
libc-2.23.so                   + 000694D0 (   6) (   0) (   2) (F6981150) (   6) libc-2.23.so                   + 000694F7 libc-2.23.so                   + 000694DE
libc-2.23.so                   + 000694DE (   4) (   0) (   3) (F698114C) (   4) libc-2.23.so                   + 000677C0 ???                            + 00000000
libc-2.23.so                   + 000677C0 (   8) (   0) (   2) (F6981130) (   8) libc-2.23.so                   + 00067830 libc-2.23.so                   + 000677D2
libc-2.23.so                   + 00067830 (   4) (   0) (   2) (F6981130) (   4) libc-2.23.so                   + 000677E0 libc-2.23.so                   + 0006783A
libc-2.23.so                   + 000677E0 (   7) (   1) (   3) (F698111C) (   7) ???                            + 00000000 ???                            + 00000000
libc-2.23.so                   + 00068460 (  10) (   0) (   2) (F6981100) (  10) libc-2.23.so                   + 00068508 libc-2.23.so                   + 0006847B
libc-2.23.so                   + 0006847B (   2) (   0) (   1) (F6981100) (   2) libc-2.23.so                   + 000684AE ???                            + 00000000
libc-2.23.so                   + 000684AE (   2) (   0) (   2) (F6981100) (   2) libc-2.23.so                   + 00068488 libc-2.23.so                   + 000684B4
libc-2.23.so                   + 000684B4 (   5) (   0) (   3) (F69810EC) (   5) libc-2.23.so                   + 000D43C0 ???                            + 00000000
libc-2.23.so                   + 000D43C0 (   2) (   0) (   2) (F69810EC) (   2) libc-2.23.so                   + 000D43F0 libc-2.23.so                   + 000D43CA
libc-2.23.so                   + 000D43F0 (   1) (   0) (   3) (F69810E8) (   1) libc-2.23.so                   + 000F1CF0 ???                            + 00000000
libc-2.23.so                   + 000F1CF0 (   3) (   0) (   3) (F69810DC) (   3) libc-2.23.so                   + 0011D285 ???                            + 00000000
libc-2.23.so                   + 0011D285 (   2) (   0) (   0) (F69810E0) (   2) ???                            + 00000000 ???                            + 00000000
libc-2.23.so                   + 000F1CF7 (   7) (   0) (   2) (F69810DC) (   7) libc-2.23.so                   + 000F1D38 libc-2.23.so                   + 000F1D10
libc-2.23.so                   + 000F1D10 (   5) (   0) (   2) (F69810DC) (   5) libc-2.23.so                   + 000F1D30 libc-2.23.so                   + 000F1D21
libc-2.23.so                   + 000F1D21 (   3) (   0) (   2) (F69810DC) (   3) libc-2.23.so                   + 000F1D3C libc-2.23.so                   + 000F1D29
libc-2.23.so                   + 000F1D29 (   4) (   0) (   0) (F69810EC) (   4) ???                            + 00000000 ???                            + 00000000
libc-2.23.so                   + 000D43F5 (   7) (   1) (   3) (F69810E0) (   7) ???                            + 00000000 ???                            + 00000000
[vdso]                         + 00000FE0 (   5) (   0) (   4) (F69810E4) (   5) ???                            + 00000000 ???                            + 00000000
libc-2.23.so                   + 000D440F (   3) (   0) (   3) (F69810E4) (   3) libc-2.23.so                   + 000F1D60 ???                            + 00000000
libc-2.23.so                   + 000F1D60 (   5) (   0) (   3) (F69810D0) (   5) libc-2.23.so                   + 0011D295 ???                            + 00000000
libc-2.23.so                   + 0011D295 (   2) (   0) (   0) (F69810D4) (   2) ???                            + 00000000 ???                            + 00000000
libc-2.23.so                   + 000F1D69 (   4) (   0) (   2) (F69810C8) (   4) libc-2.23.so                   + 000F1DA0 libc-2.23.so                   + 000F1D76
libc-2.23.so                   + 000F1D76 (   8) (   0) (   2) (F69810C8) (   8) libc-2.23.so                   + 000F1DB0 libc-2.23.so                   + 000F1D98
libc-2.23.so                   + 000F1D98 (   3) (   0) (   2) (F69810C8) (   3) libc-2.23.so                   + 000F1DB8 libc-2.23.so                   + 000F1DA0
libc-2.23.so                   + 000F1DA0 (   6) (   0) (   0) (F69810E8) (   6) ???                            + 00000000 ???                            + 00000000
libc-2.23.so                   + 000D4418 (   3) (   0) (   2) (F69810EC) (   3) libc-2.23.so                   + 00018730 libc-2.23.so                   + 000D4424
libc-2.23.so                   + 000D4424 (   1) (   0) (   0) (F69810F0) (   1) ???                            + 00000000 ???                            + 00000000
libc-2.23.so                   + 000684C1 (   3) (   0) (   2) (F6981100) (   3) libc-2.23.so                   + 000684A6 libc-2.23.so                   + 000684C8
libc-2.23.so                   + 000684A6 (   4) (   0) (   2) (F6981100) (   4) libc-2.23.so                   + 00068500 libc-2.23.so                   + 000684AE
libc-2.23.so                   + 00068500 (   3) (   0) (   1) (F6981100) (   3) libc-2.23.so                   + 000684D1 ???                            + 00000000
libc-2.23.so                   + 000684D1 (   4) (   0) (   2) (F6981100) (   4) libc-2.23.so                   + 000684EA libc-2.23.so                   + 000684DB
libc-2.23.so                   + 000684EA (   6) (   0) (   0) (F6981120) (   6) ???                            + 00000000 ???                            + 00000000
libc-2.23.so                   + 000677F4 (   5) (   0) (   2) (F6981130) (   5) libc-2.23.so                   + 00067806 libc-2.23.so                   + 00067801
libc-2.23.so                   + 00067801 (   2) (   0) (   2) (F6981130) (   2) libc-2.23.so                   + 00067880 libc-2.23.so                   + 00067806
libc-2.23.so                   + 00067806 (   9) (   0) (   2) (F6981130) (   9) libc-2.23.so                   + 00067870 libc-2.23.so                   + 0006781F
libc-2.23.so                   + 00067870 (   2) (   0) (   2) (F6981130) (   2) libc-2.23.so                   + 00067822 libc-2.23.so                   + 00067878
libc-2.23.so                   + 00067822 (   7) (   0) (   0) (F6981150) (   7) ???                            + 00000000 ???                            + 00000000
libc-2.23.so                   + 000694ED (   7) (   0) (   0) (F6981160) (   7) ???                            + 00000000 ???                            + 00000000
libc-2.23.so                   + 0006983B (   3) (   0) (   2) (F6981170) (   3) libc-2.23.so                   + 000697BF libc-2.23.so                   + 00069847
libc-2.23.so                   + 000697BF (   6) (   0) (   0) (F6981180) (   6) ???                            + 00000000 ???                            + 00000000
libc-2.23.so                   + 0006A1C2 (   4) (   0) (   0) (F69811A0) (   4) ???                            + 00000000 ???                            + 00000000
libc-2.23.so                   + 0005F29B (   3) (   0) (   2) (F69811B0) (   3) libc-2.23.so                   + 0005F222 libc-2.23.so                   + 0005F2A7
libc-2.23.so                   + 0005F222 (   6) (   0) (   2) (F69811B0) (   6) libc-2.23.so                   + 0005F258 libc-2.23.so                   + 0005F238
libc-2.23.so                   + 0005F258 (   4) (   0) (   2) (F69811B0) (   4) libc-2.23.so                   + 0005F238 libc-2.23.so                   + 0005F264
libc-2.23.so                   + 0005F264 (   3) (   0) (   2) (F69811B0) (   3) libc-2.23.so                   + 0005F276 libc-2.23.so                   + 0005F275
libc-2.23.so                   + 0005F275 (   2) (   0) (   2) (F69811B0) (   2) libc-2.23.so                   + 0005F282 libc-2.23.so                   + 0005F27B
libc-2.23.so                   + 0005F282 (   7) (   0) (   0) (F69811E0) (   7) ???                            + 00000000 ???                            + 00000000
libfmi.so                      + 00000BBB (   6) (   0) (   3) (F69811DC) (   6) libfmi.so                      + 00000ABC ???                            + 00000000
libfmi.so                      + 00000ABC (   7) (   0) (   2) (F69811D4) (   7) libfmi.so                      + 00000ADA libfmi.so                      + 00000ACE
libfmi.so                      + 00000ACE (   2) (   0) (   2) (F69811D4) (   2) libfmi.so                      + 00000ADA libfmi.so                      + 00000AD4
libfmi.so                      + 00000AD4 (   2) (   0) (   2) (F69811D4) (   2) libfmi.so                      + 00000AE1 libfmi.so                      + 00000ADA
libfmi.so                      + 00000AE1 (   3) (   0) (   0) (F69811E0) (   3) ???                            + 00000000 ???                            + 00000000
libfmi.so                      + 00000BCD (   3) (   0) (   2) (F69811F0) (   3) libfmi.so                      + 00000BE5 libfmi.so                      + 00000BD5
libfmi.so                      + 00000BE5 (   3) (   0) (   3) (F69811DC) (   3) libfmi.so                      + 00000A5C ???                            + 00000000
libfmi.so                      + 00000A5C (   4) (   0) (   2) (F69811D8) (   4) libfmi.so                      + 00000A72 libfmi.so                      + 00000A65
libfmi.so                      + 00000A65 (   2) (   0) (   2) (F69811D8) (   2) libfmi.so                      + 00000A72 libfmi.so                      + 00000A6B
libfmi.so                      + 00000A6B (   2) (   0) (   1) (F69811D8) (   2) libfmi.so                      + 00000A77 ???                            + 00000000
libfmi.so                      + 00000A77 (   2) (   0) (   0) (F69811E0) (   2) ???                            + 00000000 ???                            + 00000000
libfmi.so                      + 00000BF0 (   3) (   0) (   2) (F69811F0) (   3) libfmi.so                      + 00000C09 libfmi.so                      + 00000BF7
libfmi.so                      + 00000C09 (   5) (   0) (   3) (F69811DC) (   5) libfmi.so                      + 00000ABC ???                            + 00000000
libfmi.so                      + 00000ABC (   7) (   0) (   2) (F69811D4) (   7) libfmi.so                      + 00000ADA libfmi.so                      + 00000ACE
libfmi.so                      + 00000ACE (   2) (   0) (   2) (F69811D4) (   2) libfmi.so                      + 00000ADA libfmi.so                      + 00000AD4
libfmi.so                      + 00000AD4 (   2) (   0) (   2) (F69811D4) (   2) libfmi.so                      + 00000AE1 libfmi.so                      + 00000ADA
libfmi.so                      + 00000AE1 (   3) (   0) (   0) (F69811E0) (   3) ???                            + 00000000 ???                            + 00000000
libfmi.so                      + 00000C18 (   3) (   0) (   2) (F69811F0) (   3) libfmi.so                      + 00000C43 libfmi.so                      + 00000C1F
libfmi.so                      + 00000C43 (   3) (   0) (   0) (F6981220) (   3) ???                            + 00000000 ???                            + 00000000
