R
P 0xec9018c4
U 32
C 34
= 0xec911a14
R
P 0xec9018c4
U 24
C 34
= 0xec911954
R
P 0xec9018c4
U 16
C 34
= 0xec911894
R
P 0xec9018c4
U 8
C 34
= 0xec9117d4
R
P 0xec9018c4
U 1
C 34
= 0xec91172c
R
P 0xec9018c4
U 7
C 34
= 0xec9117bc
R
P 0xec9018c4
I 0
P 0xec911a14
C 144
= 0xec911d2c
R
P 0xec9018c4
I 1
P 0xec911a14
C 144
= 0xec911d44
R
P 0xec9018c4
I 0
P 0xec911894
C 144
= 0xec911d5c
R
P 0xec9018c4
I 0
P 0xec9117bc
C 144
= 0xec911d74
R
P 0xec9018c4
I 0
P 0xec9117d4
C 144
= 0xec911d8c
R
P 0xec9018c4
I 1
P 0xec9117d4
C 144
= 0xec911da4
R
P 0xec9018c4
I 0
P 0xec91172c
C 144
= 0xec911dbc
R
P 0xec9018c4
I 1
P 0xec91172c
C 144
= 0xec911dd4
R
P 0xec9018c4
I 2
P 0xec911a14
C 144
= 0xec911dec
R
P 0xec9018c4
I 4
P 0xec911a14
C 144
= 0xec911e04
R
P 0xec9018c4
C 433
= 0xec938174
R
P 0xec9018c4
P 0xec938174
C 442
R
P 0xec9018c4
P 0xec938174
C 440
R
P 0xec9018c4
S "s\0910\093"
C 29
R
P 0xec9018c4
$ |s\0910\093|
P 0xec9117d4
C 49
= 0xec911ffc
R
P 0xec9018c4
I 97
P 0xec9117d4
C 144
= 0xec912014
R
P 0xec9018c4
P 0xec912014
P 0xec911ffc
C 98
= 0xec917b34
R
P 0xec9018c4
I 122
P 0xec9117d4
C 144
= 0xec91202c
R
P 0xec9018c4
P 0xec91202c
P 0xec911ffc
C 100
= 0xec917b58
R
P 0xec9018c4
P 0xec911d8c
P 0xec911ffc
C 54
= 0xec917b7c
R
P 0xec9018c4
U 2
P 0xec917b34
P 0xec917b58
p 2
C 61
= 0xec917ba0
R
P 0xec9018c4
U 2
P 0xec917b7c
P 0xec917ba0
p 2
C 62
= 0xec917bc4
R
P 0xec9018c4
P 0xec938174
P 0xec917bc4
C 446
R
P 0xec9018c4
P 0xec917bc4
C 278
R
P 0xec9018c4
I 1111638594
P 0xec911a14
C 144
= 0xec912044
R
P 0xec9018c4
U 31
U 8
P 0xec912044
C 105
= 0xec9139ac
R
P 0xec9018c4
P 0xec9139ac
P 0xec911ffc
C 104
= 0xec917c78
R
P 0xec9018c4
S "s\0911\093"
C 29
R
P 0xec9018c4
$ |s\0911\093|
P 0xec9117d4
C 49
= 0xec91205c
R
P 0xec9018c4
I 97
P 0xec9117d4
C 144
= 0xec912014
R
P 0xec9018c4
P 0xec912014
P 0xec91205c
C 98
= 0xec917c9c
R
P 0xec9018c4
I 122
P 0xec9117d4
C 144
= 0xec91202c
R
P 0xec9018c4
P 0xec91202c
P 0xec91205c
C 100
= 0xec917cc0
R
P 0xec9018c4
P 0xec911d8c
P 0xec91205c
C 54
= 0xec917ce4
R
P 0xec9018c4
U 2
P 0xec917c9c
P 0xec917cc0
p 2
C 61
= 0xec917d08
R
P 0xec9018c4
U 2
P 0xec917ce4
P 0xec917d08
p 2
C 62
= 0xec917d2c
R
P 0xec9018c4
P 0xec938174
P 0xec917d2c
C 446
R
P 0xec9018c4
P 0xec917d2c
C 278
R
P 0xec9018c4
U 7
U 0
P 0xec917c78
C 105
= 0xec9139ec
R
P 0xec9018c4
P 0xec91205c
P 0xec9139ec
C 104
= 0xec917de0
R
P 0xec9018c4
U 31
U 16
P 0xec917c78
C 105
= 0xec913a0c
R
P 0xec9018c4
P 0xec913a0c
P 0xec917de0
C 104
= 0xec917e28
R
P 0xec9018c4
S "s\0912\093"
C 29
R
P 0xec9018c4
$ |s\0912\093|
P 0xec9117d4
C 49
= 0xec912074
R
P 0xec9018c4
I 97
P 0xec9117d4
C 144
= 0xec912014
R
P 0xec9018c4
P 0xec912014
P 0xec912074
C 98
= 0xec917e4c
R
P 0xec9018c4
I 122
P 0xec9117d4
C 144
= 0xec91202c
R
P 0xec9018c4
P 0xec91202c
P 0xec912074
C 100
= 0xec917e70
R
P 0xec9018c4
P 0xec911d8c
P 0xec912074
C 54
= 0xec917e94
R
P 0xec9018c4
U 2
P 0xec917e4c
P 0xec917e70
p 2
C 61
= 0xec917eb8
R
P 0xec9018c4
U 2
P 0xec917e94
P 0xec917eb8
p 2
C 62
= 0xec917edc
R
P 0xec9018c4
P 0xec938174
P 0xec917edc
C 446
R
P 0xec9018c4
P 0xec917edc
C 278
R
P 0xec9018c4
U 15
U 0
P 0xec917e28
C 105
= 0xec913a4c
R
P 0xec9018c4
P 0xec912074
P 0xec913a4c
C 104
= 0xec917f90
R
P 0xec9018c4
U 31
U 24
P 0xec917e28
C 105
= 0xec913a6c
R
P 0xec9018c4
P 0xec913a6c
P 0xec917f90
C 104
= 0xec917fd8
R
P 0xec9018c4
S "s\0913\093"
C 29
R
P 0xec9018c4
$ |s\0913\093|
P 0xec9117d4
C 49
= 0xec91208c
R
P 0xec9018c4
I 97
P 0xec9117d4
C 144
= 0xec912014
R
P 0xec9018c4
P 0xec912014
P 0xec91208c
C 98
= 0xec917ffc
R
P 0xec9018c4
I 122
P 0xec9117d4
C 144
= 0xec91202c
R
P 0xec9018c4
P 0xec91202c
P 0xec91208c
C 100
= 0xec918020
R
P 0xec9018c4
P 0xec911d8c
P 0xec91208c
C 54
= 0xec918044
R
P 0xec9018c4
U 2
P 0xec917ffc
P 0xec918020
p 2
C 61
= 0xec918068
R
P 0xec9018c4
U 2
P 0xec918044
P 0xec918068
p 2
C 62
= 0xec91808c
R
P 0xec9018c4
P 0xec938174
P 0xec91808c
C 446
R
P 0xec9018c4
P 0xec91808c
C 278
R
P 0xec9018c4
U 23
U 0
P 0xec917fd8
C 105
= 0xec913aac
R
P 0xec9018c4
P 0xec91208c
P 0xec913aac
C 104
= 0xec918140
R
P 0xec9018c4
S "s\0914\093"
C 29
R
P 0xec9018c4
$ |s\0914\093|
P 0xec9117d4
C 49
= 0xec9120a4
R
P 0xec9018c4
I 97
P 0xec9117d4
C 144
= 0xec912014
R
P 0xec9018c4
P 0xec912014
P 0xec9120a4
C 98
= 0xec918164
R
P 0xec9018c4
I 122
P 0xec9117d4
C 144
= 0xec91202c
R
P 0xec9018c4
P 0xec91202c
P 0xec9120a4
C 100
= 0xec918188
R
P 0xec9018c4
P 0xec911d8c
P 0xec9120a4
C 54
= 0xec9181ac
R
P 0xec9018c4
U 2
P 0xec918164
P 0xec918188
p 2
C 61
= 0xec9181d0
R
P 0xec9018c4
U 2
P 0xec9181ac
P 0xec9181d0
p 2
C 62
= 0xec9181f4
R
P 0xec9018c4
P 0xec938174
P 0xec9181f4
C 446
R
P 0xec9018c4
P 0xec9181f4
C 278
R
P 0xec9018c4
I 1111638594
P 0xec911a14
C 144
= 0xec912044
R
P 0xec9018c4
U 31
U 8
P 0xec912044
C 105
= 0xec9139ac
R
P 0xec9018c4
P 0xec9139ac
P 0xec9120a4
C 104
= 0xec918284
R
P 0xec9018c4
S "s\0915\093"
C 29
R
P 0xec9018c4
$ |s\0915\093|
P 0xec9117d4
C 49
= 0xec9120bc
R
P 0xec9018c4
I 97
P 0xec9117d4
C 144
= 0xec912014
R
P 0xec9018c4
P 0xec912014
P 0xec9120bc
C 98
= 0xec9182a8
R
P 0xec9018c4
I 122
P 0xec9117d4
C 144
= 0xec91202c
R
P 0xec9018c4
P 0xec91202c
P 0xec9120bc
C 100
= 0xec9182cc
R
P 0xec9018c4
P 0xec911d8c
P 0xec9120bc
C 54
= 0xec9182f0
R
P 0xec9018c4
U 2
P 0xec9182a8
P 0xec9182cc
p 2
C 61
= 0xec918314
R
P 0xec9018c4
U 2
P 0xec9182f0
P 0xec918314
p 2
C 62
= 0xec918338
R
P 0xec9018c4
P 0xec938174
P 0xec918338
C 446
R
P 0xec9018c4
P 0xec918338
C 278
R
P 0xec9018c4
U 7
U 0
P 0xec918284
C 105
= 0xec913b0c
R
P 0xec9018c4
P 0xec9120bc
P 0xec913b0c
C 104
= 0xec9183c8
R
P 0xec9018c4
U 31
U 16
P 0xec918284
C 105
= 0xec913b2c
R
P 0xec9018c4
P 0xec913b2c
P 0xec9183c8
C 104
= 0xec9183ec
R
P 0xec9018c4
S "s\0916\093"
C 29
R
P 0xec9018c4
$ |s\0916\093|
P 0xec9117d4
C 49
= 0xec9120d4
R
P 0xec9018c4
I 97
P 0xec9117d4
C 144
= 0xec912014
R
P 0xec9018c4
P 0xec912014
P 0xec9120d4
C 98
= 0xec918410
R
P 0xec9018c4
I 122
P 0xec9117d4
C 144
= 0xec91202c
R
P 0xec9018c4
P 0xec91202c
P 0xec9120d4
C 100
= 0xec918434
R
P 0xec9018c4
P 0xec911d8c
P 0xec9120d4
C 54
= 0xec918458
R
P 0xec9018c4
U 2
P 0xec918410
P 0xec918434
p 2
C 61
= 0xec91847c
R
P 0xec9018c4
U 2
P 0xec918458
P 0xec91847c
p 2
C 62
= 0xec9184a0
R
P 0xec9018c4
P 0xec938174
P 0xec9184a0
C 446
R
P 0xec9018c4
P 0xec9184a0
C 278
R
P 0xec9018c4
U 15
U 0
P 0xec9183ec
C 105
= 0xec913b6c
R
P 0xec9018c4
P 0xec9120d4
P 0xec913b6c
C 104
= 0xec918530
R
P 0xec9018c4
U 31
U 24
P 0xec9183ec
C 105
= 0xec913b8c
R
P 0xec9018c4
P 0xec913b8c
P 0xec918530
C 104
= 0xec918554
R
P 0xec9018c4
S "s\0917\093"
C 29
R
P 0xec9018c4
$ |s\0917\093|
P 0xec9117d4
C 49
= 0xec9120ec
R
P 0xec9018c4
I 97
P 0xec9117d4
C 144
= 0xec912014
R
P 0xec9018c4
P 0xec912014
P 0xec9120ec
C 98
= 0xec918578
R
P 0xec9018c4
I 122
P 0xec9117d4
C 144
= 0xec91202c
R
P 0xec9018c4
P 0xec91202c
P 0xec9120ec
C 100
= 0xec91859c
R
P 0xec9018c4
P 0xec911d8c
P 0xec9120ec
C 54
= 0xec9185c0
R
P 0xec9018c4
U 2
P 0xec918578
P 0xec91859c
p 2
C 61
= 0xec9185e4
R
P 0xec9018c4
U 2
P 0xec9185c0
P 0xec9185e4
p 2
C 62
= 0xec918608
R
P 0xec9018c4
P 0xec938174
P 0xec918608
C 446
R
P 0xec9018c4
P 0xec918608
C 278
R
P 0xec9018c4
U 23
U 0
P 0xec918554
C 105
= 0xec913bcc
R
P 0xec9018c4
P 0xec9120ec
P 0xec913bcc
C 104
= 0xec918698
R
P 0xec9018c4
S "s\0918\093"
C 29
R
P 0xec9018c4
$ |s\0918\093|
P 0xec9117d4
C 49
= 0xec912104
R
P 0xec9018c4
I 97
P 0xec9117d4
C 144
= 0xec912014
R
P 0xec9018c4
P 0xec912014
P 0xec912104
C 98
= 0xec9186bc
R
P 0xec9018c4
I 122
P 0xec9117d4
C 144
= 0xec91202c
R
P 0xec9018c4
P 0xec91202c
P 0xec912104
C 100
= 0xec9186e0
R
P 0xec9018c4
P 0xec911d8c
P 0xec912104
C 54
= 0xec918704
R
P 0xec9018c4
U 2
P 0xec9186bc
P 0xec9186e0
p 2
C 61
= 0xec918728
R
P 0xec9018c4
U 2
P 0xec918704
P 0xec918728
p 2
C 62
= 0xec91874c
R
P 0xec9018c4
P 0xec938174
P 0xec91874c
C 446
R
P 0xec9018c4
P 0xec91874c
C 278
R
P 0xec9018c4
I 1111638594
P 0xec911a14
C 144
= 0xec912044
R
P 0xec9018c4
U 31
U 8
P 0xec912044
C 105
= 0xec9139ac
R
P 0xec9018c4
P 0xec9139ac
P 0xec912104
C 104
= 0xec9187dc
R
P 0xec9018c4
S "s\0919\093"
C 29
R
P 0xec9018c4
$ |s\0919\093|
P 0xec9117d4
C 49
= 0xec91211c
R
P 0xec9018c4
I 97
P 0xec9117d4
C 144
= 0xec912014
R
P 0xec9018c4
P 0xec912014
P 0xec91211c
C 98
= 0xec918800
R
P 0xec9018c4
I 122
P 0xec9117d4
C 144
= 0xec91202c
R
P 0xec9018c4
P 0xec91202c
P 0xec91211c
C 100
= 0xec918824
R
P 0xec9018c4
P 0xec911d8c
P 0xec91211c
C 54
= 0xec918848
R
P 0xec9018c4
U 2
P 0xec918800
P 0xec918824
p 2
C 61
= 0xec91886c
R
P 0xec9018c4
U 2
P 0xec918848
P 0xec91886c
p 2
C 62
= 0xec918890
R
P 0xec9018c4
P 0xec938174
P 0xec918890
C 446
R
P 0xec9018c4
P 0xec918890
C 278
R
P 0xec9018c4
U 7
U 0
P 0xec9187dc
C 105
= 0xec913c2c
R
P 0xec9018c4
P 0xec91211c
P 0xec913c2c
C 104
= 0xec918920
R
P 0xec9018c4
U 31
U 16
P 0xec9187dc
C 105
= 0xec913c4c
R
P 0xec9018c4
P 0xec913c4c
P 0xec918920
C 104
= 0xec918944
R
P 0xec9018c4
S "s\09110\093"
C 29
R
P 0xec9018c4
$ |s\09110\093|
P 0xec9117d4
C 49
= 0xec912134
R
P 0xec9018c4
I 97
P 0xec9117d4
C 144
= 0xec912014
R
P 0xec9018c4
P 0xec912014
P 0xec912134
C 98
= 0xec918968
R
P 0xec9018c4
I 122
P 0xec9117d4
C 144
= 0xec91202c
R
P 0xec9018c4
P 0xec91202c
P 0xec912134
C 100
= 0xec91898c
R
P 0xec9018c4
P 0xec911d8c
P 0xec912134
C 54
= 0xec9189b0
R
P 0xec9018c4
U 2
P 0xec918968
P 0xec91898c
p 2
C 61
= 0xec9189d4
R
P 0xec9018c4
U 2
P 0xec9189b0
P 0xec9189d4
p 2
C 62
= 0xec9189f8
R
P 0xec9018c4
P 0xec938174
P 0xec9189f8
C 446
R
P 0xec9018c4
P 0xec9189f8
C 278
R
P 0xec9018c4
U 15
U 0
P 0xec918944
C 105
= 0xec913c8c
R
P 0xec9018c4
P 0xec912134
P 0xec913c8c
C 104
= 0xec918a88
R
P 0xec9018c4
U 31
U 24
P 0xec918944
C 105
= 0xec913cac
R
P 0xec9018c4
P 0xec913cac
P 0xec918a88
C 104
= 0xec918aac
R
P 0xec9018c4
S "s\09111\093"
C 29
R
P 0xec9018c4
$ |s\09111\093|
P 0xec9117d4
C 49
= 0xec91214c
R
P 0xec9018c4
I 97
P 0xec9117d4
C 144
= 0xec912014
R
P 0xec9018c4
P 0xec912014
P 0xec91214c
C 98
= 0xec918ad0
R
P 0xec9018c4
I 122
P 0xec9117d4
C 144
= 0xec91202c
R
P 0xec9018c4
P 0xec91202c
P 0xec91214c
C 100
= 0xec918af4
R
P 0xec9018c4
P 0xec911d8c
P 0xec91214c
C 54
= 0xec918b18
R
P 0xec9018c4
U 2
P 0xec918ad0
P 0xec918af4
p 2
C 61
= 0xec918b3c
R
P 0xec9018c4
U 2
P 0xec918b18
P 0xec918b3c
p 2
C 62
= 0xec918b60
R
P 0xec9018c4
P 0xec938174
P 0xec918b60
C 446
R
P 0xec9018c4
P 0xec918b60
C 278
R
P 0xec9018c4
U 23
U 0
P 0xec918aac
C 105
= 0xec913cec
R
P 0xec9018c4
P 0xec91214c
P 0xec913cec
C 104
= 0xec918bf0
R
P 0xec9018c4
S "s\09112\093"
C 29
R
P 0xec9018c4
$ |s\09112\093|
P 0xec9117d4
C 49
= 0xec912164
R
P 0xec9018c4
I 97
P 0xec9117d4
C 144
= 0xec912014
R
P 0xec9018c4
P 0xec912014
P 0xec912164
C 98
= 0xec918c14
R
P 0xec9018c4
I 122
P 0xec9117d4
C 144
= 0xec91202c
R
P 0xec9018c4
P 0xec91202c
P 0xec912164
C 100
= 0xec918c38
R
P 0xec9018c4
P 0xec911d8c
P 0xec912164
C 54
= 0xec918c5c
R
P 0xec9018c4
U 2
P 0xec918c14
P 0xec918c38
p 2
C 61
= 0xec918c80
R
P 0xec9018c4
U 2
P 0xec918c5c
P 0xec918c80
p 2
C 62
= 0xec918ca4
R
P 0xec9018c4
P 0xec938174
P 0xec918ca4
C 446
R
P 0xec9018c4
P 0xec918ca4
C 278
R
P 0xec9018c4
I 1111638594
P 0xec911a14
C 144
= 0xec912044
R
P 0xec9018c4
U 31
U 8
P 0xec912044
C 105
= 0xec9139ac
R
P 0xec9018c4
P 0xec9139ac
P 0xec912164
C 104
= 0xec918d34
R
P 0xec9018c4
S "s\09113\093"
C 29
R
P 0xec9018c4
$ |s\09113\093|
P 0xec9117d4
C 49
= 0xec91217c
R
P 0xec9018c4
I 97
P 0xec9117d4
C 144
= 0xec912014
R
P 0xec9018c4
P 0xec912014
P 0xec91217c
C 98
= 0xec918d58
R
P 0xec9018c4
I 122
P 0xec9117d4
C 144
= 0xec91202c
R
P 0xec9018c4
P 0xec91202c
P 0xec91217c
C 100
= 0xec918d7c
R
P 0xec9018c4
P 0xec911d8c
P 0xec91217c
C 54
= 0xec918da0
R
P 0xec9018c4
U 2
P 0xec918d58
P 0xec918d7c
p 2
C 61
= 0xec918dc4
R
P 0xec9018c4
U 2
P 0xec918da0
P 0xec918dc4
p 2
C 62
= 0xec918de8
R
P 0xec9018c4
P 0xec938174
P 0xec918de8
C 446
R
P 0xec9018c4
P 0xec918de8
C 278
R
P 0xec9018c4
U 7
U 0
P 0xec918d34
C 105
= 0xec913d4c
R
P 0xec9018c4
P 0xec91217c
P 0xec913d4c
C 104
= 0xec918e78
R
P 0xec9018c4
U 31
U 16
P 0xec918d34
C 105
= 0xec913d6c
R
P 0xec9018c4
P 0xec913d6c
P 0xec918e78
C 104
= 0xec918e9c
R
P 0xec9018c4
S "s\09114\093"
C 29
R
P 0xec9018c4
$ |s\09114\093|
P 0xec9117d4
C 49
= 0xec912194
R
P 0xec9018c4
I 97
P 0xec9117d4
C 144
= 0xec912014
R
P 0xec9018c4
P 0xec912014
P 0xec912194
C 98
= 0xec918ec0
R
P 0xec9018c4
I 122
P 0xec9117d4
C 144
= 0xec91202c
R
P 0xec9018c4
P 0xec91202c
P 0xec912194
C 100
= 0xec918ee4
R
P 0xec9018c4
P 0xec911d8c
P 0xec912194
C 54
= 0xec918f08
R
P 0xec9018c4
U 2
P 0xec918ec0
P 0xec918ee4
p 2
C 61
= 0xec918f2c
R
P 0xec9018c4
U 2
P 0xec918f08
P 0xec918f2c
p 2
C 62
= 0xec918f50
R
P 0xec9018c4
P 0xec938174
P 0xec918f50
C 446
R
P 0xec9018c4
P 0xec918f50
C 278
R
P 0xec9018c4
U 15
U 0
P 0xec918e9c
C 105
= 0xec913dac
R
P 0xec9018c4
P 0xec912194
P 0xec913dac
C 104
= 0xec918fe0
R
P 0xec9018c4
U 31
U 24
P 0xec918e9c
C 105
= 0xec913dcc
R
P 0xec9018c4
P 0xec913dcc
P 0xec918fe0
C 104
= 0xec919004
R
P 0xec9018c4
S "s\09115\093"
C 29
R
P 0xec9018c4
$ |s\09115\093|
P 0xec9117d4
C 49
= 0xec9121ac
R
P 0xec9018c4
I 97
P 0xec9117d4
C 144
= 0xec912014
R
P 0xec9018c4
P 0xec912014
P 0xec9121ac
C 98
= 0xec919028
R
P 0xec9018c4
I 122
P 0xec9117d4
C 144
= 0xec91202c
R
P 0xec9018c4
P 0xec91202c
P 0xec9121ac
C 100
= 0xec91904c
R
P 0xec9018c4
P 0xec911d8c
P 0xec9121ac
C 54
= 0xec919070
R
P 0xec9018c4
U 2
P 0xec919028
P 0xec91904c
p 2
C 61
= 0xec919094
R
P 0xec9018c4
U 2
P 0xec919070
P 0xec919094
p 2
C 62
= 0xec9190b8
R
P 0xec9018c4
P 0xec938174
P 0xec9190b8
C 446
R
P 0xec9018c4
P 0xec9190b8
C 278
R
P 0xec9018c4
U 23
U 0
P 0xec919004
C 105
= 0xec913e0c
R
P 0xec9018c4
P 0xec9121ac
P 0xec913e0c
C 104
= 0xec919148
R
P 0xec9018c4
S "s\09116\093"
C 29
R
P 0xec9018c4
$ |s\09116\093|
P 0xec9117d4
C 49
= 0xec9121c4
R
P 0xec9018c4
I 97
P 0xec9117d4
C 144
= 0xec912014
R
P 0xec9018c4
P 0xec912014
P 0xec9121c4
C 98
= 0xec91916c
R
P 0xec9018c4
I 122
P 0xec9117d4
C 144
= 0xec91202c
R
P 0xec9018c4
P 0xec91202c
P 0xec9121c4
C 100
= 0xec919190
R
P 0xec9018c4
P 0xec911d8c
P 0xec9121c4
C 54
= 0xec9191b4
R
P 0xec9018c4
U 2
P 0xec91916c
P 0xec919190
p 2
C 61
= 0xec9191d8
R
P 0xec9018c4
U 2
P 0xec9191b4
P 0xec9191d8
p 2
C 62
= 0xec9191fc
R
P 0xec9018c4
P 0xec938174
P 0xec9191fc
C 446
R
P 0xec9018c4
P 0xec9191fc
C 278
R
P 0xec9018c4
I 1111638594
P 0xec911a14
C 144
= 0xec912044
R
P 0xec9018c4
U 31
U 8
P 0xec912044
C 105
= 0xec9139ac
R
P 0xec9018c4
P 0xec9139ac
P 0xec9121c4
C 104
= 0xec91928c
R
P 0xec9018c4
S "s\09117\093"
C 29
R
P 0xec9018c4
$ |s\09117\093|
P 0xec9117d4
C 49
= 0xec9121dc
R
P 0xec9018c4
I 97
P 0xec9117d4
C 144
= 0xec912014
R
P 0xec9018c4
P 0xec912014
P 0xec9121dc
C 98
= 0xec9192b0
R
P 0xec9018c4
I 122
P 0xec9117d4
C 144
= 0xec91202c
R
P 0xec9018c4
P 0xec91202c
P 0xec9121dc
C 100
= 0xec9192d4
R
P 0xec9018c4
P 0xec911d8c
P 0xec9121dc
C 54
= 0xec9192f8
R
P 0xec9018c4
U 2
P 0xec9192b0
P 0xec9192d4
p 2
C 61
= 0xec91931c
R
P 0xec9018c4
U 2
P 0xec9192f8
P 0xec91931c
p 2
C 62
= 0xec919340
R
P 0xec9018c4
P 0xec938174
P 0xec919340
C 446
R
P 0xec9018c4
P 0xec919340
C 278
R
P 0xec9018c4
U 7
U 0
P 0xec91928c
C 105
= 0xec913e6c
R
P 0xec9018c4
P 0xec9121dc
P 0xec913e6c
C 104
= 0xec9193d0
R
P 0xec9018c4
U 31
U 16
P 0xec91928c
C 105
= 0xec913e8c
R
P 0xec9018c4
P 0xec913e8c
P 0xec9193d0
C 104
= 0xec9193f4
R
P 0xec9018c4
S "s\09118\093"
C 29
R
P 0xec9018c4
$ |s\09118\093|
P 0xec9117d4
C 49
= 0xec9121f4
R
P 0xec9018c4
I 97
P 0xec9117d4
C 144
= 0xec912014
R
P 0xec9018c4
P 0xec912014
P 0xec9121f4
C 98
= 0xec919418
R
P 0xec9018c4
I 122
P 0xec9117d4
C 144
= 0xec91202c
R
P 0xec9018c4
P 0xec91202c
P 0xec9121f4
C 100
= 0xec91943c
R
P 0xec9018c4
P 0xec911d8c
P 0xec9121f4
C 54
= 0xec919460
R
P 0xec9018c4
U 2
P 0xec919418
P 0xec91943c
p 2
C 61
= 0xec919484
R
P 0xec9018c4
U 2
P 0xec919460
P 0xec919484
p 2
C 62
= 0xec9194a8
R
P 0xec9018c4
P 0xec938174
P 0xec9194a8
C 446
R
P 0xec9018c4
P 0xec9194a8
C 278
R
P 0xec9018c4
U 15
U 0
P 0xec9193f4
C 105
= 0xec913ecc
R
P 0xec9018c4
P 0xec9121f4
P 0xec913ecc
C 104
= 0xec919538
R
P 0xec9018c4
U 31
U 24
P 0xec9193f4
C 105
= 0xec913eec
R
P 0xec9018c4
P 0xec913eec
P 0xec919538
C 104
= 0xec91955c
R
P 0xec9018c4
S "s\09119\093"
C 29
R
P 0xec9018c4
$ |s\09119\093|
P 0xec9117d4
C 49
= 0xec91220c
R
P 0xec9018c4
I 97
P 0xec9117d4
C 144
= 0xec912014
R
P 0xec9018c4
P 0xec912014
P 0xec91220c
C 98
= 0xec919580
R
P 0xec9018c4
I 122
P 0xec9117d4
C 144
= 0xec91202c
R
P 0xec9018c4
P 0xec91202c
P 0xec91220c
C 100
= 0xec9195a4
R
P 0xec9018c4
P 0xec911d8c
P 0xec91220c
C 54
= 0xec9195c8
R
P 0xec9018c4
U 2
P 0xec919580
P 0xec9195a4
p 2
C 61
= 0xec9195ec
R
P 0xec9018c4
U 2
P 0xec9195c8
P 0xec9195ec
p 2
C 62
= 0xec919610
R
P 0xec9018c4
P 0xec938174
P 0xec919610
C 446
R
P 0xec9018c4
P 0xec919610
C 278
R
P 0xec9018c4
U 23
U 0
P 0xec91955c
C 105
= 0xec913f2c
R
P 0xec9018c4
P 0xec91220c
P 0xec913f2c
C 104
= 0xec9196a0
R
P 0xec9018c4
S "s\09120\093"
C 29
R
P 0xec9018c4
$ |s\09120\093|
P 0xec9117d4
C 49
= 0xec912224
R
P 0xec9018c4
I 97
P 0xec9117d4
C 144
= 0xec912014
R
P 0xec9018c4
P 0xec912014
P 0xec912224
C 98
= 0xec9196c4
R
P 0xec9018c4
I 122
P 0xec9117d4
C 144
= 0xec91202c
R
P 0xec9018c4
P 0xec91202c
P 0xec912224
C 100
= 0xec9196e8
R
P 0xec9018c4
P 0xec911d8c
P 0xec912224
C 54
= 0xec91970c
R
P 0xec9018c4
U 2
P 0xec9196c4
P 0xec9196e8
p 2
C 61
= 0xec762334
R
P 0xec9018c4
U 2
P 0xec91970c
P 0xec762334
p 2
C 62
= 0xec762358
R
P 0xec9018c4
P 0xec938174
P 0xec762358
C 446
R
P 0xec9018c4
P 0xec762358
C 278
R
P 0xec9018c4
I 1111638594
P 0xec911a14
C 144
= 0xec912044
R
P 0xec9018c4
U 31
U 8
P 0xec912044
C 105
= 0xec9139ac
R
P 0xec9018c4
P 0xec9139ac
P 0xec912224
C 104
= 0xec7623e8
R
P 0xec9018c4
S "s\09121\093"
C 29
R
P 0xec9018c4
$ |s\09121\093|
P 0xec9117d4
C 49
= 0xec91223c
R
P 0xec9018c4
I 97
P 0xec9117d4
C 144
= 0xec912014
R
P 0xec9018c4
P 0xec912014
P 0xec91223c
C 98
= 0xec76240c
R
P 0xec9018c4
I 122
P 0xec9117d4
C 144
= 0xec91202c
R
P 0xec9018c4
P 0xec91202c
P 0xec91223c
C 100
= 0xec762430
R
P 0xec9018c4
P 0xec911d8c
P 0xec91223c
C 54
= 0xec762454
R
P 0xec9018c4
U 2
P 0xec76240c
P 0xec762430
p 2
C 61
= 0xec762478
R
P 0xec9018c4
U 2
P 0xec762454
P 0xec762478
p 2
C 62
= 0xec76249c
R
P 0xec9018c4
P 0xec938174
P 0xec76249c
C 446
R
P 0xec9018c4
P 0xec76249c
C 278
R
P 0xec9018c4
U 7
U 0
P 0xec7623e8
C 105
= 0xec913f8c
R
P 0xec9018c4
P 0xec91223c
P 0xec913f8c
C 104
= 0xec76252c
R
P 0xec9018c4
U 31
U 16
P 0xec7623e8
C 105
= 0xec913fac
R
P 0xec9018c4
P 0xec913fac
P 0xec76252c
C 104
= 0xec762550
R
P 0xec9018c4
S "s\09122\093"
C 29
R
P 0xec9018c4
$ |s\09122\093|
P 0xec9117d4
C 49
= 0xec912254
R
P 0xec9018c4
I 97
P 0xec9117d4
C 144
= 0xec912014
R
P 0xec9018c4
P 0xec912014
P 0xec912254
C 98
= 0xec762574
R
P 0xec9018c4
I 122
P 0xec9117d4
C 144
= 0xec91202c
R
P 0xec9018c4
P 0xec91202c
P 0xec912254
C 100
= 0xec762598
R
P 0xec9018c4
P 0xec911d8c
P 0xec912254
C 54
= 0xec7625bc
R
P 0xec9018c4
U 2
P 0xec762574
P 0xec762598
p 2
C 61
= 0xec7625e0
R
P 0xec9018c4
U 2
P 0xec7625bc
P 0xec7625e0
p 2
C 62
= 0xec762604
R
P 0xec9018c4
P 0xec938174
P 0xec762604
C 446
R
P 0xec9018c4
P 0xec762604
C 278
R
P 0xec9018c4
U 15
U 0
P 0xec762550
C 105
= 0xec913fec
R
P 0xec9018c4
P 0xec912254
P 0xec913fec
C 104
= 0xec762694
R
P 0xec9018c4
U 31
U 24
P 0xec762550
C 105
= 0xec91400c
R
P 0xec9018c4
P 0xec91400c
P 0xec762694
C 104
= 0xec7626b8
R
P 0xec9018c4
S "s\09123\093"
C 29
R
P 0xec9018c4
$ |s\09123\093|
P 0xec9117d4
C 49
= 0xec91226c
R
P 0xec9018c4
I 97
P 0xec9117d4
C 144
= 0xec912014
R
P 0xec9018c4
P 0xec912014
P 0xec91226c
C 98
= 0xec7626dc
R
P 0xec9018c4
I 122
P 0xec9117d4
C 144
= 0xec91202c
R
P 0xec9018c4
P 0xec91202c
P 0xec91226c
C 100
= 0xec762700
R
P 0xec9018c4
P 0xec911d8c
P 0xec91226c
C 54
= 0xec762724
R
P 0xec9018c4
U 2
P 0xec7626dc
P 0xec762700
p 2
C 61
= 0xec762748
R
P 0xec9018c4
U 2
P 0xec762724
P 0xec762748
p 2
C 62
= 0xec76276c
R
P 0xec9018c4
P 0xec938174
P 0xec76276c
C 446
R
P 0xec9018c4
P 0xec76276c
C 278
R
P 0xec9018c4
U 23
U 0
P 0xec7626b8
C 105
= 0xec91404c
R
P 0xec9018c4
P 0xec91226c
P 0xec91404c
C 104
= 0xec7627fc
R
P 0xec9018c4
S "s\09124\093"
C 29
R
P 0xec9018c4
$ |s\09124\093|
P 0xec9117d4
C 49
= 0xec912284
R
P 0xec9018c4
I 97
P 0xec9117d4
C 144
= 0xec912014
R
P 0xec9018c4
P 0xec912014
P 0xec912284
C 98
= 0xec762820
R
P 0xec9018c4
I 122
P 0xec9117d4
C 144
= 0xec91202c
R
P 0xec9018c4
P 0xec91202c
P 0xec912284
C 100
= 0xec762844
R
P 0xec9018c4
P 0xec911d8c
P 0xec912284
C 54
= 0xec762868
R
P 0xec9018c4
U 2
P 0xec762820
P 0xec762844
p 2
C 61
= 0xec76288c
R
P 0xec9018c4
U 2
P 0xec762868
P 0xec76288c
p 2
C 62
= 0xec7628b0
R
P 0xec9018c4
P 0xec938174
P 0xec7628b0
C 446
R
P 0xec9018c4
P 0xec7628b0
C 278
R
P 0xec9018c4
I 1111638594
P 0xec911a14
C 144
= 0xec912044
R
P 0xec9018c4
U 31
U 8
P 0xec912044
C 105
= 0xec9139ac
R
P 0xec9018c4
P 0xec9139ac
P 0xec912284
C 104
= 0xec762940
R
P 0xec9018c4
S "s\09125\093"
C 29
R
P 0xec9018c4
$ |s\09125\093|
P 0xec9117d4
C 49
= 0xec91229c
R
P 0xec9018c4
I 97
P 0xec9117d4
C 144
= 0xec912014
R
P 0xec9018c4
P 0xec912014
P 0xec91229c
C 98
= 0xec762964
R
P 0xec9018c4
I 122
P 0xec9117d4
C 144
= 0xec91202c
R
P 0xec9018c4
P 0xec91202c
P 0xec91229c
C 100
= 0xec762988
R
P 0xec9018c4
P 0xec911d8c
P 0xec91229c
C 54
= 0xec7629ac
R
P 0xec9018c4
U 2
P 0xec762964
P 0xec762988
p 2
C 61
= 0xec7629d0
R
P 0xec9018c4
U 2
P 0xec7629ac
P 0xec7629d0
p 2
C 62
= 0xec7629f4
R
P 0xec9018c4
P 0xec938174
P 0xec7629f4
C 446
R
P 0xec9018c4
P 0xec7629f4
C 278
R
P 0xec9018c4
U 7
U 0
P 0xec762940
C 105
= 0xec9140ac
R
P 0xec9018c4
P 0xec91229c
P 0xec9140ac
C 104
= 0xec762a84
R
P 0xec9018c4
U 31
U 16
P 0xec762940
C 105
= 0xec9140cc
R
P 0xec9018c4
P 0xec9140cc
P 0xec762a84
C 104
= 0xec762aa8
R
P 0xec9018c4
S "s\09126\093"
C 29
R
P 0xec9018c4
$ |s\09126\093|
P 0xec9117d4
C 49
= 0xec9122b4
R
P 0xec9018c4
I 97
P 0xec9117d4
C 144
= 0xec912014
R
P 0xec9018c4
P 0xec912014
P 0xec9122b4
C 98
= 0xec762acc
R
P 0xec9018c4
I 122
P 0xec9117d4
C 144
= 0xec91202c
R
P 0xec9018c4
P 0xec91202c
P 0xec9122b4
C 100
= 0xec762af0
R
P 0xec9018c4
P 0xec911d8c
P 0xec9122b4
C 54
= 0xec762b14
R
P 0xec9018c4
U 2
P 0xec762acc
P 0xec762af0
p 2
C 61
= 0xec762b38
R
P 0xec9018c4
U 2
P 0xec762b14
P 0xec762b38
p 2
C 62
= 0xec762b5c
R
P 0xec9018c4
P 0xec938174
P 0xec762b5c
C 446
R
P 0xec9018c4
P 0xec762b5c
C 278
R
P 0xec9018c4
U 15
U 0
P 0xec762aa8
C 105
= 0xec91410c
R
P 0xec9018c4
P 0xec9122b4
P 0xec91410c
C 104
= 0xec762bec
R
P 0xec9018c4
U 31
U 24
P 0xec762aa8
C 105
= 0xec91412c
R
P 0xec9018c4
P 0xec91412c
P 0xec762bec
C 104
= 0xec762c10
R
P 0xec9018c4
S "s\09127\093"
C 29
R
P 0xec9018c4
$ |s\09127\093|
P 0xec9117d4
C 49
= 0xec9122cc
R
P 0xec9018c4
I 97
P 0xec9117d4
C 144
= 0xec912014
R
P 0xec9018c4
P 0xec912014
P 0xec9122cc
C 98
= 0xec762c34
R
P 0xec9018c4
I 122
P 0xec9117d4
C 144
= 0xec91202c
R
P 0xec9018c4
P 0xec91202c
P 0xec9122cc
C 100
= 0xec762c58
R
P 0xec9018c4
P 0xec911d8c
P 0xec9122cc
C 54
= 0xec762c7c
R
P 0xec9018c4
U 2
P 0xec762c34
P 0xec762c58
p 2
C 61
= 0xec762ca0
R
P 0xec9018c4
U 2
P 0xec762c7c
P 0xec762ca0
p 2
C 62
= 0xec762cc4
R
P 0xec9018c4
P 0xec938174
P 0xec762cc4
C 446
R
P 0xec9018c4
P 0xec762cc4
C 278
R
P 0xec9018c4
U 23
U 0
P 0xec762c10
C 105
= 0xec91416c
R
P 0xec9018c4
P 0xec9122cc
P 0xec91416c
C 104
= 0xec762d54
R
P 0xec9018c4
S "s\09128\093"
C 29
R
P 0xec9018c4
$ |s\09128\093|
P 0xec9117d4
C 49
= 0xec9122e4
R
P 0xec9018c4
I 97
P 0xec9117d4
C 144
= 0xec912014
R
P 0xec9018c4
P 0xec912014
P 0xec9122e4
C 98
= 0xec762d78
R
P 0xec9018c4
I 122
P 0xec9117d4
C 144
= 0xec91202c
R
P 0xec9018c4
P 0xec91202c
P 0xec9122e4
C 100
= 0xec762d9c
R
P 0xec9018c4
P 0xec911d8c
P 0xec9122e4
C 54
= 0xec762dc0
R
P 0xec9018c4
U 2
P 0xec762d78
P 0xec762d9c
p 2
C 61
= 0xec762de4
R
P 0xec9018c4
U 2
P 0xec762dc0
P 0xec762de4
p 2
C 62
= 0xec762e08
R
P 0xec9018c4
P 0xec938174
P 0xec762e08
C 446
R
P 0xec9018c4
P 0xec762e08
C 278
R
P 0xec9018c4
I 1111638594
P 0xec911a14
C 144
= 0xec912044
R
P 0xec9018c4
U 31
U 8
P 0xec912044
C 105
= 0xec9139ac
R
P 0xec9018c4
P 0xec9139ac
P 0xec9122e4
C 104
= 0xec762e98
R
P 0xec9018c4
S "s\09129\093"
C 29
R
P 0xec9018c4
$ |s\09129\093|
P 0xec9117d4
C 49
= 0xec9122fc
R
P 0xec9018c4
I 97
P 0xec9117d4
C 144
= 0xec912014
R
P 0xec9018c4
P 0xec912014
P 0xec9122fc
C 98
= 0xec762ebc
R
P 0xec9018c4
I 122
P 0xec9117d4
C 144
= 0xec91202c
R
P 0xec9018c4
P 0xec91202c
P 0xec9122fc
C 100
= 0xec762ee0
R
P 0xec9018c4
P 0xec911d8c
P 0xec9122fc
C 54
= 0xec762f04
R
P 0xec9018c4
U 2
P 0xec762ebc
P 0xec762ee0
p 2
C 61
= 0xec762f28
R
P 0xec9018c4
U 2
P 0xec762f04
P 0xec762f28
p 2
C 62
= 0xec762f4c
R
P 0xec9018c4
P 0xec938174
P 0xec762f4c
C 446
R
P 0xec9018c4
P 0xec762f4c
C 278
R
P 0xec9018c4
U 7
U 0
P 0xec762e98
C 105
= 0xec9141cc
R
P 0xec9018c4
P 0xec9122fc
P 0xec9141cc
C 104
= 0xec762fdc
R
P 0xec9018c4
U 31
U 16
P 0xec762e98
C 105
= 0xec9141ec
R
P 0xec9018c4
P 0xec9141ec
P 0xec762fdc
C 104
= 0xec763000
R
P 0xec9018c4
S "s\09130\093"
C 29
R
P 0xec9018c4
$ |s\09130\093|
P 0xec9117d4
C 49
= 0xec912314
R
P 0xec9018c4
I 97
P 0xec9117d4
C 144
= 0xec912014
R
P 0xec9018c4
P 0xec912014
P 0xec912314
C 98
= 0xec763024
R
P 0xec9018c4
I 122
P 0xec9117d4
C 144
= 0xec91202c
R
P 0xec9018c4
P 0xec91202c
P 0xec912314
C 100
= 0xec763048
R
P 0xec9018c4
P 0xec911d8c
P 0xec912314
C 54
= 0xec76306c
R
P 0xec9018c4
U 2
P 0xec763024
P 0xec763048
p 2
C 61
= 0xec763090
R
P 0xec9018c4
U 2
P 0xec76306c
P 0xec763090
p 2
C 62
= 0xec7630b4
R
P 0xec9018c4
P 0xec938174
P 0xec7630b4
C 446
R
P 0xec9018c4
P 0xec7630b4
C 278
R
P 0xec9018c4
U 15
U 0
P 0xec763000
C 105
= 0xec91422c
R
P 0xec9018c4
P 0xec912314
P 0xec91422c
C 104
= 0xec763144
R
P 0xec9018c4
U 31
U 24
P 0xec763000
C 105
= 0xec91424c
R
P 0xec9018c4
P 0xec91424c
P 0xec763144
C 104
= 0xec763168
R
P 0xec9018c4
S "s\09131\093"
C 29
R
P 0xec9018c4
$ |s\09131\093|
P 0xec9117d4
C 49
= 0xec91232c
R
P 0xec9018c4
I 97
P 0xec9117d4
C 144
= 0xec912014
R
P 0xec9018c4
P 0xec912014
P 0xec91232c
C 98
= 0xec76318c
R
P 0xec9018c4
I 122
P 0xec9117d4
C 144
= 0xec91202c
R
P 0xec9018c4
P 0xec91202c
P 0xec91232c
C 100
= 0xec7631b0
R
P 0xec9018c4
P 0xec911d8c
P 0xec91232c
C 54
= 0xec7631d4
R
P 0xec9018c4
U 2
P 0xec76318c
P 0xec7631b0
p 2
C 61
= 0xec7631f8
R
P 0xec9018c4
U 2
P 0xec7631d4
P 0xec7631f8
p 2
C 62
= 0xec76321c
R
P 0xec9018c4
P 0xec938174
P 0xec76321c
C 446
R
P 0xec9018c4
P 0xec76321c
C 278
R
P 0xec9018c4
U 23
U 0
P 0xec763168
C 105
= 0xec91428c
R
P 0xec9018c4
P 0xec91232c
P 0xec91428c
C 104
= 0xec7632ac
R
P 0xec9018c4
S "s\09132\093"
C 29
R
P 0xec9018c4
$ |s\09132\093|
P 0xec9117d4
C 49
= 0xec912344
R
P 0xec9018c4
I 97
P 0xec9117d4
C 144
= 0xec912014
R
P 0xec9018c4
P 0xec912014
P 0xec912344
C 98
= 0xec7632d0
R
P 0xec9018c4
I 122
P 0xec9117d4
C 144
= 0xec91202c
R
P 0xec9018c4
P 0xec91202c
P 0xec912344
C 100
= 0xec7632f4
R
P 0xec9018c4
P 0xec911d8c
P 0xec912344
C 54
= 0xec763318
R
P 0xec9018c4
U 2
P 0xec7632d0
P 0xec7632f4
p 2
C 61
= 0xec76333c
R
P 0xec9018c4
U 2
P 0xec763318
P 0xec76333c
p 2
C 62
= 0xec763360
R
P 0xec9018c4
P 0xec938174
P 0xec763360
C 446
R
P 0xec9018c4
P 0xec763360
C 278
R
P 0xec9018c4
I 1111638594
P 0xec911a14
C 144
= 0xec912044
R
P 0xec9018c4
U 31
U 8
P 0xec912044
C 105
= 0xec9139ac
R
P 0xec9018c4
P 0xec9139ac
P 0xec912344
C 104
= 0xec7633f0
R
P 0xec9018c4
S "s\09133\093"
C 29
R
P 0xec9018c4
$ |s\09133\093|
P 0xec9117d4
C 49
= 0xec91235c
R
P 0xec9018c4
I 97
P 0xec9117d4
C 144
= 0xec912014
R
P 0xec9018c4
P 0xec912014
P 0xec91235c
C 98
= 0xec763414
R
P 0xec9018c4
I 122
P 0xec9117d4
C 144
= 0xec91202c
R
P 0xec9018c4
P 0xec91202c
P 0xec91235c
C 100
= 0xec763438
R
P 0xec9018c4
P 0xec911d8c
P 0xec91235c
C 54
= 0xec76345c
R
P 0xec9018c4
U 2
P 0xec763414
P 0xec763438
p 2
C 61
= 0xec763480
R
P 0xec9018c4
U 2
P 0xec76345c
P 0xec763480
p 2
C 62
= 0xec7634a4
R
P 0xec9018c4
P 0xec938174
P 0xec7634a4
C 446
R
P 0xec9018c4
P 0xec7634a4
C 278
R
P 0xec9018c4
U 7
U 0
P 0xec7633f0
C 105
= 0xec9142ec
R
P 0xec9018c4
P 0xec91235c
P 0xec9142ec
C 104
= 0xec763534
R
P 0xec9018c4
U 31
U 16
P 0xec7633f0
C 105
= 0xec91430c
R
P 0xec9018c4
P 0xec91430c
P 0xec763534
C 104
= 0xec763558
R
P 0xec9018c4
S "s\09134\093"
C 29
R
P 0xec9018c4
$ |s\09134\093|
P 0xec9117d4
C 49
= 0xec912374
R
P 0xec9018c4
I 97
P 0xec9117d4
C 144
= 0xec912014
R
P 0xec9018c4
P 0xec912014
P 0xec912374
C 98
= 0xec76357c
R
P 0xec9018c4
I 122
P 0xec9117d4
C 144
= 0xec91202c
R
P 0xec9018c4
P 0xec91202c
P 0xec912374
C 100
= 0xec7635a0
R
P 0xec9018c4
P 0xec911d8c
P 0xec912374
C 54
= 0xec7635c4
R
P 0xec9018c4
U 2
P 0xec76357c
P 0xec7635a0
p 2
C 61
= 0xec7635e8
R
P 0xec9018c4
U 2
P 0xec7635c4
P 0xec7635e8
p 2
C 62
= 0xec76360c
R
P 0xec9018c4
P 0xec938174
P 0xec76360c
C 446
R
P 0xec9018c4
P 0xec76360c
C 278
R
P 0xec9018c4
U 15
U 0
P 0xec763558
C 105
= 0xec91434c
R
P 0xec9018c4
P 0xec912374
P 0xec91434c
C 104
= 0xec76369c
R
P 0xec9018c4
U 31
U 24
P 0xec763558
C 105
= 0xec91436c
R
P 0xec9018c4
P 0xec91436c
P 0xec76369c
C 104
= 0xec7636c0
R
P 0xec9018c4
S "s\09135\093"
C 29
R
P 0xec9018c4
$ |s\09135\093|
P 0xec9117d4
C 49
= 0xec91238c
R
P 0xec9018c4
I 97
P 0xec9117d4
C 144
= 0xec912014
R
P 0xec9018c4
P 0xec912014
P 0xec91238c
C 98
= 0xec7636e4
R
P 0xec9018c4
I 122
P 0xec9117d4
C 144
= 0xec91202c
R
P 0xec9018c4
P 0xec91202c
P 0xec91238c
C 100
= 0xec763708
R
P 0xec9018c4
P 0xec911d8c
P 0xec91238c
C 54
= 0xec76372c
R
P 0xec9018c4
U 2
P 0xec7636e4
P 0xec763708
p 2
C 61
= 0xec763750
R
P 0xec9018c4
U 2
P 0xec76372c
P 0xec763750
p 2
C 62
= 0xec763774
R
P 0xec9018c4
P 0xec938174
P 0xec763774
C 446
R
P 0xec9018c4
P 0xec763774
C 278
R
P 0xec9018c4
U 23
U 0
P 0xec7636c0
C 105
= 0xec9143ac
R
P 0xec9018c4
P 0xec91238c
P 0xec9143ac
C 104
= 0xec763804
R
P 0xec9018c4
S "s\09136\093"
C 29
R
P 0xec9018c4
$ |s\09136\093|
P 0xec9117d4
C 49
= 0xec9123a4
R
P 0xec9018c4
I 97
P 0xec9117d4
C 144
= 0xec912014
R
P 0xec9018c4
P 0xec912014
P 0xec9123a4
C 98
= 0xec763828
R
P 0xec9018c4
I 122
P 0xec9117d4
C 144
= 0xec91202c
R
P 0xec9018c4
P 0xec91202c
P 0xec9123a4
C 100
= 0xec76384c
R
P 0xec9018c4
P 0xec911d8c
P 0xec9123a4
C 54
= 0xec763870
R
P 0xec9018c4
U 2
P 0xec763828
P 0xec76384c
p 2
C 61
= 0xec763894
R
P 0xec9018c4
U 2
P 0xec763870
P 0xec763894
p 2
C 62
= 0xec7638b8
R
P 0xec9018c4
P 0xec938174
P 0xec7638b8
C 446
R
P 0xec9018c4
P 0xec7638b8
C 278
R
P 0xec9018c4
I 1111638594
P 0xec911a14
C 144
= 0xec912044
R
P 0xec9018c4
U 31
U 8
P 0xec912044
C 105
= 0xec9139ac
R
P 0xec9018c4
P 0xec9139ac
P 0xec9123a4
C 104
= 0xec763948
R
P 0xec9018c4
S "s\09137\093"
C 29
R
P 0xec9018c4
$ |s\09137\093|
P 0xec9117d4
C 49
= 0xec9123bc
R
P 0xec9018c4
I 97
P 0xec9117d4
C 144
= 0xec912014
R
P 0xec9018c4
P 0xec912014
P 0xec9123bc
C 98
= 0xec76396c
R
P 0xec9018c4
I 122
P 0xec9117d4
C 144
= 0xec91202c
R
P 0xec9018c4
P 0xec91202c
P 0xec9123bc
C 100
= 0xec763990
R
P 0xec9018c4
P 0xec911d8c
P 0xec9123bc
C 54
= 0xec7639b4
R
P 0xec9018c4
U 2
P 0xec76396c
P 0xec763990
p 2
C 61
= 0xec7639d8
R
P 0xec9018c4
U 2
P 0xec7639b4
P 0xec7639d8
p 2
C 62
= 0xec7639fc
R
P 0xec9018c4
P 0xec938174
P 0xec7639fc
C 446
R
P 0xec9018c4
P 0xec7639fc
C 278
R
P 0xec9018c4
U 7
U 0
P 0xec763948
C 105
= 0xec91440c
R
P 0xec9018c4
P 0xec9123bc
P 0xec91440c
C 104
= 0xec763a8c
R
P 0xec9018c4
U 31
U 16
P 0xec763948
C 105
= 0xec91442c
R
P 0xec9018c4
P 0xec91442c
P 0xec763a8c
C 104
= 0xec763ab0
R
P 0xec9018c4
S "s\09138\093"
C 29
R
P 0xec9018c4
$ |s\09138\093|
P 0xec9117d4
C 49
= 0xec9123d4
R
P 0xec9018c4
I 97
P 0xec9117d4
C 144
= 0xec912014
R
P 0xec9018c4
P 0xec912014
P 0xec9123d4
C 98
= 0xec763ad4
R
P 0xec9018c4
I 122
P 0xec9117d4
C 144
= 0xec91202c
R
P 0xec9018c4
P 0xec91202c
P 0xec9123d4
C 100
= 0xec763af8
R
P 0xec9018c4
P 0xec911d8c
P 0xec9123d4
C 54
= 0xec763b1c
R
P 0xec9018c4
U 2
P 0xec763ad4
P 0xec763af8
p 2
C 61
= 0xec763b40
R
P 0xec9018c4
U 2
P 0xec763b1c
P 0xec763b40
p 2
C 62
= 0xec763b64
R
P 0xec9018c4
P 0xec938174
P 0xec763b64
C 446
R
P 0xec9018c4
P 0xec763b64
C 278
R
P 0xec9018c4
U 15
U 0
P 0xec763ab0
C 105
= 0xec91446c
R
P 0xec9018c4
P 0xec9123d4
P 0xec91446c
C 104
= 0xec763bf4
R
P 0xec9018c4
U 31
U 24
P 0xec763ab0
C 105
= 0xec91448c
R
P 0xec9018c4
P 0xec91448c
P 0xec763bf4
C 104
= 0xec763c18
R
P 0xec9018c4
S "s\09139\093"
C 29
R
P 0xec9018c4
$ |s\09139\093|
P 0xec9117d4
C 49
= 0xec9123ec
R
P 0xec9018c4
I 97
P 0xec9117d4
C 144
= 0xec912014
R
P 0xec9018c4
P 0xec912014
P 0xec9123ec
C 98
= 0xec763c3c
R
P 0xec9018c4
I 122
P 0xec9117d4
C 144
= 0xec91202c
R
P 0xec9018c4
P 0xec91202c
P 0xec9123ec
C 100
= 0xec763c60
R
P 0xec9018c4
P 0xec911d8c
P 0xec9123ec
C 54
= 0xec763c84
R
P 0xec9018c4
U 2
P 0xec763c3c
P 0xec763c60
p 2
C 61
= 0xec763ca8
R
P 0xec9018c4
U 2
P 0xec763c84
P 0xec763ca8
p 2
C 62
= 0xec763ccc
R
P 0xec9018c4
P 0xec938174
P 0xec763ccc
C 446
R
P 0xec9018c4
P 0xec763ccc
C 278
R
P 0xec9018c4
U 23
U 0
P 0xec763c18
C 105
= 0xec9144cc
R
P 0xec9018c4
P 0xec9123ec
P 0xec9144cc
C 104
= 0xec763d5c
R
P 0xec9018c4
S "s\09140\093"
C 29
R
P 0xec9018c4
$ |s\09140\093|
P 0xec9117d4
C 49
= 0xec912404
R
P 0xec9018c4
I 97
P 0xec9117d4
C 144
= 0xec912014
R
P 0xec9018c4
P 0xec912014
P 0xec912404
C 98
= 0xec763d80
R
P 0xec9018c4
I 122
P 0xec9117d4
C 144
= 0xec91202c
R
P 0xec9018c4
P 0xec91202c
P 0xec912404
C 100
= 0xec763da4
R
P 0xec9018c4
P 0xec911d8c
P 0xec912404
C 54
= 0xec763dc8
R
P 0xec9018c4
U 2
P 0xec763d80
P 0xec763da4
p 2
C 61
= 0xec763dec
R
P 0xec9018c4
U 2
P 0xec763dc8
P 0xec763dec
p 2
C 62
= 0xec763e10
R
P 0xec9018c4
P 0xec938174
P 0xec763e10
C 446
R
P 0xec9018c4
P 0xec763e10
C 278
R
P 0xec9018c4
I 1111638594
P 0xec911a14
C 144
= 0xec912044
R
P 0xec9018c4
U 31
U 8
P 0xec912044
C 105
= 0xec9139ac
R
P 0xec9018c4
P 0xec9139ac
P 0xec912404
C 104
= 0xec763ea0
R
P 0xec9018c4
S "s\09141\093"
C 29
R
P 0xec9018c4
$ |s\09141\093|
P 0xec9117d4
C 49
= 0xec91241c
R
P 0xec9018c4
I 97
P 0xec9117d4
C 144
= 0xec912014
R
P 0xec9018c4
P 0xec912014
P 0xec91241c
C 98
= 0xec763ec4
R
P 0xec9018c4
I 122
P 0xec9117d4
C 144
= 0xec91202c
R
P 0xec9018c4
P 0xec91202c
P 0xec91241c
C 100
= 0xec763ee8
R
P 0xec9018c4
P 0xec911d8c
P 0xec91241c
C 54
= 0xec763f0c
R
P 0xec9018c4
U 2
P 0xec763ec4
P 0xec763ee8
p 2
C 61
= 0xec763f30
R
P 0xec9018c4
U 2
P 0xec763f0c
P 0xec763f30
p 2
C 62
= 0xec763f54
R
P 0xec9018c4
P 0xec938174
P 0xec763f54
C 446
R
P 0xec9018c4
P 0xec763f54
C 278
R
P 0xec9018c4
U 7
U 0
P 0xec763ea0
C 105
= 0xec91452c
R
P 0xec9018c4
P 0xec91241c
P 0xec91452c
C 104
= 0xec763fe4
R
P 0xec9018c4
U 31
U 16
P 0xec763ea0
C 105
= 0xec91454c
R
P 0xec9018c4
P 0xec91454c
P 0xec763fe4
C 104
= 0xec764008
R
P 0xec9018c4
S "s\09142\093"
C 29
R
P 0xec9018c4
$ |s\09142\093|
P 0xec9117d4
C 49
= 0xec912434
R
P 0xec9018c4
I 97
P 0xec9117d4
C 144
= 0xec912014
R
P 0xec9018c4
P 0xec912014
P 0xec912434
C 98
= 0xec76402c
R
P 0xec9018c4
I 122
P 0xec9117d4
C 144
= 0xec91202c
R
P 0xec9018c4
P 0xec91202c
P 0xec912434
C 100
= 0xec764050
R
P 0xec9018c4
P 0xec911d8c
P 0xec912434
C 54
= 0xec764074
R
P 0xec9018c4
U 2
P 0xec76402c
P 0xec764050
p 2
C 61
= 0xec764098
R
P 0xec9018c4
U 2
P 0xec764074
P 0xec764098
p 2
C 62
= 0xec7640bc
R
P 0xec9018c4
P 0xec938174
P 0xec7640bc
C 446
R
P 0xec9018c4
P 0xec7640bc
C 278
R
P 0xec9018c4
U 15
U 0
P 0xec764008
C 105
= 0xec91458c
R
P 0xec9018c4
P 0xec912434
P 0xec91458c
C 104
= 0xec76414c
R
P 0xec9018c4
U 31
U 24
P 0xec764008
C 105
= 0xec9145ac
R
P 0xec9018c4
P 0xec9145ac
P 0xec76414c
C 104
= 0xec764170
R
P 0xec9018c4
S "s\09143\093"
C 29
R
P 0xec9018c4
$ |s\09143\093|
P 0xec9117d4
C 49
= 0xec91244c
R
P 0xec9018c4
I 97
P 0xec9117d4
C 144
= 0xec912014
R
P 0xec9018c4
P 0xec912014
P 0xec91244c
C 98
= 0xec764194
R
P 0xec9018c4
I 122
P 0xec9117d4
C 144
= 0xec91202c
R
P 0xec9018c4
P 0xec91202c
P 0xec91244c
C 100
= 0xec7641b8
R
P 0xec9018c4
P 0xec911d8c
P 0xec91244c
C 54
= 0xec7641dc
R
P 0xec9018c4
U 2
P 0xec764194
P 0xec7641b8
p 2
C 61
= 0xec764200
R
P 0xec9018c4
U 2
P 0xec7641dc
P 0xec764200
p 2
C 62
= 0xec764224
R
P 0xec9018c4
P 0xec938174
P 0xec764224
C 446
R
P 0xec9018c4
P 0xec764224
C 278
R
P 0xec9018c4
U 23
U 0
P 0xec764170
C 105
= 0xec9145ec
R
P 0xec9018c4
P 0xec91244c
P 0xec9145ec
C 104
= 0xec7642b4
R
P 0xec9018c4
S "s\09144\093"
C 29
R
P 0xec9018c4
$ |s\09144\093|
P 0xec9117d4
C 49
= 0xec912464
R
P 0xec9018c4
I 97
P 0xec9117d4
C 144
= 0xec912014
R
P 0xec9018c4
P 0xec912014
P 0xec912464
C 98
= 0xec7642d8
R
P 0xec9018c4
I 122
P 0xec9117d4
C 144
= 0xec91202c
R
P 0xec9018c4
P 0xec91202c
P 0xec912464
C 100
= 0xec7642fc
R
P 0xec9018c4
P 0xec911d8c
P 0xec912464
C 54
= 0xec75ed24
R
P 0xec9018c4
U 2
P 0xec7642d8
P 0xec7642fc
p 2
C 61
= 0xec75ed48
R
P 0xec9018c4
U 2
P 0xec75ed24
P 0xec75ed48
p 2
C 62
= 0xec75ed6c
R
P 0xec9018c4
P 0xec938174
P 0xec75ed6c
C 446
R
P 0xec9018c4
P 0xec75ed6c
C 278
R
P 0xec9018c4
I 1111638594
P 0xec911a14
C 144
= 0xec912044
R
P 0xec9018c4
U 31
U 8
P 0xec912044
C 105
= 0xec9139ac
R
P 0xec9018c4
P 0xec9139ac
P 0xec912464
C 104
= 0xec75edfc
R
P 0xec9018c4
S "s\09145\093"
C 29
R
P 0xec9018c4
$ |s\09145\093|
P 0xec9117d4
C 49
= 0xec91247c
R
P 0xec9018c4
I 97
P 0xec9117d4
C 144
= 0xec912014
R
P 0xec9018c4
P 0xec912014
P 0xec91247c
C 98
= 0xec75ee20
R
P 0xec9018c4
I 122
P 0xec9117d4
C 144
= 0xec91202c
R
P 0xec9018c4
P 0xec91202c
P 0xec91247c
C 100
= 0xec75ee44
R
P 0xec9018c4
P 0xec911d8c
P 0xec91247c
C 54
= 0xec75ee68
R
P 0xec9018c4
U 2
P 0xec75ee20
P 0xec75ee44
p 2
C 61
= 0xec75ee8c
R
P 0xec9018c4
U 2
P 0xec75ee68
P 0xec75ee8c
p 2
C 62
= 0xec75eeb0
R
P 0xec9018c4
P 0xec938174
P 0xec75eeb0
C 446
R
P 0xec9018c4
P 0xec75eeb0
C 278
R
P 0xec9018c4
U 7
U 0
P 0xec75edfc
C 105
= 0xec91464c
R
P 0xec9018c4
P 0xec91247c
P 0xec91464c
C 104
= 0xec75ef40
R
P 0xec9018c4
U 31
U 16
P 0xec75edfc
C 105
= 0xec91466c
R
P 0xec9018c4
P 0xec91466c
P 0xec75ef40
C 104
= 0xec75ef64
R
P 0xec9018c4
S "s\09146\093"
C 29
R
P 0xec9018c4
$ |s\09146\093|
P 0xec9117d4
C 49
= 0xec912494
R
P 0xec9018c4
I 97
P 0xec9117d4
C 144
= 0xec912014
R
P 0xec9018c4
P 0xec912014
P 0xec912494
C 98
= 0xec75ef88
R
P 0xec9018c4
I 122
P 0xec9117d4
C 144
= 0xec91202c
R
P 0xec9018c4
P 0xec91202c
P 0xec912494
C 100
= 0xec75efac
R
P 0xec9018c4
P 0xec911d8c
P 0xec912494
C 54
= 0xec75efd0
R
P 0xec9018c4
U 2
P 0xec75ef88
P 0xec75efac
p 2
C 61
= 0xec75eff4
R
P 0xec9018c4
U 2
P 0xec75efd0
P 0xec75eff4
p 2
C 62
= 0xec75f018
R
P 0xec9018c4
P 0xec938174
P 0xec75f018
C 446
R
P 0xec9018c4
P 0xec75f018
C 278
R
P 0xec9018c4
U 15
U 0
P 0xec75ef64
C 105
= 0xec9146ac
R
P 0xec9018c4
P 0xec912494
P 0xec9146ac
C 104
= 0xec75f0a8
R
P 0xec9018c4
U 31
U 24
P 0xec75ef64
C 105
= 0xec9146cc
R
P 0xec9018c4
P 0xec9146cc
P 0xec75f0a8
C 104
= 0xec75f0cc
R
P 0xec9018c4
S "s\09147\093"
C 29
R
P 0xec9018c4
$ |s\09147\093|
P 0xec9117d4
C 49
= 0xec9124ac
R
P 0xec9018c4
I 97
P 0xec9117d4
C 144
= 0xec912014
R
P 0xec9018c4
P 0xec912014
P 0xec9124ac
C 98
= 0xec75f0f0
R
P 0xec9018c4
I 122
P 0xec9117d4
C 144
= 0xec91202c
R
P 0xec9018c4
P 0xec91202c
P 0xec9124ac
C 100
= 0xec75f114
R
P 0xec9018c4
P 0xec911d8c
P 0xec9124ac
C 54
= 0xec75f138
R
P 0xec9018c4
U 2
P 0xec75f0f0
P 0xec75f114
p 2
C 61
= 0xec75f15c
R
P 0xec9018c4
U 2
P 0xec75f138
P 0xec75f15c
p 2
C 62
= 0xec75f180
R
P 0xec9018c4
P 0xec938174
P 0xec75f180
C 446
R
P 0xec9018c4
P 0xec75f180
C 278
R
P 0xec9018c4
U 23
U 0
P 0xec75f0cc
C 105
= 0xec91470c
R
P 0xec9018c4
P 0xec9124ac
P 0xec91470c
C 104
= 0xec75f210
R
P 0xec9018c4
S "s\09148\093"
C 29
R
P 0xec9018c4
$ |s\09148\093|
P 0xec9117d4
C 49
= 0xec9124c4
R
P 0xec9018c4
I 97
P 0xec9117d4
C 144
= 0xec912014
R
P 0xec9018c4
P 0xec912014
P 0xec9124c4
C 98
= 0xec75f234
R
P 0xec9018c4
I 122
P 0xec9117d4
C 144
= 0xec91202c
R
P 0xec9018c4
P 0xec91202c
P 0xec9124c4
C 100
= 0xec75f258
R
P 0xec9018c4
P 0xec911d8c
P 0xec9124c4
C 54
= 0xec75f27c
R
P 0xec9018c4
U 2
P 0xec75f234
P 0xec75f258
p 2
C 61
= 0xec75f2a0
R
P 0xec9018c4
U 2
P 0xec75f27c
P 0xec75f2a0
p 2
C 62
= 0xec75f2c4
R
P 0xec9018c4
P 0xec938174
P 0xec75f2c4
C 446
R
P 0xec9018c4
P 0xec75f2c4
C 278
R
P 0xec9018c4
I 1111638594
P 0xec911a14
C 144
= 0xec912044
R
P 0xec9018c4
U 31
U 8
P 0xec912044
C 105
= 0xec9139ac
R
P 0xec9018c4
P 0xec9139ac
P 0xec9124c4
C 104
= 0xec75f354
R
P 0xec9018c4
S "s\09149\093"
C 29
R
P 0xec9018c4
$ |s\09149\093|
P 0xec9117d4
C 49
= 0xec9124dc
R
P 0xec9018c4
I 97
P 0xec9117d4
C 144
= 0xec912014
R
P 0xec9018c4
P 0xec912014
P 0xec9124dc
C 98
= 0xec75f378
R
P 0xec9018c4
I 122
P 0xec9117d4
C 144
= 0xec91202c
R
P 0xec9018c4
P 0xec91202c
P 0xec9124dc
C 100
= 0xec75f39c
R
P 0xec9018c4
P 0xec911d8c
P 0xec9124dc
C 54
= 0xec75f3c0
R
P 0xec9018c4
U 2
P 0xec75f378
P 0xec75f39c
p 2
C 61
= 0xec75f3e4
R
P 0xec9018c4
U 2
P 0xec75f3c0
P 0xec75f3e4
p 2
C 62
= 0xec75f408
R
P 0xec9018c4
P 0xec938174
P 0xec75f408
C 446
R
P 0xec9018c4
P 0xec75f408
C 278
R
P 0xec9018c4
U 7
U 0
P 0xec75f354
C 105
= 0xec91476c
R
P 0xec9018c4
P 0xec9124dc
P 0xec91476c
C 104
= 0xec75f498
R
P 0xec9018c4
U 31
U 16
P 0xec75f354
C 105
= 0xec91478c
R
P 0xec9018c4
P 0xec91478c
P 0xec75f498
C 104
= 0xec75f4bc
R
P 0xec9018c4
S "s\09150\093"
C 29
R
P 0xec9018c4
$ |s\09150\093|
P 0xec9117d4
C 49
= 0xec9124f4
R
P 0xec9018c4
I 97
P 0xec9117d4
C 144
= 0xec912014
R
P 0xec9018c4
P 0xec912014
P 0xec9124f4
C 98
= 0xec75f4e0
R
P 0xec9018c4
I 122
P 0xec9117d4
C 144
= 0xec91202c
R
P 0xec9018c4
P 0xec91202c
P 0xec9124f4
C 100
= 0xec75f504
R
P 0xec9018c4
P 0xec911d8c
P 0xec9124f4
C 54
= 0xec75f528
R
P 0xec9018c4
U 2
P 0xec75f4e0
P 0xec75f504
p 2
C 61
= 0xec75f54c
R
P 0xec9018c4
U 2
P 0xec75f528
P 0xec75f54c
p 2
C 62
= 0xec75f570
R
P 0xec9018c4
P 0xec938174
P 0xec75f570
C 446
R
P 0xec9018c4
P 0xec75f570
C 278
R
P 0xec9018c4
U 15
U 0
P 0xec75f4bc
C 105
= 0xec9147cc
R
P 0xec9018c4
P 0xec9124f4
P 0xec9147cc
C 104
= 0xec75f600
R
P 0xec9018c4
U 31
U 24
P 0xec75f4bc
C 105
= 0xec9147ec
R
P 0xec9018c4
P 0xec9147ec
P 0xec75f600
C 104
= 0xec75f624
R
P 0xec9018c4
S "s\09151\093"
C 29
R
P 0xec9018c4
$ |s\09151\093|
P 0xec9117d4
C 49
= 0xec91250c
R
P 0xec9018c4
I 97
P 0xec9117d4
C 144
= 0xec912014
R
P 0xec9018c4
P 0xec912014
P 0xec91250c
C 98
= 0xec75f648
R
P 0xec9018c4
I 122
P 0xec9117d4
C 144
= 0xec91202c
R
P 0xec9018c4
P 0xec91202c
P 0xec91250c
C 100
= 0xec75f66c
R
P 0xec9018c4
P 0xec911d8c
P 0xec91250c
C 54
= 0xec75f690
R
P 0xec9018c4
U 2
P 0xec75f648
P 0xec75f66c
p 2
C 61
= 0xec75f6b4
R
P 0xec9018c4
U 2
P 0xec75f690
P 0xec75f6b4
p 2
C 62
= 0xec75f6d8
R
P 0xec9018c4
P 0xec938174
P 0xec75f6d8
C 446
R
P 0xec9018c4
P 0xec75f6d8
C 278
R
P 0xec9018c4
U 23
U 0
P 0xec75f624
C 105
= 0xec91482c
R
P 0xec9018c4
P 0xec91250c
P 0xec91482c
C 104
= 0xec75f768
R
P 0xec9018c4
S "s\09152\093"
C 29
R
P 0xec9018c4
$ |s\09152\093|
P 0xec9117d4
C 49
= 0xec912524
R
P 0xec9018c4
I 97
P 0xec9117d4
C 144
= 0xec912014
R
P 0xec9018c4
P 0xec912014
P 0xec912524
C 98
= 0xec75f78c
R
P 0xec9018c4
I 122
P 0xec9117d4
C 144
= 0xec91202c
R
P 0xec9018c4
P 0xec91202c
P 0xec912524
C 100
= 0xec75f7b0
R
P 0xec9018c4
P 0xec911d8c
P 0xec912524
C 54
= 0xec75f7d4
R
P 0xec9018c4
U 2
P 0xec75f78c
P 0xec75f7b0
p 2
C 61
= 0xec75f7f8
R
P 0xec9018c4
U 2
P 0xec75f7d4
P 0xec75f7f8
p 2
C 62
= 0xec75f81c
R
P 0xec9018c4
P 0xec938174
P 0xec75f81c
C 446
R
P 0xec9018c4
P 0xec75f81c
C 278
R
P 0xec9018c4
I 1111638594
P 0xec911a14
C 144
= 0xec912044
R
P 0xec9018c4
U 31
U 8
P 0xec912044
C 105
= 0xec9139ac
R
P 0xec9018c4
P 0xec9139ac
P 0xec912524
C 104
= 0xec75f8ac
R
P 0xec9018c4
S "s\09153\093"
C 29
R
P 0xec9018c4
$ |s\09153\093|
P 0xec9117d4
C 49
= 0xec91253c
R
P 0xec9018c4
I 97
P 0xec9117d4
C 144
= 0xec912014
R
P 0xec9018c4
P 0xec912014
P 0xec91253c
C 98
= 0xec75f8d0
R
P 0xec9018c4
I 122
P 0xec9117d4
C 144
= 0xec91202c
R
P 0xec9018c4
P 0xec91202c
P 0xec91253c
C 100
= 0xec75f8f4
R
P 0xec9018c4
P 0xec911d8c
P 0xec91253c
C 54
= 0xec75f918
R
P 0xec9018c4
U 2
P 0xec75f8d0
P 0xec75f8f4
p 2
C 61
= 0xec75f93c
R
P 0xec9018c4
U 2
P 0xec75f918
P 0xec75f93c
p 2
C 62
= 0xec75f960
R
P 0xec9018c4
P 0xec938174
P 0xec75f960
C 446
R
P 0xec9018c4
P 0xec75f960
C 278
R
P 0xec9018c4
U 7
U 0
P 0xec75f8ac
C 105
= 0xec91488c
R
P 0xec9018c4
P 0xec91253c
P 0xec91488c
C 104
= 0xec75f9f0
R
P 0xec9018c4
U 31
U 16
P 0xec75f8ac
C 105
= 0xec9148ac
R
P 0xec9018c4
P 0xec9148ac
P 0xec75f9f0
C 104
= 0xec75fa14
R
P 0xec9018c4
S "s\09154\093"
C 29
R
P 0xec9018c4
$ |s\09154\093|
P 0xec9117d4
C 49
= 0xec912554
R
P 0xec9018c4
I 97
P 0xec9117d4
C 144
= 0xec912014
R
P 0xec9018c4
P 0xec912014
P 0xec912554
C 98
= 0xec75fa38
R
P 0xec9018c4
I 122
P 0xec9117d4
C 144
= 0xec91202c
R
P 0xec9018c4
P 0xec91202c
P 0xec912554
C 100
= 0xec75fa5c
R
P 0xec9018c4
P 0xec911d8c
P 0xec912554
C 54
= 0xec75fa80
R
P 0xec9018c4
U 2
P 0xec75fa38
P 0xec75fa5c
p 2
C 61
= 0xec75faa4
R
P 0xec9018c4
U 2
P 0xec75fa80
P 0xec75faa4
p 2
C 62
= 0xec75fac8
R
P 0xec9018c4
P 0xec938174
P 0xec75fac8
C 446
R
P 0xec9018c4
P 0xec75fac8
C 278
R
P 0xec9018c4
U 15
U 0
P 0xec75fa14
C 105
= 0xec9148ec
R
P 0xec9018c4
P 0xec912554
P 0xec9148ec
C 104
= 0xec75fb58
R
P 0xec9018c4
U 31
U 24
P 0xec75fa14
C 105
= 0xec91490c
R
P 0xec9018c4
P 0xec91490c
P 0xec75fb58
C 104
= 0xec75fb7c
R
P 0xec9018c4
S "s\09155\093"
C 29
R
P 0xec9018c4
$ |s\09155\093|
P 0xec9117d4
C 49
= 0xec91256c
R
P 0xec9018c4
I 97
P 0xec9117d4
C 144
= 0xec912014
R
P 0xec9018c4
P 0xec912014
P 0xec91256c
C 98
= 0xec75fba0
R
P 0xec9018c4
I 122
P 0xec9117d4
C 144
= 0xec91202c
R
P 0xec9018c4
P 0xec91202c
P 0xec91256c
C 100
= 0xec75fbc4
R
P 0xec9018c4
P 0xec911d8c
P 0xec91256c
C 54
= 0xec75fbe8
R
P 0xec9018c4
U 2
P 0xec75fba0
P 0xec75fbc4
p 2
C 61
= 0xec75fc0c
R
P 0xec9018c4
U 2
P 0xec75fbe8
P 0xec75fc0c
p 2
C 62
= 0xec75fc30
R
P 0xec9018c4
P 0xec938174
P 0xec75fc30
C 446
R
P 0xec9018c4
P 0xec75fc30
C 278
R
P 0xec9018c4
U 23
U 0
P 0xec75fb7c
C 105
= 0xec91494c
R
P 0xec9018c4
P 0xec91256c
P 0xec91494c
C 104
= 0xec75fcc0
R
P 0xec9018c4
S "s\09156\093"
C 29
R
P 0xec9018c4
$ |s\09156\093|
P 0xec9117d4
C 49
= 0xec912584
R
P 0xec9018c4
I 97
P 0xec9117d4
C 144
= 0xec912014
R
P 0xec9018c4
P 0xec912014
P 0xec912584
C 98
= 0xec75fce4
R
P 0xec9018c4
I 122
P 0xec9117d4
C 144
= 0xec91202c
R
P 0xec9018c4
P 0xec91202c
P 0xec912584
C 100
= 0xec75fd08
R
P 0xec9018c4
P 0xec911d8c
P 0xec912584
C 54
= 0xec75fd2c
R
P 0xec9018c4
U 2
P 0xec75fce4
P 0xec75fd08
p 2
C 61
= 0xec75fd50
R
P 0xec9018c4
U 2
P 0xec75fd2c
P 0xec75fd50
p 2
C 62
= 0xec75fd74
R
P 0xec9018c4
P 0xec938174
P 0xec75fd74
C 446
R
P 0xec9018c4
P 0xec75fd74
C 278
R
P 0xec9018c4
I 1111638594
P 0xec911a14
C 144
= 0xec912044
R
P 0xec9018c4
U 31
U 8
P 0xec912044
C 105
= 0xec9139ac
R
P 0xec9018c4
P 0xec9139ac
P 0xec912584
C 104
= 0xec75fe04
R
P 0xec9018c4
S "s\09157\093"
C 29
R
P 0xec9018c4
$ |s\09157\093|
P 0xec9117d4
C 49
= 0xec91259c
R
P 0xec9018c4
I 97
P 0xec9117d4
C 144
= 0xec912014
R
P 0xec9018c4
P 0xec912014
P 0xec91259c
C 98
= 0xec75fe28
R
P 0xec9018c4
I 122
P 0xec9117d4
C 144
= 0xec91202c
R
P 0xec9018c4
P 0xec91202c
P 0xec91259c
C 100
= 0xec75fe4c
R
P 0xec9018c4
P 0xec911d8c
P 0xec91259c
C 54
= 0xec75fe70
R
P 0xec9018c4
U 2
P 0xec75fe28
P 0xec75fe4c
p 2
C 61
= 0xec75fe94
R
P 0xec9018c4
U 2
P 0xec75fe70
P 0xec75fe94
p 2
C 62
= 0xec75feb8
R
P 0xec9018c4
P 0xec938174
P 0xec75feb8
C 446
R
P 0xec9018c4
P 0xec75feb8
C 278
R
P 0xec9018c4
U 7
U 0
P 0xec75fe04
C 105
= 0xec9149ac
R
P 0xec9018c4
P 0xec91259c
P 0xec9149ac
C 104
= 0xec75ff48
R
P 0xec9018c4
U 31
U 16
P 0xec75fe04
C 105
= 0xec9149cc
R
P 0xec9018c4
P 0xec9149cc
P 0xec75ff48
C 104
= 0xec75ff6c
R
P 0xec9018c4
S "s\09158\093"
C 29
R
P 0xec9018c4
$ |s\09158\093|
P 0xec9117d4
C 49
= 0xec9125b4
R
P 0xec9018c4
I 97
P 0xec9117d4
C 144
= 0xec912014
R
P 0xec9018c4
P 0xec912014
P 0xec9125b4
C 98
= 0xec75ff90
R
P 0xec9018c4
I 122
P 0xec9117d4
C 144
= 0xec91202c
R
P 0xec9018c4
P 0xec91202c
P 0xec9125b4
C 100
= 0xec75ffb4
R
P 0xec9018c4
P 0xec911d8c
P 0xec9125b4
C 54
= 0xec75ffd8
R
P 0xec9018c4
U 2
P 0xec75ff90
P 0xec75ffb4
p 2
C 61
= 0xec75fffc
R
P 0xec9018c4
U 2
P 0xec75ffd8
P 0xec75fffc
p 2
C 62
= 0xec760020
R
P 0xec9018c4
P 0xec938174
P 0xec760020
C 446
R
P 0xec9018c4
P 0xec760020
C 278
R
P 0xec9018c4
U 15
U 0
P 0xec75ff6c
C 105
= 0xec914a0c
R
P 0xec9018c4
P 0xec9125b4
P 0xec914a0c
C 104
= 0xec7600b0
R
P 0xec9018c4
U 31
U 24
P 0xec75ff6c
C 105
= 0xec914a2c
R
P 0xec9018c4
P 0xec914a2c
P 0xec7600b0
C 104
= 0xec7600d4
R
P 0xec9018c4
S "s\09159\093"
C 29
R
P 0xec9018c4
$ |s\09159\093|
P 0xec9117d4
C 49
= 0xec9125cc
R
P 0xec9018c4
I 97
P 0xec9117d4
C 144
= 0xec912014
R
P 0xec9018c4
P 0xec912014
P 0xec9125cc
C 98
= 0xec7600f8
R
P 0xec9018c4
I 122
P 0xec9117d4
C 144
= 0xec91202c
R
P 0xec9018c4
P 0xec91202c
P 0xec9125cc
C 100
= 0xec76011c
R
P 0xec9018c4
P 0xec911d8c
P 0xec9125cc
C 54
= 0xec760140
R
P 0xec9018c4
U 2
P 0xec7600f8
P 0xec76011c
p 2
C 61
= 0xec760164
R
P 0xec9018c4
U 2
P 0xec760140
P 0xec760164
p 2
C 62
= 0xec760188
R
P 0xec9018c4
P 0xec938174
P 0xec760188
C 446
R
P 0xec9018c4
P 0xec760188
C 278
R
P 0xec9018c4
U 23
U 0
P 0xec7600d4
C 105
= 0xec914a6c
R
P 0xec9018c4
P 0xec9125cc
P 0xec914a6c
C 104
= 0xec760218
R
P 0xec9018c4
S "s\09160\093"
C 29
R
P 0xec9018c4
$ |s\09160\093|
P 0xec9117d4
C 49
= 0xec9125e4
R
P 0xec9018c4
I 97
P 0xec9117d4
C 144
= 0xec912014
R
P 0xec9018c4
P 0xec912014
P 0xec9125e4
C 98
= 0xec76023c
R
P 0xec9018c4
I 122
P 0xec9117d4
C 144
= 0xec91202c
R
P 0xec9018c4
P 0xec91202c
P 0xec9125e4
C 100
= 0xec760260
R
P 0xec9018c4
P 0xec911d8c
P 0xec9125e4
C 54
= 0xec760284
R
P 0xec9018c4
U 2
P 0xec76023c
P 0xec760260
p 2
C 61
= 0xec7602a8
R
P 0xec9018c4
U 2
P 0xec760284
P 0xec7602a8
p 2
C 62
= 0xec7602cc
R
P 0xec9018c4
P 0xec938174
P 0xec7602cc
C 446
R
P 0xec9018c4
P 0xec7602cc
C 278
R
P 0xec9018c4
I 1111638594
P 0xec911a14
C 144
= 0xec912044
R
P 0xec9018c4
U 31
U 8
P 0xec912044
C 105
= 0xec9139ac
R
P 0xec9018c4
P 0xec9139ac
P 0xec9125e4
C 104
= 0xec76035c
R
P 0xec9018c4
S "s\09161\093"
C 29
R
P 0xec9018c4
$ |s\09161\093|
P 0xec9117d4
C 49
= 0xec9125fc
R
P 0xec9018c4
I 97
P 0xec9117d4
C 144
= 0xec912014
R
P 0xec9018c4
P 0xec912014
P 0xec9125fc
C 98
= 0xec760380
R
P 0xec9018c4
I 122
P 0xec9117d4
C 144
= 0xec91202c
R
P 0xec9018c4
P 0xec91202c
P 0xec9125fc
C 100
= 0xec7603a4
R
P 0xec9018c4
P 0xec911d8c
P 0xec9125fc
C 54
= 0xec7603c8
R
P 0xec9018c4
U 2
P 0xec760380
P 0xec7603a4
p 2
C 61
= 0xec7603ec
R
P 0xec9018c4
U 2
P 0xec7603c8
P 0xec7603ec
p 2
C 62
= 0xec760410
R
P 0xec9018c4
P 0xec938174
P 0xec760410
C 446
R
P 0xec9018c4
P 0xec760410
C 278
R
P 0xec9018c4
U 7
U 0
P 0xec76035c
C 105
= 0xec914acc
R
P 0xec9018c4
P 0xec9125fc
P 0xec914acc
C 104
= 0xec7604a0
R
P 0xec9018c4
U 31
U 16
P 0xec76035c
C 105
= 0xec914aec
R
P 0xec9018c4
P 0xec914aec
P 0xec7604a0
C 104
= 0xec7604c4
R
P 0xec9018c4
S "s\09162\093"
C 29
R
P 0xec9018c4
$ |s\09162\093|
P 0xec9117d4
C 49
= 0xec912614
R
P 0xec9018c4
I 97
P 0xec9117d4
C 144
= 0xec912014
R
P 0xec9018c4
P 0xec912014
P 0xec912614
C 98
= 0xec7604e8
R
P 0xec9018c4
I 122
P 0xec9117d4
C 144
= 0xec91202c
R
P 0xec9018c4
P 0xec91202c
P 0xec912614
C 100
= 0xec76050c
R
P 0xec9018c4
P 0xec911d8c
P 0xec912614
C 54
= 0xec760530
R
P 0xec9018c4
U 2
P 0xec7604e8
P 0xec76050c
p 2
C 61
= 0xec760554
R
P 0xec9018c4
U 2
P 0xec760530
P 0xec760554
p 2
C 62
= 0xec760578
R
P 0xec9018c4
P 0xec938174
P 0xec760578
C 446
R
P 0xec9018c4
P 0xec760578
C 278
R
P 0xec9018c4
U 15
U 0
P 0xec7604c4
C 105
= 0xec914b2c
R
P 0xec9018c4
P 0xec912614
P 0xec914b2c
C 104
= 0xec760608
R
P 0xec9018c4
U 31
U 24
P 0xec7604c4
C 105
= 0xec914b4c
R
P 0xec9018c4
P 0xec914b4c
P 0xec760608
C 104
= 0xec76062c
R
P 0xec9018c4
S "s\09163\093"
C 29
R
P 0xec9018c4
$ |s\09163\093|
P 0xec9117d4
C 49
= 0xec91262c
R
P 0xec9018c4
I 97
P 0xec9117d4
C 144
= 0xec912014
R
P 0xec9018c4
P 0xec912014
P 0xec91262c
C 98
= 0xec760650
R
P 0xec9018c4
I 122
P 0xec9117d4
C 144
= 0xec91202c
R
P 0xec9018c4
P 0xec91202c
P 0xec91262c
C 100
= 0xec760674
R
P 0xec9018c4
P 0xec911d8c
P 0xec91262c
C 54
= 0xec760698
R
P 0xec9018c4
U 2
P 0xec760650
P 0xec760674
p 2
C 61
= 0xec7606bc
R
P 0xec9018c4
U 2
P 0xec760698
P 0xec7606bc
p 2
C 62
= 0xec7606e0
R
P 0xec9018c4
P 0xec938174
P 0xec7606e0
C 446
R
P 0xec9018c4
P 0xec7606e0
C 278
R
P 0xec9018c4
U 23
U 0
P 0xec76062c
C 105
= 0xec914b8c
R
P 0xec9018c4
P 0xec91262c
P 0xec914b8c
C 104
= 0xec760770
R
P 0xec9018c4
S "s\09164\093"
C 29
R
P 0xec9018c4
$ |s\09164\093|
P 0xec9117d4
C 49
= 0xec912644
R
P 0xec9018c4
I 97
P 0xec9117d4
C 144
= 0xec912014
R
P 0xec9018c4
P 0xec912014
P 0xec912644
C 98
= 0xec760794
R
P 0xec9018c4
I 122
P 0xec9117d4
C 144
= 0xec91202c
R
P 0xec9018c4
P 0xec91202c
P 0xec912644
C 100
= 0xec7607b8
R
P 0xec9018c4
P 0xec911d8c
P 0xec912644
C 54
= 0xec7607dc
R
P 0xec9018c4
U 2
P 0xec760794
P 0xec7607b8
p 2
C 61
= 0xec760800
R
P 0xec9018c4
U 2
P 0xec7607dc
P 0xec760800
p 2
C 62
= 0xec760824
R
P 0xec9018c4
P 0xec938174
P 0xec760824
C 446
R
P 0xec9018c4
P 0xec760824
C 278
R
P 0xec9018c4
I 1111638594
P 0xec911a14
C 144
= 0xec912044
R
P 0xec9018c4
U 31
U 8
P 0xec912044
C 105
= 0xec9139ac
R
P 0xec9018c4
P 0xec9139ac
P 0xec912644
C 104
= 0xec7608b4
R
P 0xec9018c4
S "s\09165\093"
C 29
R
P 0xec9018c4
$ |s\09165\093|
P 0xec9117d4
C 49
= 0xec91265c
R
P 0xec9018c4
I 97
P 0xec9117d4
C 144
= 0xec912014
R
P 0xec9018c4
P 0xec912014
P 0xec91265c
C 98
= 0xec7608d8
R
P 0xec9018c4
I 122
P 0xec9117d4
C 144
= 0xec91202c
R
P 0xec9018c4
P 0xec91202c
P 0xec91265c
C 100
= 0xec7608fc
R
P 0xec9018c4
P 0xec911d8c
P 0xec91265c
C 54
= 0xec760920
R
P 0xec9018c4
U 2
P 0xec7608d8
P 0xec7608fc
p 2
C 61
= 0xec760944
R
P 0xec9018c4
U 2
P 0xec760920
P 0xec760944
p 2
C 62
= 0xec760968
R
P 0xec9018c4
P 0xec938174
P 0xec760968
C 446
R
P 0xec9018c4
P 0xec760968
C 278
R
P 0xec9018c4
U 7
U 0
P 0xec7608b4
C 105
= 0xec914bec
R
P 0xec9018c4
P 0xec91265c
P 0xec914bec
C 104
= 0xec7609f8
R
P 0xec9018c4
U 31
U 16
P 0xec7608b4
C 105
= 0xec914c0c
R
P 0xec9018c4
P 0xec914c0c
P 0xec7609f8
C 104
= 0xec760a1c
R
P 0xec9018c4
S "s\09166\093"
C 29
R
P 0xec9018c4
$ |s\09166\093|
P 0xec9117d4
C 49
= 0xec912674
R
P 0xec9018c4
I 97
P 0xec9117d4
C 144
= 0xec912014
R
P 0xec9018c4
P 0xec912014
P 0xec912674
C 98
= 0xec760a40
R
P 0xec9018c4
I 122
P 0xec9117d4
C 144
= 0xec91202c
R
P 0xec9018c4
P 0xec91202c
P 0xec912674
C 100
= 0xec760a64
R
P 0xec9018c4
P 0xec911d8c
P 0xec912674
C 54
= 0xec760a88
R
P 0xec9018c4
U 2
P 0xec760a40
P 0xec760a64
p 2
C 61
= 0xec760aac
R
P 0xec9018c4
U 2
P 0xec760a88
P 0xec760aac
p 2
C 62
= 0xec760ad0
R
P 0xec9018c4
P 0xec938174
P 0xec760ad0
C 446
R
P 0xec9018c4
P 0xec760ad0
C 278
R
P 0xec9018c4
U 15
U 0
P 0xec760a1c
C 105
= 0xec914c4c
R
P 0xec9018c4
P 0xec912674
P 0xec914c4c
C 104
= 0xec760b60
R
P 0xec9018c4
U 31
U 24
P 0xec760a1c
C 105
= 0xec914c6c
R
P 0xec9018c4
P 0xec914c6c
P 0xec760b60
C 104
= 0xec760b84
R
P 0xec9018c4
S "s\09167\093"
C 29
R
P 0xec9018c4
$ |s\09167\093|
P 0xec9117d4
C 49
= 0xec91268c
R
P 0xec9018c4
I 97
P 0xec9117d4
C 144
= 0xec912014
R
P 0xec9018c4
P 0xec912014
P 0xec91268c
C 98
= 0xec760ba8
R
P 0xec9018c4
I 122
P 0xec9117d4
C 144
= 0xec91202c
R
P 0xec9018c4
P 0xec91202c
P 0xec91268c
C 100
= 0xec760bcc
R
P 0xec9018c4
P 0xec911d8c
P 0xec91268c
C 54
= 0xec760bf0
R
P 0xec9018c4
U 2
P 0xec760ba8
P 0xec760bcc
p 2
C 61
= 0xec760c14
R
P 0xec9018c4
U 2
P 0xec760bf0
P 0xec760c14
p 2
C 62
= 0xec760c38
R
P 0xec9018c4
P 0xec938174
P 0xec760c38
C 446
R
P 0xec9018c4
P 0xec760c38
C 278
R
P 0xec9018c4
U 23
U 0
P 0xec760b84
C 105
= 0xec914cac
R
P 0xec9018c4
P 0xec91268c
P 0xec914cac
C 104
= 0xec760cc8
R
P 0xec9018c4
S "s\09168\093"
C 29
R
P 0xec9018c4
$ |s\09168\093|
P 0xec9117d4
C 49
= 0xec9126a4
R
P 0xec9018c4
I 97
P 0xec9117d4
C 144
= 0xec912014
R
P 0xec9018c4
P 0xec912014
P 0xec9126a4
C 98
= 0xec760cec
R
P 0xec9018c4
I 122
P 0xec9117d4
C 144
= 0xec91202c
R
P 0xec9018c4
P 0xec91202c
P 0xec9126a4
C 100
= 0xec76433c
R
P 0xec9018c4
P 0xec911d8c
P 0xec9126a4
C 54
= 0xec764360
R
P 0xec9018c4
U 2
P 0xec760cec
P 0xec76433c
p 2
C 61
= 0xec764384
R
P 0xec9018c4
U 2
P 0xec764360
P 0xec764384
p 2
C 62
= 0xec7643a8
R
P 0xec9018c4
P 0xec938174
P 0xec7643a8
C 446
R
P 0xec9018c4
P 0xec7643a8
C 278
R
P 0xec9018c4
I 1111638594
P 0xec911a14
C 144
= 0xec912044
R
P 0xec9018c4
U 31
U 8
P 0xec912044
C 105
= 0xec9139ac
R
P 0xec9018c4
P 0xec9139ac
P 0xec9126a4
C 104
= 0xec764438
R
P 0xec9018c4
S "s\09169\093"
C 29
R
P 0xec9018c4
$ |s\09169\093|
P 0xec9117d4
C 49
= 0xec9126bc
R
P 0xec9018c4
I 97
P 0xec9117d4
C 144
= 0xec912014
R
P 0xec9018c4
P 0xec912014
P 0xec9126bc
C 98
= 0xec76445c
R
P 0xec9018c4
I 122
P 0xec9117d4
C 144
= 0xec91202c
R
P 0xec9018c4
P 0xec91202c
P 0xec9126bc
C 100
= 0xec764480
R
P 0xec9018c4
P 0xec911d8c
P 0xec9126bc
C 54
= 0xec7644a4
R
P 0xec9018c4
U 2
P 0xec76445c
P 0xec764480
p 2
C 61
= 0xec7644c8
R
P 0xec9018c4
U 2
P 0xec7644a4
P 0xec7644c8
p 2
C 62
= 0xec7644ec
R
P 0xec9018c4
P 0xec938174
P 0xec7644ec
C 446
R
P 0xec9018c4
P 0xec7644ec
C 278
R
P 0xec9018c4
U 7
U 0
P 0xec764438
C 105
= 0xec914d0c
R
P 0xec9018c4
P 0xec9126bc
P 0xec914d0c
C 104
= 0xec76457c
R
P 0xec9018c4
U 31
U 16
P 0xec764438
C 105
= 0xec914d2c
R
P 0xec9018c4
P 0xec914d2c
P 0xec76457c
C 104
= 0xec7645a0
R
P 0xec9018c4
S "s\09170\093"
C 29
R
P 0xec9018c4
$ |s\09170\093|
P 0xec9117d4
C 49
= 0xec9126d4
R
P 0xec9018c4
I 97
P 0xec9117d4
C 144
= 0xec912014
R
P 0xec9018c4
P 0xec912014
P 0xec9126d4
C 98
= 0xec7645c4
R
P 0xec9018c4
I 122
P 0xec9117d4
C 144
= 0xec91202c
R
P 0xec9018c4
P 0xec91202c
P 0xec9126d4
C 100
= 0xec7645e8
R
P 0xec9018c4
P 0xec911d8c
P 0xec9126d4
C 54
= 0xec76460c
R
P 0xec9018c4
U 2
P 0xec7645c4
P 0xec7645e8
p 2
C 61
= 0xec764630
R
P 0xec9018c4
U 2
P 0xec76460c
P 0xec764630
p 2
C 62
= 0xec764654
R
P 0xec9018c4
P 0xec938174
P 0xec764654
C 446
R
P 0xec9018c4
P 0xec764654
C 278
R
P 0xec9018c4
U 15
U 0
P 0xec7645a0
C 105
= 0xec914d6c
R
P 0xec9018c4
P 0xec9126d4
P 0xec914d6c
C 104
= 0xec7646e4
R
P 0xec9018c4
U 31
U 24
P 0xec7645a0
C 105
= 0xec914d8c
R
P 0xec9018c4
P 0xec914d8c
P 0xec7646e4
C 104
= 0xec764708
R
P 0xec9018c4
S "s\09171\093"
C 29
R
P 0xec9018c4
$ |s\09171\093|
P 0xec9117d4
C 49
= 0xec9126ec
R
P 0xec9018c4
I 97
P 0xec9117d4
C 144
= 0xec912014
R
P 0xec9018c4
P 0xec912014
P 0xec9126ec
C 98
= 0xec76472c
R
P 0xec9018c4
I 122
P 0xec9117d4
C 144
= 0xec91202c
R
P 0xec9018c4
P 0xec91202c
P 0xec9126ec
C 100
= 0xec764750
R
P 0xec9018c4
P 0xec911d8c
P 0xec9126ec
C 54
= 0xec764774
R
P 0xec9018c4
U 2
P 0xec76472c
P 0xec764750
p 2
C 61
= 0xec764798
R
P 0xec9018c4
U 2
P 0xec764774
P 0xec764798
p 2
C 62
= 0xec7647bc
R
P 0xec9018c4
P 0xec938174
P 0xec7647bc
C 446
R
P 0xec9018c4
P 0xec7647bc
C 278
R
P 0xec9018c4
U 23
U 0
P 0xec764708
C 105
= 0xec914dcc
R
P 0xec9018c4
P 0xec9126ec
P 0xec914dcc
C 104
= 0xec76484c
R
P 0xec9018c4
S "s\09172\093"
C 29
R
P 0xec9018c4
$ |s\09172\093|
P 0xec9117d4
C 49
= 0xec912704
R
P 0xec9018c4
I 97
P 0xec9117d4
C 144
= 0xec912014
R
P 0xec9018c4
P 0xec912014
P 0xec912704
C 98
= 0xec764870
R
P 0xec9018c4
I 122
P 0xec9117d4
C 144
= 0xec91202c
R
P 0xec9018c4
P 0xec91202c
P 0xec912704
C 100
= 0xec764894
R
P 0xec9018c4
P 0xec911d8c
P 0xec912704
C 54
= 0xec7648b8
R
P 0xec9018c4
U 2
P 0xec764870
P 0xec764894
p 2
C 61
= 0xec7648dc
R
P 0xec9018c4
U 2
P 0xec7648b8
P 0xec7648dc
p 2
C 62
= 0xec764900
R
P 0xec9018c4
P 0xec938174
P 0xec764900
C 446
R
P 0xec9018c4
P 0xec764900
C 278
R
P 0xec9018c4
I 1111638594
P 0xec911a14
C 144
= 0xec912044
R
P 0xec9018c4
U 31
U 8
P 0xec912044
C 105
= 0xec9139ac
R
P 0xec9018c4
P 0xec9139ac
P 0xec912704
C 104
= 0xec764990
R
P 0xec9018c4
S "s\09173\093"
C 29
R
P 0xec9018c4
$ |s\09173\093|
P 0xec9117d4
C 49
= 0xec91271c
R
P 0xec9018c4
I 97
P 0xec9117d4
C 144
= 0xec912014
R
P 0xec9018c4
P 0xec912014
P 0xec91271c
C 98
= 0xec7649b4
R
P 0xec9018c4
I 122
P 0xec9117d4
C 144
= 0xec91202c
R
P 0xec9018c4
P 0xec91202c
P 0xec91271c
C 100
= 0xec7649d8
R
P 0xec9018c4
P 0xec911d8c
P 0xec91271c
C 54
= 0xec7649fc
R
P 0xec9018c4
U 2
P 0xec7649b4
P 0xec7649d8
p 2
C 61
= 0xec764a20
R
P 0xec9018c4
U 2
P 0xec7649fc
P 0xec764a20
p 2
C 62
= 0xec764a44
R
P 0xec9018c4
P 0xec938174
P 0xec764a44
C 446
R
P 0xec9018c4
P 0xec764a44
C 278
R
P 0xec9018c4
U 7
U 0
P 0xec764990
C 105
= 0xec914e2c
R
P 0xec9018c4
P 0xec91271c
P 0xec914e2c
C 104
= 0xec764ad4
R
P 0xec9018c4
U 31
U 16
P 0xec764990
C 105
= 0xec914e4c
R
P 0xec9018c4
P 0xec914e4c
P 0xec764ad4
C 104
= 0xec764af8
R
P 0xec9018c4
S "s\09174\093"
C 29
R
P 0xec9018c4
$ |s\09174\093|
P 0xec9117d4
C 49
= 0xec912734
R
P 0xec9018c4
I 97
P 0xec9117d4
C 144
= 0xec912014
R
P 0xec9018c4
P 0xec912014
P 0xec912734
C 98
= 0xec764b1c
R
P 0xec9018c4
I 122
P 0xec9117d4
C 144
= 0xec91202c
R
P 0xec9018c4
P 0xec91202c
P 0xec912734
C 100
= 0xec764b40
R
P 0xec9018c4
P 0xec911d8c
P 0xec912734
C 54
= 0xec764b64
R
P 0xec9018c4
U 2
P 0xec764b1c
P 0xec764b40
p 2
C 61
= 0xec764b88
R
P 0xec9018c4
U 2
P 0xec764b64
P 0xec764b88
p 2
C 62
= 0xec764bac
R
P 0xec9018c4
P 0xec938174
P 0xec764bac
C 446
R
P 0xec9018c4
P 0xec764bac
C 278
R
P 0xec9018c4
U 15
U 0
P 0xec764af8
C 105
= 0xec914e8c
R
P 0xec9018c4
P 0xec912734
P 0xec914e8c
C 104
= 0xec764c3c
R
P 0xec9018c4
U 31
U 24
P 0xec764af8
C 105
= 0xec914eac
R
P 0xec9018c4
P 0xec914eac
P 0xec764c3c
C 104
= 0xec764c60
R
P 0xec9018c4
S "s\09175\093"
C 29
R
P 0xec9018c4
$ |s\09175\093|
P 0xec9117d4
C 49
= 0xec91274c
R
P 0xec9018c4
I 97
P 0xec9117d4
C 144
= 0xec912014
R
P 0xec9018c4
P 0xec912014
P 0xec91274c
C 98
= 0xec764c84
R
P 0xec9018c4
I 122
P 0xec9117d4
C 144
= 0xec91202c
R
P 0xec9018c4
P 0xec91202c
P 0xec91274c
C 100
= 0xec764ca8
R
P 0xec9018c4
P 0xec911d8c
P 0xec91274c
C 54
= 0xec764ccc
R
P 0xec9018c4
U 2
P 0xec764c84
P 0xec764ca8
p 2
C 61
= 0xec764cf0
R
P 0xec9018c4
U 2
P 0xec764ccc
P 0xec764cf0
p 2
C 62
= 0xec764d14
R
P 0xec9018c4
P 0xec938174
P 0xec764d14
C 446
R
P 0xec9018c4
P 0xec764d14
C 278
R
P 0xec9018c4
U 23
U 0
P 0xec764c60
C 105
= 0xec914eec
R
P 0xec9018c4
P 0xec91274c
P 0xec914eec
C 104
= 0xec764da4
R
P 0xec9018c4
S "s\09176\093"
C 29
R
P 0xec9018c4
$ |s\09176\093|
P 0xec9117d4
C 49
= 0xec912764
R
P 0xec9018c4
I 97
P 0xec9117d4
C 144
= 0xec912014
R
P 0xec9018c4
P 0xec912014
P 0xec912764
C 98
= 0xec764dc8
R
P 0xec9018c4
I 122
P 0xec9117d4
C 144
= 0xec91202c
R
P 0xec9018c4
P 0xec91202c
P 0xec912764
C 100
= 0xec764dec
R
P 0xec9018c4
P 0xec911d8c
P 0xec912764
C 54
= 0xec764e10
R
P 0xec9018c4
U 2
P 0xec764dc8
P 0xec764dec
p 2
C 61
= 0xec764e34
R
P 0xec9018c4
U 2
P 0xec764e10
P 0xec764e34
p 2
C 62
= 0xec764e58
R
P 0xec9018c4
P 0xec938174
P 0xec764e58
C 446
R
P 0xec9018c4
P 0xec764e58
C 278
R
P 0xec9018c4
I 1111638594
P 0xec911a14
C 144
= 0xec912044
R
P 0xec9018c4
U 31
U 8
P 0xec912044
C 105
= 0xec9139ac
R
P 0xec9018c4
P 0xec9139ac
P 0xec912764
C 104
= 0xec764ee8
R
P 0xec9018c4
S "s\09177\093"
C 29
R
P 0xec9018c4
$ |s\09177\093|
P 0xec9117d4
C 49
= 0xec91277c
R
P 0xec9018c4
I 97
P 0xec9117d4
C 144
= 0xec912014
R
P 0xec9018c4
P 0xec912014
P 0xec91277c
C 98
= 0xec764f0c
R
P 0xec9018c4
I 122
P 0xec9117d4
C 144
= 0xec91202c
R
P 0xec9018c4
P 0xec91202c
P 0xec91277c
C 100
= 0xec764f30
R
P 0xec9018c4
P 0xec911d8c
P 0xec91277c
C 54
= 0xec764f54
R
P 0xec9018c4
U 2
P 0xec764f0c
P 0xec764f30
p 2
C 61
= 0xec764f78
R
P 0xec9018c4
U 2
P 0xec764f54
P 0xec764f78
p 2
C 62
= 0xec764f9c
R
P 0xec9018c4
P 0xec938174
P 0xec764f9c
C 446
R
P 0xec9018c4
P 0xec764f9c
C 278
R
P 0xec9018c4
U 7
U 0
P 0xec764ee8
C 105
= 0xec914f4c
R
P 0xec9018c4
P 0xec91277c
P 0xec914f4c
C 104
= 0xec76502c
R
P 0xec9018c4
U 31
U 16
P 0xec764ee8
C 105
= 0xec914f6c
R
P 0xec9018c4
P 0xec914f6c
P 0xec76502c
C 104
= 0xec765050
R
P 0xec9018c4
S "s\09178\093"
C 29
R
P 0xec9018c4
$ |s\09178\093|
P 0xec9117d4
C 49
= 0xec912794
R
P 0xec9018c4
I 97
P 0xec9117d4
C 144
= 0xec912014
R
P 0xec9018c4
P 0xec912014
P 0xec912794
C 98
= 0xec765074
R
P 0xec9018c4
I 122
P 0xec9117d4
C 144
= 0xec91202c
R
P 0xec9018c4
P 0xec91202c
P 0xec912794
C 100
= 0xec765098
R
P 0xec9018c4
P 0xec911d8c
P 0xec912794
C 54
= 0xec7650bc
R
P 0xec9018c4
U 2
P 0xec765074
P 0xec765098
p 2
C 61
= 0xec7650e0
R
P 0xec9018c4
U 2
P 0xec7650bc
P 0xec7650e0
p 2
C 62
= 0xec765104
R
P 0xec9018c4
P 0xec938174
P 0xec765104
C 446
R
P 0xec9018c4
P 0xec765104
C 278
R
P 0xec9018c4
U 15
U 0
P 0xec765050
C 105
= 0xec914fac
R
P 0xec9018c4
P 0xec912794
P 0xec914fac
C 104
= 0xec765194
R
P 0xec9018c4
U 31
U 24
P 0xec765050
C 105
= 0xec914fcc
R
P 0xec9018c4
P 0xec914fcc
P 0xec765194
C 104
= 0xec7651b8
R
P 0xec9018c4
S "s\09179\093"
C 29
R
P 0xec9018c4
$ |s\09179\093|
P 0xec9117d4
C 49
= 0xec9127ac
R
P 0xec9018c4
I 97
P 0xec9117d4
C 144
= 0xec912014
R
P 0xec9018c4
P 0xec912014
P 0xec9127ac
C 98
= 0xec7651dc
R
P 0xec9018c4
I 122
P 0xec9117d4
C 144
= 0xec91202c
R
P 0xec9018c4
P 0xec91202c
P 0xec9127ac
C 100
= 0xec765200
R
P 0xec9018c4
P 0xec911d8c
P 0xec9127ac
C 54
= 0xec765224
R
P 0xec9018c4
U 2
P 0xec7651dc
P 0xec765200
p 2
C 61
= 0xec765248
R
P 0xec9018c4
U 2
P 0xec765224
P 0xec765248
p 2
C 62
= 0xec76526c
R
P 0xec9018c4
P 0xec938174
P 0xec76526c
C 446
R
P 0xec9018c4
P 0xec76526c
C 278
R
P 0xec9018c4
U 23
U 0
P 0xec7651b8
C 105
= 0xec91500c
R
P 0xec9018c4
P 0xec9127ac
P 0xec91500c
C 104
= 0xec7652fc
R
P 0xec9018c4
S "s\09180\093"
C 29
R
P 0xec9018c4
$ |s\09180\093|
P 0xec9117d4
C 49
= 0xec9127c4
R
P 0xec9018c4
I 97
P 0xec9117d4
C 144
= 0xec912014
R
P 0xec9018c4
P 0xec912014
P 0xec9127c4
C 98
= 0xec765320
R
P 0xec9018c4
I 122
P 0xec9117d4
C 144
= 0xec91202c
R
P 0xec9018c4
P 0xec91202c
P 0xec9127c4
C 100
= 0xec765344
R
P 0xec9018c4
P 0xec911d8c
P 0xec9127c4
C 54
= 0xec765368
R
P 0xec9018c4
U 2
P 0xec765320
P 0xec765344
p 2
C 61
= 0xec76538c
R
P 0xec9018c4
U 2
P 0xec765368
P 0xec76538c
p 2
C 62
= 0xec7653b0
R
P 0xec9018c4
P 0xec938174
P 0xec7653b0
C 446
R
P 0xec9018c4
P 0xec7653b0
C 278
R
P 0xec9018c4
I 1111638594
P 0xec911a14
C 144
= 0xec912044
R
P 0xec9018c4
U 31
U 8
P 0xec912044
C 105
= 0xec9139ac
R
P 0xec9018c4
P 0xec9139ac
P 0xec9127c4
C 104
= 0xec765440
R
P 0xec9018c4
S "s\09181\093"
C 29
R
P 0xec9018c4
$ |s\09181\093|
P 0xec9117d4
C 49
= 0xec9127dc
R
P 0xec9018c4
I 97
P 0xec9117d4
C 144
= 0xec912014
R
P 0xec9018c4
P 0xec912014
P 0xec9127dc
C 98
= 0xec765464
R
P 0xec9018c4
I 122
P 0xec9117d4
C 144
= 0xec91202c
R
P 0xec9018c4
P 0xec91202c
P 0xec9127dc
C 100
= 0xec765488
R
P 0xec9018c4
P 0xec911d8c
P 0xec9127dc
C 54
= 0xec7654ac
R
P 0xec9018c4
U 2
P 0xec765464
P 0xec765488
p 2
C 61
= 0xec7654d0
R
P 0xec9018c4
U 2
P 0xec7654ac
P 0xec7654d0
p 2
C 62
= 0xec7654f4
R
P 0xec9018c4
P 0xec938174
P 0xec7654f4
C 446
R
P 0xec9018c4
P 0xec7654f4
C 278
R
P 0xec9018c4
U 7
U 0
P 0xec765440
C 105
= 0xec91506c
R
P 0xec9018c4
P 0xec9127dc
P 0xec91506c
C 104
= 0xec765584
R
P 0xec9018c4
U 31
U 16
P 0xec765440
C 105
= 0xec91508c
R
P 0xec9018c4
P 0xec91508c
P 0xec765584
C 104
= 0xec7655a8
R
P 0xec9018c4
S "s\09182\093"
C 29
R
P 0xec9018c4
$ |s\09182\093|
P 0xec9117d4
C 49
= 0xec9127f4
R
P 0xec9018c4
I 97
P 0xec9117d4
C 144
= 0xec912014
R
P 0xec9018c4
P 0xec912014
P 0xec9127f4
C 98
= 0xec7655cc
R
P 0xec9018c4
I 122
P 0xec9117d4
C 144
= 0xec91202c
R
P 0xec9018c4
P 0xec91202c
P 0xec9127f4
C 100
= 0xec7655f0
R
P 0xec9018c4
P 0xec911d8c
P 0xec9127f4
C 54
= 0xec765614
R
P 0xec9018c4
U 2
P 0xec7655cc
P 0xec7655f0
p 2
C 61
= 0xec765638
R
P 0xec9018c4
U 2
P 0xec765614
P 0xec765638
p 2
C 62
= 0xec76565c
R
P 0xec9018c4
P 0xec938174
P 0xec76565c
C 446
R
P 0xec9018c4
P 0xec76565c
C 278
R
P 0xec9018c4
U 15
U 0
P 0xec7655a8
C 105
= 0xec9150cc
R
P 0xec9018c4
P 0xec9127f4
P 0xec9150cc
C 104
= 0xec7656ec
R
P 0xec9018c4
U 31
U 24
P 0xec7655a8
C 105
= 0xec9150ec
R
P 0xec9018c4
P 0xec9150ec
P 0xec7656ec
C 104
= 0xec765710
R
P 0xec9018c4
S "s\09183\093"
C 29
R
P 0xec9018c4
$ |s\09183\093|
P 0xec9117d4
C 49
= 0xec91280c
R
P 0xec9018c4
I 97
P 0xec9117d4
C 144
= 0xec912014
R
P 0xec9018c4
P 0xec912014
P 0xec91280c
C 98
= 0xec765734
R
P 0xec9018c4
I 122
P 0xec9117d4
C 144
= 0xec91202c
R
P 0xec9018c4
P 0xec91202c
P 0xec91280c
C 100
= 0xec765758
R
P 0xec9018c4
P 0xec911d8c
P 0xec91280c
C 54
= 0xec76577c
R
P 0xec9018c4
U 2
P 0xec765734
P 0xec765758
p 2
C 61
= 0xec7657a0
R
P 0xec9018c4
U 2
P 0xec76577c
P 0xec7657a0
p 2
C 62
= 0xec7657c4
R
P 0xec9018c4
P 0xec938174
P 0xec7657c4
C 446
R
P 0xec9018c4
P 0xec7657c4
C 278
R
P 0xec9018c4
U 23
U 0
P 0xec765710
C 105
= 0xec91512c
R
P 0xec9018c4
P 0xec91280c
P 0xec91512c
C 104
= 0xec765854
R
P 0xec9018c4
S "s\09184\093"
C 29
R
P 0xec9018c4
$ |s\09184\093|
P 0xec9117d4
C 49
= 0xec912824
R
P 0xec9018c4
I 97
P 0xec9117d4
C 144
= 0xec912014
R
P 0xec9018c4
P 0xec912014
P 0xec912824
C 98
= 0xec765878
R
P 0xec9018c4
I 122
P 0xec9117d4
C 144
= 0xec91202c
R
P 0xec9018c4
P 0xec91202c
P 0xec912824
C 100
= 0xec76589c
R
P 0xec9018c4
P 0xec911d8c
P 0xec912824
C 54
= 0xec7658c0
R
P 0xec9018c4
U 2
P 0xec765878
P 0xec76589c
p 2
C 61
= 0xec7658e4
R
P 0xec9018c4
U 2
P 0xec7658c0
P 0xec7658e4
p 2
C 62
= 0xec765908
R
P 0xec9018c4
P 0xec938174
P 0xec765908
C 446
R
P 0xec9018c4
P 0xec765908
C 278
R
P 0xec9018c4
I 1111638594
P 0xec911a14
C 144
= 0xec912044
R
P 0xec9018c4
U 31
U 8
P 0xec912044
C 105
= 0xec9139ac
R
P 0xec9018c4
P 0xec9139ac
P 0xec912824
C 104
= 0xec765998
R
P 0xec9018c4
S "s\09185\093"
C 29
R
P 0xec9018c4
$ |s\09185\093|
P 0xec9117d4
C 49
= 0xec91283c
R
P 0xec9018c4
I 97
P 0xec9117d4
C 144
= 0xec912014
R
P 0xec9018c4
P 0xec912014
P 0xec91283c
C 98
= 0xec7659bc
R
P 0xec9018c4
I 122
P 0xec9117d4
C 144
= 0xec91202c
R
P 0xec9018c4
P 0xec91202c
P 0xec91283c
C 100
= 0xec7659e0
R
P 0xec9018c4
P 0xec911d8c
P 0xec91283c
C 54
= 0xec765a04
R
P 0xec9018c4
U 2
P 0xec7659bc
P 0xec7659e0
p 2
C 61
= 0xec765a28
R
P 0xec9018c4
U 2
P 0xec765a04
P 0xec765a28
p 2
C 62
= 0xec765a4c
R
P 0xec9018c4
P 0xec938174
P 0xec765a4c
C 446
R
P 0xec9018c4
P 0xec765a4c
C 278
R
P 0xec9018c4
U 7
U 0
P 0xec765998
C 105
= 0xec91518c
R
P 0xec9018c4
P 0xec91283c
P 0xec91518c
C 104
= 0xec765adc
R
P 0xec9018c4
U 31
U 16
P 0xec765998
C 105
= 0xec9151ac
R
P 0xec9018c4
P 0xec9151ac
P 0xec765adc
C 104
= 0xec765b00
R
P 0xec9018c4
S "s\09186\093"
C 29
R
P 0xec9018c4
$ |s\09186\093|
P 0xec9117d4
C 49
= 0xec912854
R
P 0xec9018c4
I 97
P 0xec9117d4
C 144
= 0xec912014
R
P 0xec9018c4
P 0xec912014
P 0xec912854
C 98
= 0xec765b24
R
P 0xec9018c4
I 122
P 0xec9117d4
C 144
= 0xec91202c
R
P 0xec9018c4
P 0xec91202c
P 0xec912854
C 100
= 0xec765b48
R
P 0xec9018c4
P 0xec911d8c
P 0xec912854
C 54
= 0xec765b6c
R
P 0xec9018c4
U 2
P 0xec765b24
P 0xec765b48
p 2
C 61
= 0xec765b90
R
P 0xec9018c4
U 2
P 0xec765b6c
P 0xec765b90
p 2
C 62
= 0xec765bb4
R
P 0xec9018c4
P 0xec938174
P 0xec765bb4
C 446
R
P 0xec9018c4
P 0xec765bb4
C 278
R
P 0xec9018c4
U 15
U 0
P 0xec765b00
C 105
= 0xec9151ec
R
P 0xec9018c4
P 0xec912854
P 0xec9151ec
C 104
= 0xec765c44
R
P 0xec9018c4
U 31
U 24
P 0xec765b00
C 105
= 0xec91520c
R
P 0xec9018c4
P 0xec91520c
P 0xec765c44
C 104
= 0xec765c68
R
P 0xec9018c4
S "s\09187\093"
C 29
R
P 0xec9018c4
$ |s\09187\093|
P 0xec9117d4
C 49
= 0xec91286c
R
P 0xec9018c4
I 97
P 0xec9117d4
C 144
= 0xec912014
R
P 0xec9018c4
P 0xec912014
P 0xec91286c
C 98
= 0xec765c8c
R
P 0xec9018c4
I 122
P 0xec9117d4
C 144
= 0xec91202c
R
P 0xec9018c4
P 0xec91202c
P 0xec91286c
C 100
= 0xec765cb0
R
P 0xec9018c4
P 0xec911d8c
P 0xec91286c
C 54
= 0xec765cd4
R
P 0xec9018c4
U 2
P 0xec765c8c
P 0xec765cb0
p 2
C 61
= 0xec765cf8
R
P 0xec9018c4
U 2
P 0xec765cd4
P 0xec765cf8
p 2
C 62
= 0xec765d1c
R
P 0xec9018c4
P 0xec938174
P 0xec765d1c
C 446
R
P 0xec9018c4
P 0xec765d1c
C 278
R
P 0xec9018c4
U 23
U 0
P 0xec765c68
C 105
= 0xec91524c
R
P 0xec9018c4
P 0xec91286c
P 0xec91524c
C 104
= 0xec765dac
R
P 0xec9018c4
S "s\09188\093"
C 29
R
P 0xec9018c4
$ |s\09188\093|
P 0xec9117d4
C 49
= 0xec912884
R
P 0xec9018c4
I 97
P 0xec9117d4
C 144
= 0xec912014
R
P 0xec9018c4
P 0xec912014
P 0xec912884
C 98
= 0xec765dd0
R
P 0xec9018c4
I 122
P 0xec9117d4
C 144
= 0xec91202c
R
P 0xec9018c4
P 0xec91202c
P 0xec912884
C 100
= 0xec765df4
R
P 0xec9018c4
P 0xec911d8c
P 0xec912884
C 54
= 0xec765e18
R
P 0xec9018c4
U 2
P 0xec765dd0
P 0xec765df4
p 2
C 61
= 0xec765e3c
R
P 0xec9018c4
U 2
P 0xec765e18
P 0xec765e3c
p 2
C 62
= 0xec765e60
R
P 0xec9018c4
P 0xec938174
P 0xec765e60
C 446
R
P 0xec9018c4
P 0xec765e60
C 278
R
P 0xec9018c4
I 1111638594
P 0xec911a14
C 144
= 0xec912044
R
P 0xec9018c4
U 31
U 8
P 0xec912044
C 105
= 0xec9139ac
R
P 0xec9018c4
P 0xec9139ac
P 0xec912884
C 104
= 0xec765ef0
R
P 0xec9018c4
S "s\09189\093"
C 29
R
P 0xec9018c4
$ |s\09189\093|
P 0xec9117d4
C 49
= 0xec91289c
R
P 0xec9018c4
I 97
P 0xec9117d4
C 144
= 0xec912014
R
P 0xec9018c4
P 0xec912014
P 0xec91289c
C 98
= 0xec765f14
R
P 0xec9018c4
I 122
P 0xec9117d4
C 144
= 0xec91202c
R
P 0xec9018c4
P 0xec91202c
P 0xec91289c
C 100
= 0xec765f38
R
P 0xec9018c4
P 0xec911d8c
P 0xec91289c
C 54
= 0xec765f5c
R
P 0xec9018c4
U 2
P 0xec765f14
P 0xec765f38
p 2
C 61
= 0xec765f80
R
P 0xec9018c4
U 2
P 0xec765f5c
P 0xec765f80
p 2
C 62
= 0xec765fa4
R
P 0xec9018c4
P 0xec938174
P 0xec765fa4
C 446
R
P 0xec9018c4
P 0xec765fa4
C 278
R
P 0xec9018c4
U 7
U 0
P 0xec765ef0
C 105
= 0xec9152ac
R
P 0xec9018c4
P 0xec91289c
P 0xec9152ac
C 104
= 0xec766034
R
P 0xec9018c4
U 31
U 16
P 0xec765ef0
C 105
= 0xec9152cc
R
P 0xec9018c4
P 0xec9152cc
P 0xec766034
C 104
= 0xec766058
R
P 0xec9018c4
S "s\09190\093"
C 29
R
P 0xec9018c4
$ |s\09190\093|
P 0xec9117d4
C 49
= 0xec9128b4
R
P 0xec9018c4
I 97
P 0xec9117d4
C 144
= 0xec912014
R
P 0xec9018c4
P 0xec912014
P 0xec9128b4
C 98
= 0xec76607c
R
P 0xec9018c4
I 122
P 0xec9117d4
C 144
= 0xec91202c
R
P 0xec9018c4
P 0xec91202c
P 0xec9128b4
C 100
= 0xec7660a0
R
P 0xec9018c4
P 0xec911d8c
P 0xec9128b4
C 54
= 0xec7660c4
R
P 0xec9018c4
U 2
P 0xec76607c
P 0xec7660a0
p 2
C 61
= 0xec7660e8
R
P 0xec9018c4
U 2
P 0xec7660c4
P 0xec7660e8
p 2
C 62
= 0xec76610c
R
P 0xec9018c4
P 0xec938174
P 0xec76610c
C 446
R
P 0xec9018c4
P 0xec76610c
C 278
R
P 0xec9018c4
U 15
U 0
P 0xec766058
C 105
= 0xec91530c
R
P 0xec9018c4
P 0xec9128b4
P 0xec91530c
C 104
= 0xec76619c
R
P 0xec9018c4
U 31
U 24
P 0xec766058
C 105
= 0xec91532c
R
P 0xec9018c4
P 0xec91532c
P 0xec76619c
C 104
= 0xec7661c0
R
P 0xec9018c4
S "s\09191\093"
C 29
R
P 0xec9018c4
$ |s\09191\093|
P 0xec9117d4
C 49
= 0xec9128cc
R
P 0xec9018c4
I 97
P 0xec9117d4
C 144
= 0xec912014
R
P 0xec9018c4
P 0xec912014
P 0xec9128cc
C 98
= 0xec7661e4
R
P 0xec9018c4
I 122
P 0xec9117d4
C 144
= 0xec91202c
R
P 0xec9018c4
P 0xec91202c
P 0xec9128cc
C 100
= 0xec766208
R
P 0xec9018c4
P 0xec911d8c
P 0xec9128cc
C 54
= 0xec76622c
R
P 0xec9018c4
U 2
P 0xec7661e4
P 0xec766208
p 2
C 61
= 0xec766250
R
P 0xec9018c4
U 2
P 0xec76622c
P 0xec766250
p 2
C 62
= 0xec766274
R
P 0xec9018c4
P 0xec938174
P 0xec766274
C 446
R
P 0xec9018c4
P 0xec766274
C 278
R
P 0xec9018c4
U 23
U 0
P 0xec7661c0
C 105
= 0xec91536c
R
P 0xec9018c4
P 0xec9128cc
P 0xec91536c
C 104
= 0xec766304
R
P 0xec9018c4
S "s\09192\093"
C 29
R
P 0xec9018c4
$ |s\09192\093|
P 0xec9117d4
C 49
= 0xec9128e4
R
P 0xec9018c4
I 97
P 0xec9117d4
C 144
= 0xec912014
R
P 0xec9018c4
P 0xec912014
P 0xec9128e4
C 98
= 0xec76634c
R
P 0xec9018c4
I 122
P 0xec9117d4
C 144
= 0xec91202c
R
P 0xec9018c4
P 0xec91202c
P 0xec9128e4
C 100
= 0xec766370
R
P 0xec9018c4
P 0xec911d8c
P 0xec9128e4
C 54
= 0xec766394
R
P 0xec9018c4
U 2
P 0xec76634c
P 0xec766370
p 2
C 61
= 0xec7663b8
R
P 0xec9018c4
U 2
P 0xec766394
P 0xec7663b8
p 2
C 62
= 0xec7663dc
R
P 0xec9018c4
P 0xec938174
P 0xec7663dc
C 446
R
P 0xec9018c4
P 0xec7663dc
C 278
R
P 0xec9018c4
I 1111638594
P 0xec911a14
C 144
= 0xec912044
R
P 0xec9018c4
U 31
U 8
P 0xec912044
C 105
= 0xec9139ac
R
P 0xec9018c4
P 0xec9139ac
P 0xec9128e4
C 104
= 0xec76646c
R
P 0xec9018c4
S "s\09193\093"
C 29
R
P 0xec9018c4
$ |s\09193\093|
P 0xec9117d4
C 49
= 0xec9128fc
R
P 0xec9018c4
I 97
P 0xec9117d4
C 144
= 0xec912014
R
P 0xec9018c4
P 0xec912014
P 0xec9128fc
C 98
= 0xec766490
R
P 0xec9018c4
I 122
P 0xec9117d4
C 144
= 0xec91202c
R
P 0xec9018c4
P 0xec91202c
P 0xec9128fc
C 100
= 0xec7664b4
R
P 0xec9018c4
P 0xec911d8c
P 0xec9128fc
C 54
= 0xec7664d8
R
P 0xec9018c4
U 2
P 0xec766490
P 0xec7664b4
p 2
C 61
= 0xec7664fc
R
P 0xec9018c4
U 2
P 0xec7664d8
P 0xec7664fc
p 2
C 62
= 0xec766520
R
P 0xec9018c4
P 0xec938174
P 0xec766520
C 446
R
P 0xec9018c4
P 0xec766520
C 278
R
P 0xec9018c4
U 7
U 0
P 0xec76646c
C 105
= 0xec9153cc
R
P 0xec9018c4
P 0xec9128fc
P 0xec9153cc
C 104
= 0xec7665b0
R
P 0xec9018c4
U 31
U 16
P 0xec76646c
C 105
= 0xec9153ec
R
P 0xec9018c4
P 0xec9153ec
P 0xec7665b0
C 104
= 0xec7665d4
R
P 0xec9018c4
S "s\09194\093"
C 29
R
P 0xec9018c4
$ |s\09194\093|
P 0xec9117d4
C 49
= 0xec912914
R
P 0xec9018c4
I 97
P 0xec9117d4
C 144
= 0xec912014
R
P 0xec9018c4
P 0xec912014
P 0xec912914
C 98
= 0xec7665f8
R
P 0xec9018c4
I 122
P 0xec9117d4
C 144
= 0xec91202c
R
P 0xec9018c4
P 0xec91202c
P 0xec912914
C 100
= 0xec76661c
R
P 0xec9018c4
P 0xec911d8c
P 0xec912914
C 54
= 0xec766640
R
P 0xec9018c4
U 2
P 0xec7665f8
P 0xec76661c
p 2
C 61
= 0xec766664
R
P 0xec9018c4
U 2
P 0xec766640
P 0xec766664
p 2
C 62
= 0xec766688
R
P 0xec9018c4
P 0xec938174
P 0xec766688
C 446
R
P 0xec9018c4
P 0xec766688
C 278
R
P 0xec9018c4
U 15
U 0
P 0xec7665d4
C 105
= 0xec91542c
R
P 0xec9018c4
P 0xec912914
P 0xec91542c
C 104
= 0xec766718
R
P 0xec9018c4
U 31
U 24
P 0xec7665d4
C 105
= 0xec91544c
R
P 0xec9018c4
P 0xec91544c
P 0xec766718
C 104
= 0xec76673c
R
P 0xec9018c4
S "s\09195\093"
C 29
R
P 0xec9018c4
$ |s\09195\093|
P 0xec9117d4
C 49
= 0xec91292c
R
P 0xec9018c4
I 97
P 0xec9117d4
C 144
= 0xec912014
R
P 0xec9018c4
P 0xec912014
P 0xec91292c
C 98
= 0xec766760
R
P 0xec9018c4
I 122
P 0xec9117d4
C 144
= 0xec91202c
R
P 0xec9018c4
P 0xec91202c
P 0xec91292c
C 100
= 0xec766784
R
P 0xec9018c4
P 0xec911d8c
P 0xec91292c
C 54
= 0xec7667a8
R
P 0xec9018c4
U 2
P 0xec766760
P 0xec766784
p 2
C 61
= 0xec7667cc
R
P 0xec9018c4
U 2
P 0xec7667a8
P 0xec7667cc
p 2
C 62
= 0xec7667f0
R
P 0xec9018c4
P 0xec938174
P 0xec7667f0
C 446
R
P 0xec9018c4
P 0xec7667f0
C 278
R
P 0xec9018c4
U 23
U 0
P 0xec76673c
C 105
= 0xec91548c
R
P 0xec9018c4
P 0xec91292c
P 0xec91548c
C 104
= 0xec766880
R
P 0xec9018c4
S "s\09196\093"
C 29
R
P 0xec9018c4
$ |s\09196\093|
P 0xec9117d4
C 49
= 0xec912944
R
P 0xec9018c4
I 97
P 0xec9117d4
C 144
= 0xec912014
R
P 0xec9018c4
P 0xec912014
P 0xec912944
C 98
= 0xec7668a4
R
P 0xec9018c4
I 122
P 0xec9117d4
C 144
= 0xec91202c
R
P 0xec9018c4
P 0xec91202c
P 0xec912944
C 100
= 0xec7668c8
R
P 0xec9018c4
P 0xec911d8c
P 0xec912944
C 54
= 0xec7668ec
R
P 0xec9018c4
U 2
P 0xec7668a4
P 0xec7668c8
p 2
C 61
= 0xec766910
R
P 0xec9018c4
U 2
P 0xec7668ec
P 0xec766910
p 2
C 62
= 0xec766934
R
P 0xec9018c4
P 0xec938174
P 0xec766934
C 446
R
P 0xec9018c4
P 0xec766934
C 278
R
P 0xec9018c4
I 1111638594
P 0xec911a14
C 144
= 0xec912044
R
P 0xec9018c4
U 31
U 8
P 0xec912044
C 105
= 0xec9139ac
R
P 0xec9018c4
P 0xec9139ac
P 0xec912944
C 104
= 0xec7669c4
R
P 0xec9018c4
S "s\09197\093"
C 29
R
P 0xec9018c4
$ |s\09197\093|
P 0xec9117d4
C 49
= 0xec91295c
R
P 0xec9018c4
I 97
P 0xec9117d4
C 144
= 0xec912014
R
P 0xec9018c4
P 0xec912014
P 0xec91295c
C 98
= 0xec7669e8
R
P 0xec9018c4
I 122
P 0xec9117d4
C 144
= 0xec91202c
R
P 0xec9018c4
P 0xec91202c
P 0xec91295c
C 100
= 0xec766a0c
R
P 0xec9018c4
P 0xec911d8c
P 0xec91295c
C 54
= 0xec766a30
R
P 0xec9018c4
U 2
P 0xec7669e8
P 0xec766a0c
p 2
C 61
= 0xec766a54
R
P 0xec9018c4
U 2
P 0xec766a30
P 0xec766a54
p 2
C 62
= 0xec766a78
R
P 0xec9018c4
P 0xec938174
P 0xec766a78
C 446
R
P 0xec9018c4
P 0xec766a78
C 278
R
P 0xec9018c4
U 7
U 0
P 0xec7669c4
C 105
= 0xec9154ec
R
P 0xec9018c4
P 0xec91295c
P 0xec9154ec
C 104
= 0xec766b08
R
P 0xec9018c4
U 31
U 16
P 0xec7669c4
C 105
= 0xec91550c
R
P 0xec9018c4
P 0xec91550c
P 0xec766b08
C 104
= 0xec766b2c
R
P 0xec9018c4
S "s\09198\093"
C 29
R
P 0xec9018c4
$ |s\09198\093|
P 0xec9117d4
C 49
= 0xec912974
R
P 0xec9018c4
I 97
P 0xec9117d4
C 144
= 0xec912014
R
P 0xec9018c4
P 0xec912014
P 0xec912974
C 98
= 0xec766b50
R
P 0xec9018c4
I 122
P 0xec9117d4
C 144
= 0xec91202c
R
P 0xec9018c4
P 0xec91202c
P 0xec912974
C 100
= 0xec766b74
R
P 0xec9018c4
P 0xec911d8c
P 0xec912974
C 54
= 0xec766b98
R
P 0xec9018c4
U 2
P 0xec766b50
P 0xec766b74
p 2
C 61
= 0xec766bbc
R
P 0xec9018c4
U 2
P 0xec766b98
P 0xec766bbc
p 2
C 62
= 0xec766be0
R
P 0xec9018c4
P 0xec938174
P 0xec766be0
C 446
R
P 0xec9018c4
P 0xec766be0
C 278
R
P 0xec9018c4
U 15
U 0
P 0xec766b2c
C 105
= 0xec91554c
R
P 0xec9018c4
P 0xec912974
P 0xec91554c
C 104
= 0xec766c70
R
P 0xec9018c4
U 31
U 24
P 0xec766b2c
C 105
= 0xec91556c
R
P 0xec9018c4
P 0xec91556c
P 0xec766c70
C 104
= 0xec766c94
R
P 0xec9018c4
S "s\09199\093"
C 29
R
P 0xec9018c4
$ |s\09199\093|
P 0xec9117d4
C 49
= 0xec91298c
R
P 0xec9018c4
I 97
P 0xec9117d4
C 144
= 0xec912014
R
P 0xec9018c4
P 0xec912014
P 0xec91298c
C 98
= 0xec766cb8
R
P 0xec9018c4
I 122
P 0xec9117d4
C 144
= 0xec91202c
R
P 0xec9018c4
P 0xec91202c
P 0xec91298c
C 100
= 0xec766cdc
R
P 0xec9018c4
P 0xec911d8c
P 0xec91298c
C 54
= 0xec766d00
R
P 0xec9018c4
U 2
P 0xec766cb8
P 0xec766cdc
p 2
C 61
= 0xec766d24
R
P 0xec9018c4
U 2
P 0xec766d00
P 0xec766d24
p 2
C 62
= 0xec766d48
R
P 0xec9018c4
P 0xec938174
P 0xec766d48
C 446
R
P 0xec9018c4
P 0xec766d48
C 278
R
P 0xec9018c4
U 23
U 0
P 0xec766c94
C 105
= 0xec9155ac
R
P 0xec9018c4
P 0xec91298c
P 0xec9155ac
C 104
= 0xec766dd8
R
P 0xec9018c4
S "s\091100\093"
C 29
R
P 0xec9018c4
$ |s\091100\093|
P 0xec9117d4
C 49
= 0xec9129a4
R
P 0xec9018c4
I 97
P 0xec9117d4
C 144
= 0xec912014
R
P 0xec9018c4
P 0xec912014
P 0xec9129a4
C 98
= 0xec766dfc
R
P 0xec9018c4
I 122
P 0xec9117d4
C 144
= 0xec91202c
R
P 0xec9018c4
P 0xec91202c
P 0xec9129a4
C 100
= 0xec766e20
R
P 0xec9018c4
P 0xec911d8c
P 0xec9129a4
C 54
= 0xec766e44
R
P 0xec9018c4
U 2
P 0xec766dfc
P 0xec766e20
p 2
C 61
= 0xec766e68
R
P 0xec9018c4
U 2
P 0xec766e44
P 0xec766e68
p 2
C 62
= 0xec766e8c
R
P 0xec9018c4
P 0xec938174
P 0xec766e8c
C 446
R
P 0xec9018c4
P 0xec766e8c
C 278
R
P 0xec9018c4
I 10
P 0xec911a14
C 144
= 0xec9129bc
R
P 0xec9018c4
U 31
U 8
P 0xec9129bc
C 105
= 0xec77b36c
R
P 0xec9018c4
P 0xec77b36c
P 0xec9129a4
C 104
= 0xec766f1c
R
P 0xec9018c4
U 7
U 0
P 0xec918140
C 105
= 0xec77b38c
R
P 0xec9018c4
P 0xec77b38c
C 207
= 0xec9117d4
R
P 0xec9018c4
I 65
P 0xec9117d4
C 144
= 0xec9129d4
R
P 0xec9018c4
P 0xec9117d4
C 166
R
P 0xec9018c4
P 0xec77b38c
P 0xec9129d4
C 89
= 0xec766f40
R
P 0xec9018c4
C 297
R
P 0xec9018c4
I 84
P 0xec911a14
C 144
= 0xec9129ec
R
P 0xec9018c4
P 0xec911a14
C 166
R
P 0xec9018c4
I -153704916
P 0xec911a14
C 144
= 0xec912a04
R
P 0xec9018c4
P 0xec911a14
C 166
R
P 0xec9018c4
P 0xec766f40
C 207
= 0xec9117d4
R
P 0xec9018c4
I 0
P 0xec9117d4
C 144
= 0xec911d8c
R
P 0xec9018c4
P 0xec766f40
P 0xec911d8c
C 54
= 0xec766f64
R
P 0xec9018c4
P 0xec766f64
P 0xec911dd4
P 0xec911dbc
C 57
= 0xec915bc4
R
P 0xec9018c4
P 0xec915bc4
P 0xec911dd4
C 54
= 0xec766f88
R
P 0xec9018c4
C 52
= 0xec91166c
R
P 0xec9018c4
S "jump_symbol"
C 29
R
P 0xec9018c4
P 0xec915bc4
C 207
= 0xec91172c
R
P 0xec9018c4
$ |jump_symbol|
P 0xec91172c
C 49
= 0xec912a1c
R
P 0xec9018c4
P 0xec915bc4
P 0xec912a1c
C 54
= 0xec766fac
R
P 0xec9018c4
S "test-0"
S "QF_IDL"
S "sat"
S ""
U 1
P 0xec766fac
p 1
P 0xec91166c
C 283
R
P 0xec9018c4
U 15
U 8
P 0xec918140
C 105
= 0xec77b42c
R
P 0xec9018c4
P 0xec77b42c
C 207
= 0xec9117d4
R
P 0xec9018c4
I 66
P 0xec9117d4
C 144
= 0xec912a34
R
P 0xec9018c4
P 0xec9117d4
C 166
R
P 0xec9018c4
P 0xec77b42c
P 0xec912a34
C 89
= 0xec766ff4
R
P 0xec9018c4
C 297
R
P 0xec9018c4
I 24
P 0xec911a14
C 144
= 0xec912a4c
R
P 0xec9018c4
P 0xec911a14
C 166
R
P 0xec9018c4
I -153704904
P 0xec911a14
C 144
= 0xec912a64
R
P 0xec9018c4
P 0xec911a14
C 166
R
P 0xec9018c4
P 0xec766ff4
C 207
= 0xec9117d4
R
P 0xec9018c4
I 0
P 0xec9117d4
C 144
= 0xec911d8c
R
P 0xec9018c4
P 0xec766ff4
P 0xec911d8c
C 54
= 0xec767018
R
P 0xec9018c4
P 0xec767018
P 0xec911dd4
P 0xec911dbc
C 57
= 0xec915c14
R
P 0xec9018c4
P 0xec915c14
P 0xec911dd4
C 54
= 0xec76703c
R
P 0xec9018c4
C 52
= 0xec91166c
R
P 0xec9018c4
S "jump_symbol"
C 29
R
P 0xec9018c4
P 0xec915c14
C 207
= 0xec91172c
R
P 0xec9018c4
$ |jump_symbol|
P 0xec91172c
C 49
= 0xec912a1c
R
P 0xec9018c4
P 0xec915c14
P 0xec912a1c
C 54
= 0xec767060
R
P 0xec9018c4
S "test-1"
S "QF_IDL"
S "sat"
S ""
U 1
P 0xec767060
p 1
P 0xec91166c
C 283
R
P 0xec9018c4
U 23
U 16
P 0xec918140
C 105
= 0xec77b4ac
R
P 0xec9018c4
P 0xec77b4ac
C 207
= 0xec9117d4
R
P 0xec9018c4
I 52
P 0xec9117d4
C 144
= 0xec912a7c
R
P 0xec9018c4
P 0xec9117d4
C 166
R
P 0xec9018c4
P 0xec77b4ac
P 0xec912a7c
C 89
= 0xec7670a8
R
P 0xec9018c4
C 297
R
P 0xec9018c4
I 211
P 0xec911a14
C 144
= 0xec912a94
R
P 0xec9018c4
P 0xec911a14
C 166
R
P 0xec9018c4
I -153704859
P 0xec911a14
C 144
= 0xec912aac
R
P 0xec9018c4
P 0xec911a14
C 166
R
P 0xec9018c4
P 0xec7670a8
C 207
= 0xec9117d4
R
P 0xec9018c4
I 0
P 0xec9117d4
C 144
= 0xec911d8c
R
P 0xec9018c4
P 0xec7670a8
P 0xec911d8c
C 54
= 0xec7670cc
R
P 0xec9018c4
P 0xec7670cc
P 0xec911dd4
P 0xec911dbc
C 57
= 0xec915c3c
R
P 0xec9018c4
P 0xec915c3c
C 87
= 0xec77b52c
R
P 0xec9018c4
P 0xec77b52c
P 0xec911dd4
C 54
= 0xec767114
R
P 0xec9018c4
C 52
= 0xec91166c
R
P 0xec9018c4
S "jump_symbol"
C 29
R
P 0xec9018c4
P 0xec77b52c
C 207
= 0xec91172c
R
P 0xec9018c4
$ |jump_symbol|
P 0xec91172c
C 49
= 0xec912a1c
R
P 0xec9018c4
P 0xec77b52c
P 0xec912a1c
C 54
= 0xec767138
R
P 0xec9018c4
S "test-2"
S "QF_IDL"
S "sat"
S ""
U 1
P 0xec767138
p 1
P 0xec91166c
C 283
